Virtual User Script started at: 19-Sep-20 5:22:35 PM	[MsgId: MMSG-15967]
Starting action vuser_init.	[MsgId: MMSG-15919]
Web Turbo Replay of LoadRunner 2020.0.0 for Windows 10; build 793 (ноя 27 2019 19:51:20)  	[MsgId: MMSG-26983]
Run mode: HTML  	[MsgId: MMSG-26993]
Replay user agent: Mozilla/5.0 (compatible; MSIE 10.0; Windows NT 6.1; Trident/6.0)  	[MsgId: MMSG-26988]
Runtime Settings file: "C:\Users\john_\AppData\Local\Temp\lr5tmpdirYaC.502\lrcfgz62.503\cfgptk.510"  	[MsgId: MMSG-27141]
Ending action vuser_init.	[MsgId: MMSG-15918]
Running Vuser...	[MsgId: MMSG-15964]
Starting iteration 1.	[MsgId: MMSG-15968]
Maximum number of concurrent connections per server: 6  	[MsgId: MMSG-26989]
Starting action Action.	[MsgId: MMSG-15919]
Action.c(5): Notify: Transaction "04_BuyTicket" started.	[MsgId: MMSG-16999]
Action.c(7): Notify: Transaction "loadWebTours" started.	[MsgId: MMSG-16999]
Action.c(10): web_add_auto_header("Sec-Fetch-Site") started  	[MsgId: MMSG-26355]
Action.c(10): web_add_auto_header("Sec-Fetch-Site") was successful  	[MsgId: MMSG-26392]
Action.c(13): web_add_auto_header("Sec-Fetch-Dest") started  	[MsgId: MMSG-26355]
Action.c(13): web_add_auto_header("Sec-Fetch-Dest") was successful  	[MsgId: MMSG-26392]
Action.c(16): web_add_auto_header("Sec-Fetch-Mode") started  	[MsgId: MMSG-26355]
Action.c(16): web_add_auto_header("Sec-Fetch-Mode") was successful  	[MsgId: MMSG-26392]
Action.c(19): web_add_auto_header("DNT") started  	[MsgId: MMSG-26355]
Action.c(19): web_add_auto_header("DNT") was successful  	[MsgId: MMSG-26392]
Action.c(22): web_add_auto_header("Sec-Fetch-User") started  	[MsgId: MMSG-26355]
Action.c(22): web_add_auto_header("Sec-Fetch-User") was successful  	[MsgId: MMSG-26392]
Action.c(25): web_add_auto_header("Upgrade-Insecure-Requests") started  	[MsgId: MMSG-26355]
Action.c(25): web_add_auto_header("Upgrade-Insecure-Requests") was successful  	[MsgId: MMSG-26392]
Action.c(34): web_reg_save_param_attrib started  	[MsgId: MMSG-26355]
Action.c(34): Registering web_reg_save_param_attrib was successful  	[MsgId: MMSG-26390]
Action.c(44): web_reg_find started  	[MsgId: MMSG-26355]
Action.c(44): Registering web_reg_find was successful  	[MsgId: MMSG-26390]
Action.c(49): web_url("WebTours") started  	[MsgId: MMSG-26355]
Action.c(49): Error -27792: Failed to connect to server "localhost:1080": [10061] Connection refused  	[MsgId: MERR-27792]
Action.c(49): Notify: Saving Parameter "userSession = ".	[MsgId: MMSG-13798]
Action.c(49): Error -35048: No match found for the requested parameter "userSession". Check whether the tag with specific attributes exists in the response data  	[MsgId: MERR-35048]
Action.c(49): Error -26366: "Text=A Session ID has been created" not found for web_reg_find  	[MsgId: MERR-26366]
Action.c(49): Error -26374: The above "not found" error(s) may be explained by header and body byte counts being 0 and 0, respectively.  	[MsgId: MERR-26374]
Action.c(49): web_url("WebTours") highest severity level was "ERROR", 0 body bytes, 0 header bytes  	[MsgId: MMSG-26388]
Action.c(49): Notify: Transaction "loadWebTours" ended with a "Fail" status (Duration: 2.0043 Wasted Time: 0.0002).	[MsgId: MMSG-16871]
Action.c(49): Notify: Transaction "loadWebTours" has 3 error message(s).	[MsgId: MMSG-16818]
Action.c(49): Notify: The 1st error message associated with transaction "loadWebTours" is "Error -27792: Failed to connect to server "localhost:1080": [10061] Connection refused"	[MsgId: MMSG-16819]
Action.c(49): Notify: The 2nd error message associated with transaction "loadWebTours" is "Error -26366: "Text=A Session ID has been created" not found for web_reg_find"	[MsgId: MMSG-16819]
Action.c(49): Notify: The 3rd error message associated with transaction "loadWebTours" is "Error -26374: The above "not found" error(s) may be explained by header and body byte counts being 0 and 0, respectively."	[MsgId: MMSG-16819]
Action.c(49): Notify: Transaction "04_BuyTicket" ended with a "Fail" status (Duration: 2.0044 Wasted Time: 0.0002).	[MsgId: MMSG-16871]
Action.c(49): Notify: Transaction "04_BuyTicket" has 3 error message(s).	[MsgId: MMSG-16818]
Action.c(49): Notify: The 1st error message associated with transaction "04_BuyTicket" is "Error -27792: Failed to connect to server "localhost:1080": [10061] Connection refused"	[MsgId: MMSG-16819]
Action.c(49): Notify: The 2nd error message associated with transaction "04_BuyTicket" is "Error -26366: "Text=A Session ID has been created" not found for web_reg_find"	[MsgId: MMSG-16819]
Action.c(49): Notify: The 3rd error message associated with transaction "04_BuyTicket" is "Error -26374: The above "not found" error(s) may be explained by header and body byte counts being 0 and 0, respectively."	[MsgId: MMSG-16819]
Ending action Action.	[MsgId: MMSG-15918]
Ending iteration 1.	[MsgId: MMSG-15965]
Starting iteration 2.	[MsgId: MMSG-15968]
Notify: Next row for parameter creditCard = 2 [table  = creditCard].	[MsgId: MMSG-13876]
Notify: Getting new value for parameter 'creditCard': table = '..\Parameters\creditCard.dat' column = '0' row = '2'.	[MsgId: MMSG-13877]
Notify: Next row for parameter seatPref = 2 [table  = seatPref].	[MsgId: MMSG-13876]
Notify: Getting new value for parameter 'seatPref': table = '..\Parameters\seatPref.dat' column = '0' row = '2'.	[MsgId: MMSG-13877]
Notify: Next row for parameter seatType = 2 [table  = seatType].	[MsgId: MMSG-13876]
Notify: Getting new value for parameter 'seatType': table = '..\Parameters\seatType.dat' column = '0' row = '2'.	[MsgId: MMSG-13877]
Notify: Next row for parameter depart = 2 [table  = depart].	[MsgId: MMSG-13876]
Notify: Getting new value for parameter 'depart': table = '..\Parameters\depart.dat' column = '0' row = '2'.	[MsgId: MMSG-13877]
Notify: Next row for parameter login = 2 [table  = login].	[MsgId: MMSG-13876]
Notify: Getting new value for parameter 'login': table = '..\Parameters\login.dat' column = '0' row = '2'.	[MsgId: MMSG-13877]
Notify: Next row for parameter lastName = 2 [table  = lastName].	[MsgId: MMSG-13876]
Notify: Getting new value for parameter 'lastName': table = '..\Parameters\login.dat' column = '3' row = '2'.	[MsgId: MMSG-13877]
Notify: Next row for parameter password = 2 [table  = password].	[MsgId: MMSG-13876]
Notify: Getting new value for parameter 'password': table = '..\Parameters\login.dat' column = '1' row = '2'.	[MsgId: MMSG-13877]
Notify: Next row for parameter expDate = 2 [table  = expDate].	[MsgId: MMSG-13876]
Notify: Getting new value for parameter 'expDate': table = '..\Parameters\creditCard.dat' column = '1' row = '2'.	[MsgId: MMSG-13877]
Notify: Next row for parameter address2 = 2 [table  = address2].	[MsgId: MMSG-13876]
Notify: Getting new value for parameter 'address2': table = '..\Parameters\login.dat' column = '5' row = '2'.	[MsgId: MMSG-13877]
Notify: Next row for parameter arrive = 2 [table  = arrive].	[MsgId: MMSG-13876]
Notify: Getting new value for parameter 'arrive': table = '..\Parameters\depart.dat' column = '1' row = '2'.	[MsgId: MMSG-13877]
Notify: Next row for parameter address1 = 2 [table  = address1].	[MsgId: MMSG-13876]
Notify: Getting new value for parameter 'address1': table = '..\Parameters\login.dat' column = '4' row = '2'.	[MsgId: MMSG-13877]
Notify: Next row for parameter firstName = 2 [table  = firstName].	[MsgId: MMSG-13876]
Notify: Getting new value for parameter 'firstName': table = '..\Parameters\login.dat' column = '2' row = '2'.	[MsgId: MMSG-13877]
Starting action Action.	[MsgId: MMSG-15919]
Action.c(5): Notify: Transaction "04_BuyTicket" started.	[MsgId: MMSG-16999]
Action.c(7): Notify: Transaction "loadWebTours" started.	[MsgId: MMSG-16999]
Action.c(10): web_add_auto_header("Sec-Fetch-Site") started  	[MsgId: MMSG-26355]
Action.c(10): web_add_auto_header("Sec-Fetch-Site") was successful  	[MsgId: MMSG-26392]
Action.c(13): web_add_auto_header("Sec-Fetch-Dest") started  	[MsgId: MMSG-26355]
Action.c(13): web_add_auto_header("Sec-Fetch-Dest") was successful  	[MsgId: MMSG-26392]
Action.c(16): web_add_auto_header("Sec-Fetch-Mode") started  	[MsgId: MMSG-26355]
Action.c(16): web_add_auto_header("Sec-Fetch-Mode") was successful  	[MsgId: MMSG-26392]
Action.c(19): web_add_auto_header("DNT") started  	[MsgId: MMSG-26355]
Action.c(19): web_add_auto_header("DNT") was successful  	[MsgId: MMSG-26392]
Action.c(22): web_add_auto_header("Sec-Fetch-User") started  	[MsgId: MMSG-26355]
Action.c(22): web_add_auto_header("Sec-Fetch-User") was successful  	[MsgId: MMSG-26392]
Action.c(25): web_add_auto_header("Upgrade-Insecure-Requests") started  	[MsgId: MMSG-26355]
Action.c(25): web_add_auto_header("Upgrade-Insecure-Requests") was successful  	[MsgId: MMSG-26392]
Action.c(34): web_reg_save_param_attrib started  	[MsgId: MMSG-26355]
Action.c(34): Registering web_reg_save_param_attrib was successful  	[MsgId: MMSG-26390]
Action.c(44): web_reg_find started  	[MsgId: MMSG-26355]
Action.c(44): Registering web_reg_find was successful  	[MsgId: MMSG-26390]
Action.c(49): web_url("WebTours") started  	[MsgId: MMSG-26355]
Action.c(49): Error -27792: Failed to connect to server "localhost:1080": [10061] Connection refused  	[MsgId: MERR-27792]
Action.c(49): Notify: Saving Parameter "userSession = ".	[MsgId: MMSG-13798]
Action.c(49): Error -35048: No match found for the requested parameter "userSession". Check whether the tag with specific attributes exists in the response data  	[MsgId: MERR-35048]
Action.c(49): Error -26366: "Text=A Session ID has been created" not found for web_reg_find  	[MsgId: MERR-26366]
Action.c(49): Error -26374: The above "not found" error(s) may be explained by header and body byte counts being 0 and 0, respectively.  	[MsgId: MERR-26374]
Action.c(49): web_url("WebTours") highest severity level was "ERROR", 0 body bytes, 0 header bytes  	[MsgId: MMSG-26388]
Action.c(49): Notify: Transaction "loadWebTours" ended with a "Fail" status (Duration: 2.0033 Wasted Time: 0.0001).	[MsgId: MMSG-16871]
Action.c(49): Notify: Transaction "loadWebTours" has 3 error message(s).	[MsgId: MMSG-16818]
Action.c(49): Notify: The 1st error message associated with transaction "loadWebTours" is "Error -27792: Failed to connect to server "localhost:1080": [10061] Connection refused"	[MsgId: MMSG-16819]
Action.c(49): Notify: The 2nd error message associated with transaction "loadWebTours" is "Error -26366: "Text=A Session ID has been created" not found for web_reg_find"	[MsgId: MMSG-16819]
Action.c(49): Notify: The 3rd error message associated with transaction "loadWebTours" is "Error -26374: The above "not found" error(s) may be explained by header and body byte counts being 0 and 0, respectively."	[MsgId: MMSG-16819]
Action.c(49): Notify: Transaction "04_BuyTicket" ended with a "Fail" status (Duration: 2.0033 Wasted Time: 0.0001).	[MsgId: MMSG-16871]
Action.c(49): Notify: Transaction "04_BuyTicket" has 3 error message(s).	[MsgId: MMSG-16818]
Action.c(49): Notify: The 1st error message associated with transaction "04_BuyTicket" is "Error -27792: Failed to connect to server "localhost:1080": [10061] Connection refused"	[MsgId: MMSG-16819]
Action.c(49): Notify: The 2nd error message associated with transaction "04_BuyTicket" is "Error -26366: "Text=A Session ID has been created" not found for web_reg_find"	[MsgId: MMSG-16819]
Action.c(49): Notify: The 3rd error message associated with transaction "04_BuyTicket" is "Error -26374: The above "not found" error(s) may be explained by header and body byte counts being 0 and 0, respectively."	[MsgId: MMSG-16819]
Ending action Action.	[MsgId: MMSG-15918]
Ending iteration 2.	[MsgId: MMSG-15965]
Starting iteration 3.	[MsgId: MMSG-15968]
Notify: Next row for parameter creditCard = 3 [table  = creditCard].	[MsgId: MMSG-13876]
Notify: Getting new value for parameter 'creditCard': table = '..\Parameters\creditCard.dat' column = '0' row = '3'.	[MsgId: MMSG-13877]
Notify: Next row for parameter seatPref = 3 [table  = seatPref].	[MsgId: MMSG-13876]
Notify: Getting new value for parameter 'seatPref': table = '..\Parameters\seatPref.dat' column = '0' row = '3'.	[MsgId: MMSG-13877]
Notify: Next row for parameter seatType = 3 [table  = seatType].	[MsgId: MMSG-13876]
Notify: Getting new value for parameter 'seatType': table = '..\Parameters\seatType.dat' column = '0' row = '3'.	[MsgId: MMSG-13877]
Notify: Next row for parameter depart = 3 [table  = depart].	[MsgId: MMSG-13876]
Notify: Getting new value for parameter 'depart': table = '..\Parameters\depart.dat' column = '0' row = '3'.	[MsgId: MMSG-13877]
Notify: Next row for parameter login = 3 [table  = login].	[MsgId: MMSG-13876]
Notify: Getting new value for parameter 'login': table = '..\Parameters\login.dat' column = '0' row = '3'.	[MsgId: MMSG-13877]
Notify: Next row for parameter lastName = 3 [table  = lastName].	[MsgId: MMSG-13876]
Notify: Getting new value for parameter 'lastName': table = '..\Parameters\login.dat' column = '3' row = '3'.	[MsgId: MMSG-13877]
Notify: Next row for parameter password = 3 [table  = password].	[MsgId: MMSG-13876]
Notify: Getting new value for parameter 'password': table = '..\Parameters\login.dat' column = '1' row = '3'.	[MsgId: MMSG-13877]
Notify: Next row for parameter expDate = 3 [table  = expDate].	[MsgId: MMSG-13876]
Notify: Getting new value for parameter 'expDate': table = '..\Parameters\creditCard.dat' column = '1' row = '3'.	[MsgId: MMSG-13877]
Notify: Next row for parameter address2 = 3 [table  = address2].	[MsgId: MMSG-13876]
Notify: Getting new value for parameter 'address2': table = '..\Parameters\login.dat' column = '5' row = '3'.	[MsgId: MMSG-13877]
Notify: Next row for parameter arrive = 3 [table  = arrive].	[MsgId: MMSG-13876]
Notify: Getting new value for parameter 'arrive': table = '..\Parameters\depart.dat' column = '1' row = '3'.	[MsgId: MMSG-13877]
Notify: Next row for parameter address1 = 3 [table  = address1].	[MsgId: MMSG-13876]
Notify: Getting new value for parameter 'address1': table = '..\Parameters\login.dat' column = '4' row = '3'.	[MsgId: MMSG-13877]
Notify: Next row for parameter firstName = 3 [table  = firstName].	[MsgId: MMSG-13876]
Notify: Getting new value for parameter 'firstName': table = '..\Parameters\login.dat' column = '2' row = '3'.	[MsgId: MMSG-13877]
Starting action Action.	[MsgId: MMSG-15919]
Action.c(5): Notify: Transaction "04_BuyTicket" started.	[MsgId: MMSG-16999]
Action.c(7): Notify: Transaction "loadWebTours" started.	[MsgId: MMSG-16999]
Action.c(10): web_add_auto_header("Sec-Fetch-Site") started  	[MsgId: MMSG-26355]
Action.c(10): web_add_auto_header("Sec-Fetch-Site") was successful  	[MsgId: MMSG-26392]
Action.c(13): web_add_auto_header("Sec-Fetch-Dest") started  	[MsgId: MMSG-26355]
Action.c(13): web_add_auto_header("Sec-Fetch-Dest") was successful  	[MsgId: MMSG-26392]
Action.c(16): web_add_auto_header("Sec-Fetch-Mode") started  	[MsgId: MMSG-26355]
Action.c(16): web_add_auto_header("Sec-Fetch-Mode") was successful  	[MsgId: MMSG-26392]
Action.c(19): web_add_auto_header("DNT") started  	[MsgId: MMSG-26355]
Action.c(19): web_add_auto_header("DNT") was successful  	[MsgId: MMSG-26392]
Action.c(22): web_add_auto_header("Sec-Fetch-User") started  	[MsgId: MMSG-26355]
Action.c(22): web_add_auto_header("Sec-Fetch-User") was successful  	[MsgId: MMSG-26392]
Action.c(25): web_add_auto_header("Upgrade-Insecure-Requests") started  	[MsgId: MMSG-26355]
Action.c(25): web_add_auto_header("Upgrade-Insecure-Requests") was successful  	[MsgId: MMSG-26392]
Action.c(34): web_reg_save_param_attrib started  	[MsgId: MMSG-26355]
Action.c(34): Registering web_reg_save_param_attrib was successful  	[MsgId: MMSG-26390]
Action.c(44): web_reg_find started  	[MsgId: MMSG-26355]
Action.c(44): Registering web_reg_find was successful  	[MsgId: MMSG-26390]
Action.c(49): web_url("WebTours") started  	[MsgId: MMSG-26355]
Action.c(49): Error -27792: Failed to connect to server "localhost:1080": [10061] Connection refused  	[MsgId: MERR-27792]
Action.c(49): Notify: Saving Parameter "userSession = ".	[MsgId: MMSG-13798]
Action.c(49): Error -35048: No match found for the requested parameter "userSession". Check whether the tag with specific attributes exists in the response data  	[MsgId: MERR-35048]
Action.c(49): Error -26366: "Text=A Session ID has been created" not found for web_reg_find  	[MsgId: MERR-26366]
Action.c(49): Error -26374: The above "not found" error(s) may be explained by header and body byte counts being 0 and 0, respectively.  	[MsgId: MERR-26374]
Action.c(49): web_url("WebTours") highest severity level was "ERROR", 0 body bytes, 0 header bytes  	[MsgId: MMSG-26388]
Action.c(49): Notify: Transaction "loadWebTours" ended with a "Fail" status (Duration: 2.0034 Wasted Time: 0.0001).	[MsgId: MMSG-16871]
Action.c(49): Notify: Transaction "loadWebTours" has 3 error message(s).	[MsgId: MMSG-16818]
Action.c(49): Notify: The 1st error message associated with transaction "loadWebTours" is "Error -27792: Failed to connect to server "localhost:1080": [10061] Connection refused"	[MsgId: MMSG-16819]
Action.c(49): Notify: The 2nd error message associated with transaction "loadWebTours" is "Error -26366: "Text=A Session ID has been created" not found for web_reg_find"	[MsgId: MMSG-16819]
Action.c(49): Notify: The 3rd error message associated with transaction "loadWebTours" is "Error -26374: The above "not found" error(s) may be explained by header and body byte counts being 0 and 0, respectively."	[MsgId: MMSG-16819]
Action.c(49): Notify: Transaction "04_BuyTicket" ended with a "Fail" status (Duration: 2.0034 Wasted Time: 0.0001).	[MsgId: MMSG-16871]
Action.c(49): Notify: Transaction "04_BuyTicket" has 3 error message(s).	[MsgId: MMSG-16818]
Action.c(49): Notify: The 1st error message associated with transaction "04_BuyTicket" is "Error -27792: Failed to connect to server "localhost:1080": [10061] Connection refused"	[MsgId: MMSG-16819]
Action.c(49): Notify: The 2nd error message associated with transaction "04_BuyTicket" is "Error -26366: "Text=A Session ID has been created" not found for web_reg_find"	[MsgId: MMSG-16819]
Action.c(49): Notify: The 3rd error message associated with transaction "04_BuyTicket" is "Error -26374: The above "not found" error(s) may be explained by header and body byte counts being 0 and 0, respectively."	[MsgId: MMSG-16819]
Ending action Action.	[MsgId: MMSG-15918]
Action was aborted.	[MsgId: MMSG-10694]
Ending Vuser...	[MsgId: MMSG-15966]
Starting action vuser_end.	[MsgId: MMSG-15919]
Ending action vuser_end.	[MsgId: MMSG-15918]
Vuser Terminated.	[MsgId: MMSG-15963]
Vuser 0 (thread 12812), ended OK."	[MsgId: MMSG-10695]
