submit_form.c(3):           </td></tr></table></center>\n
submit_form.c(3):       </TD>\n
submit_form.c(3):       <TD width="5%" >.<br/>.<br/>.<br/>.</TD>\n
submit_form.c(3):       <TD width="45%" valign=top><b>Invoice sent to:</b><br/>\n
submit_form.c(3):           <center>\n
submit_form.c(3):           <Table width="80%" cellspacing="0" > <tr> <td>\n
submit_form.c(3):               Jojo3 \n
submit_form.c(3):     <br/>\n
submit_form.c(3):               Fourth str<br/>\n
submit_form.c(3):               Los Angeles 123459<br/>\n
submit_form.c(3):               <br/>\n
submit_form.c(3):               Total Charge: $ 1495 <BR/> (CC: x-4444)\n
submit_form.c(3):           </td> </tr> </table>\n
submit_form.c(3):           </center>\n
submit_form.c(3):       </TD>\n
submit_form.c(3):     </TR>\n
submit_form.c(3):     <TR bgcolor="#EFF2F7">\n
submit_form.c(3):       <TD COLSPAN="3">\n
submit_form.c(3):       <b>Flight Details:</b><BR/>  <center>\n
submit_form.c(3):       09/20/2020\n
submit_form.c(3):      :  11pm : Flight 343 leaves Los Angeles  for Paris.<br>  09/27/2020\n
submit_form.c(3):      :  8am : Flight 430 leaves Paris  for Los Angeles.<br>  </center>\n
submit_form.c(3):       </TD>\n
submit_form.c(3):     </TR>\n
submit_form.c(3):     \n
submit_form.c(3):     <TR bgcolor="#EFF2F7">\n
submit_form.c(3):       <TD COLSPAN="4">\n
submit_form.c(3):       <hr/>\n
submit_form.c(3):       </TD>\n
submit_form.c(3):     </TR>\n
submit_form.c(3):     \n
submit_form.c(3):     <!-- Flight #1 -->\n
submit_form.c(3):     <TR bgcolor="#EFF2F7">\n
submit_form.c(3):       <TD width="5%" rowspan="2" align="left" valign="top">\n
submit_form.c(3):     <b>\n
submit_form.c(3):     <label><input type="checkbox" name="40" value="on" /></label></font></b>\n
submit_form.c(3):     <input type="hidden" name="flightID" value="164605321-31100230-J&#10;"  />\n
submit_form.c(3):       </TD>\n
submit_form.c(3):       <TD width="45%" valign="top">\n
submit_form.c(3):           <b>&nbsp;&nbsp;2 First class tickets for :</b><br/>\n
submit_form.c(3):           <center><table border="0" width="85%"><tr><td>\n
submit_form.c(3):           <li><i>Jojo3       <li><i>Jojo31 \n
submit_form.c(3):           <li><i></i>\n
submit_form.c(3):           </td></tr></table></center>\n
submit_form.c(3):       </TD>\n
submit_form.c(3):       <TD width="5%" >.<br/>.<br/>.<br/>.</TD>\n
submit_form.c(3):       <TD width="45%" valign=top><b>Invoice sent to:</b><br/>\n
submit_form.c(3):           <center>\n
submit_form.c(3):           <Table width="80%" cellspacing="0" > <tr> <td>\n
submit_form.c(3):               Jojo3 \n
submit_form.c(3):     <br/>\n
submit_form.c(3):               Fourth str<br/>\n
submit_form.c(3):               Los Angeles 123459<br/>\n
submit_form.c(3):               <br/>\n
submit_form.c(3):               Total Charge: $ 2990 <BR/> (CC: x-4444)\n
submit_form.c(3):           </td> </tr> </table>\n
submit_form.c(3):           </center>\n
submit_form.c(3):       </TD>\n
submit_form.c(3):     </TR>\n
submit_form.c(3):     <TR bgcolor="#EFF2F7">\n
submit_form.c(3):       <TD COLSPAN="3">\n
submit_form.c(3):       <b>Flight Details:</b><BR/>  <center>\n
submit_form.c(3):       09/20/2020\n
submit_form.c(3):      :  11pm : Flight 343 leaves Los Angeles  for Paris.<br>  09/27/2020\n
submit_form.c(3):      :  8am : Flight 430 leaves Paris  for Los Angeles.<br>  </center>\n
submit_form.c(3):       </TD>\n
submit_form.c(3):     </TR>\n
submit_form.c(3):     \n
submit_form.c(3):     <TR bgcolor="#EFF2F7">\n
submit_form.c(3):       <TD COLSPAN="4">\n
submit_form.c(3):       <hr/>\n
submit_form.c(3):       </TD>\n
submit_form.c(3):     </TR>\n
submit_form.c(3):     \n
submit_form.c(3):     <!-- Flight #1 -->\n
submit_form.c(3):     <TR bgcolor="#EFF2F7">\n
submit_form.c(3):       <TD width="5%" rowspan="2" align="left" valign="top">\n
submit_form.c(3):     <b>\n
submit_form.c(3):     <label><input type="checkbox" name="41" value="on" /></label></font></b>\n
submit_form.c(3):     <input type="hidden" name="flightID" value="164605321-31869345-J&#10;"  />\n
submit_form.c(3):       </TD>\n
submit_form.c(3):       <TD width="45%" valign="top">\n
submit_form.c(3):           <b>&nbsp;&nbsp;A First class ticket for :</b><br/>\n
submit_form.c(3):           <center><table border="0" width="85%"><tr><td>\n
submit_form.c(3):           <li><i>Jojo3 \n
submit_form.c(3):           <li><i></i>\n
submit_form.c(3):           </td></tr></table></center>\n
submit_form.c(3):       </TD>\n
submit_form.c(3):       <TD width="5%" >.<br/>.<br/>.<br/>.</TD>\n
submit_form.c(3):       <TD width="45%" valign=top><b>Invoice sent to:</b><br/>\n
submit_form.c(3):           <center>\n
submit_form.c(3):           <Table width="80%" cellspacing="0" > <tr> <td>\n
submit_form.c(3):               Jojo3 \n
submit_form.c(3):     <br/>\n
submit_form.c(3):               Fourth str<br/>\n
submit_form.c(3):               Los Angeles 123459<br/>\n
submit_form.c(3):               <br/>\n
submit_form.c(3):               Total Charge: $ 1495 <BR/> (CC: x-4444)\n
submit_form.c(3):           </td> </tr> </table>\n
submit_form.c(3):           </center>\n
submit_form.c(3):       </TD>\n
submit_form.c(3):     </TR>\n
submit_form.c(3):     <TR bgcolor="#EFF2F7">\n
submit_form.c(3):       <TD COLSPAN="3">\n
submit_form.c(3):       <b>Flight Details:</b><BR/>  <center>\n
submit_form.c(3):       09/20/2020\n
submit_form.c(3):      :  11pm : Flight 343 leaves Los Angeles  for Paris.<br>  09/27/2020\n
submit_form.c(3):      :  8am : Flight 430 leaves Paris  for Los Angeles.<br>  </center>\n
submit_form.c(3):       </TD>\n
submit_form.c(3):     </TR>\n
submit_form.c(3):     \n
submit_form.c(3):     <TR bgcolor="#EFF2F7">\n
submit_form.c(3):       <TD COLSPAN="4">\n
submit_form.c(3):       <hr/>\n
submit_form.c(3):       </TD>\n
submit_form.c(3):     </TR>\n
submit_form.c(3):     \n
submit_form.c(3):     <!-- Flight #1 -->\n
submit_form.c(3):     <TR bgcolor="#EFF2F7">\n
submit_form.c(3):       <TD width="5%" rowspan="2" align="left" valign="top">\n
submit_form.c(3):     <b>\n
submit_form.c(3):     <label><input type="checkbox" name="42" value="on" /></label></font></b>\n
submit_form.c(3):     <input type="hidden" name="flightID" value="164605321-32638691-J&#10;"  />\n
submit_form.c(3):       </TD>\n
submit_form.c(3):       <TD width="45%" valign="top">\n
submit_form.c(3):           <b>&nbsp;&nbsp;2 First class tickets for :</b><br/>\n
submit_form.c(3):           <center><table border="0" width="85%"><tr><td>\n
submit_form.c(3):           <li><i>Jojo3       <li><i>Jojo31 \n
submit_form.c(3):           <li><i></i>\n
submit_form.c(3):           </td></tr></table></center>\n
submit_form.c(3):       </TD>\n
submit_form.c(3):       <TD width="5%" >.<br/>.<br/>.<br/>.</TD>\n
submit_form.c(3):       <TD width="45%" valign=top><b>Invoice sent to:</b><br/>\n
submit_form.c(3):           <center>\n
submit_form.c(3):           <Table width="80%" cellspacing="0" > <tr> <td>\n
submit_form.c(3):               Jojo3 \n
submit_form.c(3):     <br/>\n
submit_form.c(3):               Fourth str<br/>\n
submit_form.c(3):               Los Angeles 123459<br/>\n
submit_form.c(3):               <br/>\n
submit_form.c(3):               Total Charge: $ 2990 <BR/> (CC: x-4444)\n
submit_form.c(3):           </td> </tr> </table>\n
submit_form.c(3):           </center>\n
submit_form.c(3):       </TD>\n
submit_form.c(3):     </TR>\n
submit_form.c(3):     <TR bgcolor="#EFF2F7">\n
submit_form.c(3):       <TD COLSPAN="3">\n
submit_form.c(3):       <b>Flight Details:</b><BR/>  <center>\n
submit_form.c(3):       09/20/2020\n
submit_form.c(3):      :  11pm : Flight 343 leaves Los Angeles  for Paris.<br>  09/27/2020\n
submit_form.c(3):      :  8am : Flight 430 leaves Paris  for Los Angeles.<br>  </center>\n
submit_form.c(3):       </TD>\n
submit_form.c(3):     </TR>\n
submit_form.c(3):     \n
submit_form.c(3):     <TR bgcolor="#EFF2F7">\n
submit_form.c(3):       <TD COLSPAN="4">\n
submit_form.c(3):       <hr/>\n
submit_form.c(3):       </TD>\n
submit_form.c(3):     </TR>\n
submit_form.c(3):     \n
submit_form.c(3):     <!-- Flight #1 -->\n
submit_form.c(3):     <TR bgcolor="#EFF2F7">\n
submit_form.c(3):       <TD width="5%" rowspan="2" align="left" valign="top">\n
submit_form.c(3):     <b>\n
submit_form.c(3):     <label><input type="checkbox" name="43" value="on" /></label></font></b>\n
submit_form.c(3):     <input type="hidden" name="flightID" value="164605321-33407807-J&#10;"  />\n
submit_form.c(3):       </TD>\n
submit_form.c(3):       <TD width="45%" valign="top">\n
submit_form.c(3):           <b>&nbsp;&nbsp;A First class ticket for :</b><br/>\n
submit_form.c(3):           <center><table border="0" width="85%"><tr><td>\n
submit_form.c(3):           <li><i>Jojo3 \n
submit_form.c(3):           <li><i></i>\n
submit_form.c(3):           </td></tr></table></center>\n
submit_form.c(3):       </TD>\n
submit_form.c(3):       <TD width="5%" >.<br/>.<br/>.<br/>.</TD>\n
submit_form.c(3):       <TD width="45%" valign=top><b>Invoice sent to:</b><br/>\n
submit_form.c(3):           <center>\n
submit_form.c(3):           <Table width="80%" cellspacing="0" > <tr> <td>\n
submit_form.c(3):               Jojo3 \n
submit_form.c(3):     <br/>\n
submit_form.c(3):               Fourth str<br/>\n
submit_form.c(3):               Los Angeles 123459<br/>\n
submit_form.c(3):               <br/>\n
submit_form.c(3):               Total Charge: $ 1495 <BR/> (CC: x-4444)\n
submit_form.c(3):           </td> </tr> </table>\n
submit_form.c(3):           </center>\n
submit_form.c(3):       </TD>\n
submit_form.c(3):     </TR>\n
submit_form.c(3):     <TR bgcolor="#EFF2F7">\n
submit_form.c(3):       <TD COLSPAN="3">\n
submit_form.c(3):       <b>Flight Details:</b><BR/>  <center>\n
submit_form.c(3):       09/20/2020\n
submit_form.c(3):      :  11pm : Flight 343 leaves Los Angeles  for Paris.<br>  09/27/2020\n
submit_form.c(3):      :  8am : Flight 430 leaves Paris  for Los Angeles.<br>  </center>\n
submit_form.c(3):       </TD>\n
submit_form.c(3):     </TR>\n
submit_form.c(3):     \n
submit_form.c(3):     <TR bgcolor="#EFF2F7">\n
submit_form.c(3):       <TD COLSPAN="4">\n
submit_form.c(3):       <hr/>\n
submit_form.c(3):       </TD>\n
submit_form.c(3):     </TR>\n
submit_form.c(3):     \n
submit_form.c(3):     <!-- Flight #1 -->\n
submit_form.c(3):     <TR bgcolor="#EFF2F7">\n
submit_form.c(3):       <TD width="5%" rowspan="2" align="left" valign="top">\n
submit_form.c(3):     <b>\n
submit_form.c(3):     <label><input type="checkbox" name="44" value="on" /></label></font></b>\n
submit_form.c(3):     <input type="hidden" name="flightID" value="164605321-34177038-J&#10;"  />\n
submit_form.c(3):       </TD>\n
submit_form.c(3):       <TD width="45%" valign="top">\n
submit_form.c(3):           <b>&nbsp;&nbsp;A First class ticket for :</b><br/>\n
submit_form.c(3):           <center><table border="0" width="85%"><tr><td>\n
submit_form.c(3):           <li><i>Jojo3 \n
submit_form.c(3):           <li><i></i>\n
submit_form.c(3):           </td></tr></table></center>\n
submit_form.c(3):       </TD>\n
submit_form.c(3):       <TD width="5%" >.<br/>.<br/>.<br/>.</TD>\n
submit_form.c(3):       <TD width="45%" valign=top><b>Invoice sent to:</b><br/>\n
submit_form.c(3):           <center>\n
submit_form.c(3):           <Table width="80%" cellspacing="0" > <tr> <td>\n
submit_form.c(3):               Jojo3 \n
submit_form.c(3):     <br/>\n
submit_form.c(3):               Fourth str<br/>\n
submit_form.c(3):               Los Angeles 123459<br/>\n
submit_form.c(3):               <br/>\n
submit_form.c(3):               Total Charge: $ 1495 <BR/> (CC: x-4444)\n
submit_form.c(3):           </td> </tr> </table>\n
submit_form.c(3):           </center>\n
submit_form.c(3):       </TD>\n
submit_form.c(3):     </TR>\n
submit_form.c(3):     <TR bgcolor="#EFF2F7">\n
submit_form.c(3):       <TD COLSPAN="3">\n
submit_form.c(3):       <b>Flight Details:</b><BR/>  <center>\n
submit_form.c(3):       09/20/2020\n
submit_form.c(3):      :  11pm : Flight 343 leaves Los Angeles  for Paris.<br>  09/27/2020\n
submit_form.c(3):      :  8am : Flight 430 leaves Paris  for Los Angeles.<br>  </center>\n
submit_form.c(3):       </TD>\n
submit_form.c(3):     </TR>\n
submit_form.c(3):     \n
submit_form.c(3):     <TR bgcolor="#EFF2F7">\n
submit_form.c(3):       <TD COLSPAN="4">\n
submit_form.c(3):       <hr/>\n
submit_form.c(3):       </TD>\n
submit_form.c(3):     </TR>\n
submit_form.c(3):     \n
submit_form.c(3):     <!-- Flight #1 -->\n
submit_form.c(3):     <TR bgcolor="#EFF2F7">\n
submit_form.c(3):       <TD width="5%" rowspan="2" align="left" valign="top">\n
submit_form.c(3):     <b>\n
submit_form.c(3):     <label><input type="checkbox" name="45" value="on" /></label></font></b>\n
submit_form.c(3):     <input type="hidden" name="flightID" value="164605321-34946268-J&#10;"  />\n
submit_form.c(3):       </TD>\n
submit_form.c(3):       <TD width="45%" valign="top">\n
submit_form.c(3):           <b>&nbsp;&nbsp;A First class ticket for :</b><br/>\n
submit_form.c(3):           <center><table border="0" w
submit_form.c(3): Notify: Saving Parameter "flightID_after_35 = 164605321-27253961-J&#10;".	[MsgId: MMSG-13798]
submit_form.c(3): Notify: Saving Parameter "flightID_after_36 = 164605321-28023306-J&#10;".	[MsgId: MMSG-13798]
submit_form.c(3): Notify: Saving Parameter "flightID_after_37 = 164605321-28792652-J&#10;".	[MsgId: MMSG-13798]
submit_form.c(3): Notify: Saving Parameter "flightID_after_38 = 164605321-29561653-J&#10;".	[MsgId: MMSG-13798]
submit_form.c(3): Notify: Saving Parameter "flightID_after_39 = 164605321-30330884-J&#10;".	[MsgId: MMSG-13798]
submit_form.c(3): Notify: Saving Parameter "flightID_after_40 = 164605321-31100230-J&#10;".	[MsgId: MMSG-13798]
submit_form.c(3): Notify: Saving Parameter "flightID_after_41 = 164605321-31869345-J&#10;".	[MsgId: MMSG-13798]
submit_form.c(3): Notify: Saving Parameter "flightID_after_42 = 164605321-32638691-J&#10;".	[MsgId: MMSG-13798]
submit_form.c(3): Notify: Saving Parameter "flightID_after_43 = 164605321-33407807-J&#10;".	[MsgId: MMSG-13798]
submit_form.c(3): Notify: Saving Parameter "flightID_after_44 = 164605321-34177038-J&#10;".	[MsgId: MMSG-13798]
submit_form.c(3): Notify: Saving Parameter "flightID_after_45 = 164605321-34946268-J&#10;".	[MsgId: MMSG-13798]
submit_form.c(3): t=316518ms: 8-byte chunked response overhead for "http://localhost:1080/cgi-bin/itinerary.pl" (RelFrameId=, Internal ID=105)
submit_form.c(3):     \r\n
submit_form.c(3):     1000\r\n
submit_form.c(3): t=316518ms: 8-byte chunked response overhead for "http://localhost:1080/cgi-bin/itinerary.pl" (RelFrameId=, Internal ID=105)
submit_form.c(3):     \r\n
submit_form.c(3):     1000\r\n
submit_form.c(3): t=316518ms: 7-byte chunked response overhead for "http://localhost:1080/cgi-bin/itinerary.pl" (RelFrameId=, Internal ID=105)
submit_form.c(3):     \r\n
submit_form.c(3):     138\r\n
submit_form.c(3): t=316518ms: 7-byte chunked response overhead for "http://localhost:1080/cgi-bin/itinerary.pl" (RelFrameId=, Internal ID=105)
submit_form.c(3):     \r\n
submit_form.c(3):     0\r\n
submit_form.c(3):     \r\n
submit_form.c(3): t=316518ms: 8602-byte chunked response body for "http://localhost:1080/cgi-bin/itinerary.pl" (RelFrameId=, Internal ID=105)
submit_form.c(3):     idth="85%"><tr><td>\n
submit_form.c(3):           <li><i>Jojo3 \n
submit_form.c(3):           <li><i></i>\n
submit_form.c(3):           </td></tr></table></center>\n
submit_form.c(3):       </TD>\n
submit_form.c(3):       <TD width="5%" >.<br/>.<br/>.<br/>.</TD>\n
submit_form.c(3):       <TD width="45%" valign=top><b>Invoice sent to:</b><br/>\n
submit_form.c(3):           <center>\n
submit_form.c(3):           <Table width="80%" cellspacing="0" > <tr> <td>\n
submit_form.c(3):               Jojo3 \n
submit_form.c(3):     <br/>\n
submit_form.c(3):               Fourth str<br/>\n
submit_form.c(3):               Los Angeles 123459<br/>\n
submit_form.c(3):               <br/>\n
submit_form.c(3):               Total Charge: $ 1495 <BR/> (CC: x-4444)\n
submit_form.c(3):           </td> </tr> </table>\n
submit_form.c(3):           </center>\n
submit_form.c(3):       </TD>\n
submit_form.c(3):     </TR>\n
submit_form.c(3):     <TR bgcolor="#EFF2F7">\n
submit_form.c(3):       <TD COLSPAN="3">\n
submit_form.c(3):       <b>Flight Details:</b><BR/>  <center>\n
submit_form.c(3):       09/20/2020\n
submit_form.c(3):      :  11pm : Flight 343 leaves Los Angeles  for Paris.<br>  09/27/2020\n
submit_form.c(3):      :  8am : Flight 430 leaves Paris  for Los Angeles.<br>  </center>\n
submit_form.c(3):       </TD>\n
submit_form.c(3):     </TR>\n
submit_form.c(3):     \n
submit_form.c(3):     <TR bgcolor="#EFF2F7">\n
submit_form.c(3):       <TD COLSPAN="4">\n
submit_form.c(3):       <hr/>\n
submit_form.c(3):       </TD>\n
submit_form.c(3):     </TR>\n
submit_form.c(3):     \n
submit_form.c(3):     <!-- Flight #1 -->\n
submit_form.c(3):     <TR bgcolor="#EFF2F7">\n
submit_form.c(3):       <TD width="5%" rowspan="2" align="left" valign="top">\n
submit_form.c(3):     <b>\n
submit_form.c(3):     <label><input type="checkbox" name="46" value="on" /></label></font></b>\n
submit_form.c(3):     <input type="hidden" name="flightID" value="164605321-35715729-J&#10;"  />\n
submit_form.c(3):       </TD>\n
submit_form.c(3):       <TD width="45%" valign="top">\n
submit_form.c(3):           <b>&nbsp;&nbsp;3 First class tickets for :</b><br/>\n
submit_form.c(3):           <center><table border="0" width="85%"><tr><td>\n
submit_form.c(3):           <li><i>Jojo3       <li><i>Jojo31       <li><i>Jojo32 \n
submit_form.c(3):           <li><i></i>\n
submit_form.c(3):           </td></tr></table></center>\n
submit_form.c(3):       </TD>\n
submit_form.c(3):       <TD width="5%" >.<br/>.<br/>.<br/>.</TD>\n
submit_form.c(3):       <TD width="45%" valign=top><b>Invoice sent to:</b><br/>\n
submit_form.c(3):           <center>\n
submit_form.c(3):           <Table width="80%" cellspacing="0" > <tr> <td>\n
submit_form.c(3):               Jojo3 \n
submit_form.c(3):     <br/>\n
submit_form.c(3):               Fourth str<br/>\n
submit_form.c(3):               Los Angeles 123459<br/>\n
submit_form.c(3):               <br/>\n
submit_form.c(3):               Total Charge: $ 4485 <BR/> (CC: x-4444)\n
submit_form.c(3):           </td> </tr> </table>\n
submit_form.c(3):           </center>\n
submit_form.c(3):       </TD>\n
submit_form.c(3):     </TR>\n
submit_form.c(3):     <TR bgcolor="#EFF2F7">\n
submit_form.c(3):       <TD COLSPAN="3">\n
submit_form.c(3):       <b>Flight Details:</b><BR/>  <center>\n
submit_form.c(3):       09/20/2020\n
submit_form.c(3):      :  11pm : Flight 343 leaves Los Angeles  for Paris.<br>  09/27/2020\n
submit_form.c(3):      :  8am : Flight 430 leaves Paris  for Los Angeles.<br>  </center>\n
submit_form.c(3):       </TD>\n
submit_form.c(3):     </TR>\n
submit_form.c(3):     \n
submit_form.c(3):     <TR bgcolor="#EFF2F7">\n
submit_form.c(3):       <TD COLSPAN="4">\n
submit_form.c(3):       <hr/>\n
submit_form.c(3):       </TD>\n
submit_form.c(3):     </TR>\n
submit_form.c(3):     \n
submit_form.c(3):     <!-- Flight #1 -->\n
submit_form.c(3):     <TR bgcolor="#EFF2F7">\n
submit_form.c(3):       <TD width="5%" rowspan="2" align="left" valign="top">\n
submit_form.c(3):     <b>\n
submit_form.c(3):     <label><input type="checkbox" name="47" value="on" /></label></font></b>\n
submit_form.c(3):     <input type="hidden" name="flightID" value="164605321-36484730-J&#10;"  />\n
submit_form.c(3):       </TD>\n
submit_form.c(3):       <TD width="45%" valign="top">\n
submit_form.c(3):           <b>&nbsp;&nbsp;A First class ticket for :</b><br/>\n
submit_form.c(3):           <center><table border="0" width="85%"><tr><td>\n
submit_form.c(3):           <li><i>Jojo3 \n
submit_form.c(3):           <li><i></i>\n
submit_form.c(3):           </td></tr></table></center>\n
submit_form.c(3):       </TD>\n
submit_form.c(3):       <TD width="5%" >.<br/>.<br/>.<br/>.</TD>\n
submit_form.c(3):       <TD width="45%" valign=top><b>Invoice sent to:</b><br/>\n
submit_form.c(3):           <center>\n
submit_form.c(3):           <Table width="80%" cellspacing="0" > <tr> <td>\n
submit_form.c(3):               Jojo3 \n
submit_form.c(3):     <br/>\n
submit_form.c(3):               Fourth str<br/>\n
submit_form.c(3):               Los Angeles 123459<br/>\n
submit_form.c(3):               <br/>\n
submit_form.c(3):               Total Charge: $ 1495 <BR/> (CC: x-4444)\n
submit_form.c(3):           </td> </tr> </table>\n
submit_form.c(3):           </center>\n
submit_form.c(3):       </TD>\n
submit_form.c(3):     </TR>\n
submit_form.c(3):     <TR bgcolor="#EFF2F7">\n
submit_form.c(3):       <TD COLSPAN="3">\n
submit_form.c(3):       <b>Flight Details:</b><BR/>  <center>\n
submit_form.c(3):       09/20/2020\n
submit_form.c(3):      :  11pm : Flight 343 leaves Los Angeles  for Paris.<br>  09/27/2020\n
submit_form.c(3):      :  8am : Flight 430 leaves Paris  for Los Angeles.<br>  </center>\n
submit_form.c(3):       </TD>\n
submit_form.c(3):     </TR>\n
submit_form.c(3):     \n
submit_form.c(3):     <TR bgcolor="#EFF2F7">\n
submit_form.c(3):       <TD COLSPAN="4">\n
submit_form.c(3):       <hr/>\n
submit_form.c(3):       </TD>\n
submit_form.c(3):     </TR>\n
submit_form.c(3):     \n
submit_form.c(3):     <!-- Flight #1 -->\n
submit_form.c(3):     <TR bgcolor="#EFF2F7">\n
submit_form.c(3):       <TD width="5%" rowspan="2" align="left" valign="top">\n
submit_form.c(3):     <b>\n
submit_form.c(3):     <label><input type="checkbox" name="48" value="on" /></label></font></b>\n
submit_form.c(3):     <input type="hidden" name="flightID" value="164605321-37254076-J&#10;"  />\n
submit_form.c(3):       </TD>\n
submit_form.c(3):       <TD width="45%" valign="top">\n
submit_form.c(3):           <b>&nbsp;&nbsp;2 First class tickets for :</b><br/>\n
submit_form.c(3):           <center><table border="0" width="85%"><tr><td>\n
submit_form.c(3):           <li><i>Jojo3       <li><i>Jojo31 \n
submit_form.c(3):           <li><i></i>\n
submit_form.c(3):           </td></tr></table></center>\n
submit_form.c(3):       </TD>\n
submit_form.c(3):       <TD width="5%" >.<br/>.<br/>.<br/>.</TD>\n
submit_form.c(3):       <TD width="45%" valign=top><b>Invoice sent to:</b><br/>\n
submit_form.c(3):           <center>\n
submit_form.c(3):           <Table width="80%" cellspacing="0" > <tr> <td>\n
submit_form.c(3):               Jojo3 \n
submit_form.c(3):     <br/>\n
submit_form.c(3):               Fourth str<br/>\n
submit_form.c(3):               Los Angeles 123459<br/>\n
submit_form.c(3):               <br/>\n
submit_form.c(3):               Total Charge: $ 2990 <BR/> (CC: x-4444)\n
submit_form.c(3):           </td> </tr> </table>\n
submit_form.c(3):           </center>\n
submit_form.c(3):       </TD>\n
submit_form.c(3):     </TR>\n
submit_form.c(3):     <TR bgcolor="#EFF2F7">\n
submit_form.c(3):       <TD COLSPAN="3">\n
submit_form.c(3):       <b>Flight Details:</b><BR/>  <center>\n
submit_form.c(3):       09/20/2020\n
submit_form.c(3):      :  11pm : Flight 343 leaves Los Angeles  for Paris.<br>  09/27/2020\n
submit_form.c(3):      :  8am : Flight 430 leaves Paris  for Los Angeles.<br>  </center>\n
submit_form.c(3):       </TD>\n
submit_form.c(3):     </TR>\n
submit_form.c(3):     \n
submit_form.c(3):     <TR bgcolor="#EFF2F7">\n
submit_form.c(3):       <TD COLSPAN="4">\n
submit_form.c(3):       <hr/>\n
submit_form.c(3):       </TD>\n
submit_form.c(3):     </TR>\n
submit_form.c(3):     \n
submit_form.c(3):     <!-- Flight #1 -->\n
submit_form.c(3):     <TR bgcolor="#EFF2F7">\n
submit_form.c(3):       <TD width="5%" rowspan="2" align="left" valign="top">\n
submit_form.c(3):     <b>\n
submit_form.c(3):     <label><input type="checkbox" name="49" value="on" /></label></font></b>\n
submit_form.c(3):     <input type="hidden" name="flightID" value="164605321-38023191-J&#10;"  />\n
submit_form.c(3):       </TD>\n
submit_form.c(3):       <TD width="45%" valign="top">\n
submit_form.c(3):           <b>&nbsp;&nbsp;A First class ticket for :</b><br/>\n
submit_form.c(3):           <center><table border="0" width="85%"><tr><td>\n
submit_form.c(3):           <li><i>Jojo3 \n
submit_form.c(3):           <li><i></i>\n
submit_form.c(3):           </td></tr></table></center>\n
submit_form.c(3):       </TD>\n
submit_form.c(3):       <TD width="5%" >.<br/>.<br/>.<br/>.</TD>\n
submit_form.c(3):       <TD width="45%" valign=top><b>Invoice sent to:</b><br/>\n
submit_form.c(3):           <center>\n
submit_form.c(3):           <Table width="80%" cellspacing="0" > <tr> <td>\n
submit_form.c(3):               Jojo3 \n
submit_form.c(3):     <br/>\n
submit_form.c(3):               Fourth str<br/>\n
submit_form.c(3):               Los Angeles 123459<br/>\n
submit_form.c(3):               <br/>\n
submit_form.c(3):               Total Charge: $ 1495 <BR/> (CC: x-4444)\n
submit_form.c(3):           </td> </tr> </table>\n
submit_form.c(3):           </center>\n
submit_form.c(3):       </TD>\n
submit_form.c(3):     </TR>\n
submit_form.c(3):     <TR bgcolor="#EFF2F7">\n
submit_form.c(3):       <TD COLSPAN="3">\n
submit_form.c(3):       <b>Flight Details:</b><BR/>  <center>\n
submit_form.c(3):       09/20/2020\n
submit_form.c(3):      :  11pm : Flight 343 leaves Los Angeles  for Paris.<br>  09/27/2020\n
submit_form.c(3):      :  8am : Flight 430 leaves Paris  for Los Angeles.<br>  </center>\n
submit_form.c(3):       </TD>\n
submit_form.c(3):     </TR>\n
submit_form.c(3):     \n
submit_form.c(3):     <TR bgcolor="#EFF2F7">\n
submit_form.c(3):       <TD COLSPAN="4">\n
submit_form.c(3):       <hr/>\n
submit_form.c(3):       </TD>\n
submit_form.c(3):     </TR>\n
submit_form.c(3):     <TR>\n
submit_form.c(3):        <TD align="center" COLSPAN="4">\n
submit_form.c(3):        <b>A total of 49 scheduled flights.</font></b>\n
submit_form.c(3):        </TD>\n
submit_form.c(3):     </TR>\n
submit_form.c(3):     </TABLE>\n
submit_form.c(3):     \n
submit_form.c(3):     <TABLE WIDTH="87%" BORDER="0" CELLSPACING="0">\n
submit_form.c(3):     <TR>\n
submit_form.c(3):     <TD align="left" width="50%" >\n
submit_form.c(3):     <input type="image" name="removeFlights" src="/WebTours/images/cancelreservation.gif" bord
submit_form.c(3):     er="0" /></TD>\n
submit_form.c(3):     <TD align="right" width="50%" >\n
submit_form.c(3):     <input type="image" name="removeAllFlights" src="/WebTours/images/cancelallreservations.gi
submit_form.c(3):     f" border="0" /></TD>\n
submit_form.c(3):     </TABLE>\n
submit_form.c(3):     \n
submit_form.c(3):     <div><input type="hidden" name=".cgifields" value="33"  /><input type="hidden" name=".cgif
submit_form.c(3):     ields" value="32"  /><input type="hidden" name=".cgifields" value="21"  /><input type="hid
submit_form.c(3):     den" name=".cgifields" value="7"  /><input type="hidden" name=".cgifields" value="26"  /><
submit_form.c(3):     input type="hidden" name=".cgifields" value="17"  /><input type="hidden" name=".cgifields"
submit_form.c(3):      value="2"  /><input type="hidden" name=".cgifields" value="1"  /><input type="hidden" nam
submit_form.c(3):     e=".cgifields" value="18"  /><input type="hidden" name=".cgifields" value="30"  /><input t
submit_form.c(3):     ype="hidden" name=".cgifields" value="16"  /><input type="hidden" name=".cgifields" value=
submit_form.c(3):     "44"  /><input type="hidden" name=".cgifields" value="27"  /><input type="hidden" name=".c
submit_form.c(3):     gifields" value="25"  /><input type="hidden" name=".cgifields" value="28"  /><input type="
submit_form.c(3):     hidden" name=".cgifields" value="40"  /><input type="hidden" name=".cgifields" value="20" 
submit_form.c(3):      /><input type="hidden" name=".cgifields" value="14"  /><input type="hidden" name=".cgifie
submit_form.c(3):     lds" value="49"  /><input type="hidden" name=".cgifields" value="24"  /><input type="hidde
submit_form.c(3):     n" name=".cgifields" value="10"  /><input type="hidden" name=".cgifields" value="31"  /><i
submit_form.c(3):     nput type="hidden" name=".cgifields" value="35"  /><input type="hidden" name=".cgifields" 
submit_form.c(3):     value="11"  /><input type="hidden" name=".cgifields" value="48"  /><input type="hidden" na
submit_form.c(3):     me=".cgifields" value="42"  /><input type="hidden" name=".cgifields" value="22"  /><input 
submit_form.c(3):     type="hidden" name=".cgifields" value="46"  /><input type="hidden" name=".cgifields" value
submit_form.c(3):     ="13"  /><input type="hidden" name=".cgifields" value="23"  /><input type="hidden" name=".
submit_form.c(3):     cgifields" value="29"  /><input type="hidden" name=".cgifields" value="6"  /><input type="
submit_form.c(3):     hidden" name=".cgifields" value="39"  /><input type="hidden" name=".cgifields" value="36" 
submit_form.c(3):      /><input type="hidden" name=".cgifields" value="3"  /><input type="hidden" name=".cgifiel
submit_form.c(3):     ds" value="9"  /><input type="hidden" name=".cgifields" value="41"  /><input type="hidden"
submit_form.c(3):      name=".cgifields" value="12"  /><input type="hidden" name=".cgifields" value="47"  /><inp
submit_form.c(3):     ut type="hidden" name=".cgifields" value="15"  /><input type="hidden" name=".cgifields" va
submit_form.c(3):     lue="38"  /><input type="hidden" name=".cgifields" value="8"  /><input type="hidden" name=
submit_form.c(3):     ".cgifields" value="4"  /><input type="hidden" name=".cgifields" value="34"  /><input type
submit_form.c(3):     ="hidden" name=".cgifields" value="45"  /><input type="hidden" name=".cgifields" value="37
submit_form.c(3):     "  /><input type="hidden" name=".cgifields" value="43"  /><input type="hidden" name=".cgif
submit_form.c(3):     ields" value="19"  /><input type="hidden" name=".cgifields" value="5"  /></div></form>\n
submit_form.c(3):     \n
submit_form.c(3):     </center>\n
submit_form.c(3):     \n
submit_form.c(3):     </body>\n
submit_form.c(3):     </html>
submit_form.c(3): Notify: Saving Parameter "flightID_after_46 = 164605321-35715729-J&#10;".	[MsgId: MMSG-13798]
submit_form.c(3): Notify: Saving Parameter "flightID_after_47 = 164605321-36484730-J&#10;".	[MsgId: MMSG-13798]
submit_form.c(3): Notify: Saving Parameter "flightID_after_48 = 164605321-37254076-J&#10;".	[MsgId: MMSG-13798]
submit_form.c(3): Notify: Saving Parameter "flightID_after_49 = 164605321-38023191-J&#10;".	[MsgId: MMSG-13798]
submit_form.c(3): Warning -26373: Parameter "flightID_after" saved from a resource (URL="http://localhost:1080/cgi-bin/itinerary.pl")  	[MsgId: MWAR-26373]
submit_form.c(3): Notify: Saving Parameter "flightID_after_count = 49".	[MsgId: MMSG-13798]
submit_form.c(3): web_submit_form("web_submit_form") highest severity level was "warning", 62560 body bytes, 512 header bytes, 143 chunking overhead bytes  	[MsgId: MMSG-26387]
Action.c(189): Notify: Parameter Substitution: parameter "flightID_after_count" =  "49"	[MsgId: MMSG-13992]
Action.c(192): Success. Value of before is 50 value of after is 24	[MsgId: MMSG-17999]
Action.c(237): Notify: Transaction "cancel_flight" ended with a "Pass" status (Duration: 5.1502 Think Time: 4.9998 Wasted Time: 0.0015).	[MsgId: MMSG-16870]
Action.c(239): Notify: Transaction "logout" started.	[MsgId: MMSG-16999]
Action.c(241): web_remove_auto_header("Sec-Fetch-User") started  	[MsgId: MMSG-26355]
Action.c(241): Previous automatically added web header for "Sec-Fetch-User" removed  	[MsgId: MMSG-26587]
Action.c(241): web_remove/revert_auto_header("Sec-Fetch-User") was successful  	[MsgId: MMSG-26392]
Action.c(243): web_add_header("Sec-Fetch-User") started  	[MsgId: MMSG-26355]
Action.c(243): web_add_header("Sec-Fetch-User") was successful  	[MsgId: MMSG-26392]
Action.c(246): Think time - Waiting 5.00 seconds (according to limit).	[MsgId: MMSG-15946]
Action.c(246): lr_think_time: 5.00 seconds (recorded think time was 24.00 seconds).	[MsgId: MMSG-15947]
Action.c(248): web_reg_find started  	[MsgId: MMSG-26355]
Action.c(248): Registering web_reg_find was successful  	[MsgId: MMSG-26390]
Action.c(252): web_url("SignOff Button") started  	[MsgId: MMSG-26355]
Action.c(252): t=318077ms: 328-byte response headers for "http://localhost:1080/cgi-bin/welcome.pl?signOff=1" (RelFrameId=1, Internal ID=106)
Action.c(252):     HTTP/1.1 200 OK\r\n
Action.c(252):     Date: Sun, 20 Sep 2020 11:03:43 GMT\r\n
Action.c(252):     Server: Apache/2.2.21 (Win32)\r\n
Action.c(252):     Set-Cookie: MSO=SID&1600599823; path=/\r\n
Action.c(252):     Set-Cookie: MTUserInfo=; path=/; expires=Sat, 19-Sep-2020 11:03:43 GMT\r\n
Action.c(252):     Keep-Alive: timeout=5, max=100\r\n
Action.c(252):     Connection: Keep-Alive\r\n
Action.c(252):     Transfer-Encoding: chunked\r\n
Action.c(252):     Content-Type: text/html; charset=ISO-8859-1\r\n
Action.c(252):     \r\n
Action.c(252): t=318077ms: 5-byte chunked response overhead for "http://localhost:1080/cgi-bin/welcome.pl?signOff=1" (RelFrameId=1, Internal ID=106)
Action.c(252):     2ae\r\n
Action.c(252): t=318077ms: 2-byte chunked response overhead for "http://localhost:1080/cgi-bin/welcome.pl?signOff=1" (RelFrameId=1, Internal ID=106)
Action.c(252):     \r\n
Action.c(252): t=318077ms: 686-byte chunked response body for "http://localhost:1080/cgi-bin/welcome.pl?signOff=1" (RelFrameId=1, Internal ID=106)
Action.c(252):     <!-- \n
Action.c(252):      A Session ID has been created and loaded into a cookie called MSO.\n
Action.c(252):      Also, the server options have been loaded into the cookie called\n
Action.c(252):      MSO as well.  The server options can be set via the Admin page.\n
Action.c(252):      --->\n
Action.c(252):     \n
Action.c(252):     <html>\n
Action.c(252):     <title>Web Tours</title>\n
Action.c(252):        <!-- Frame Set -->\n
Action.c(252):        <frameset cols="160,*" border="1" frameborder="1">\n
Action.c(252):           <!-- Navigation Frame -->\n
Action.c(252):           <frame src="nav.pl?in=home" name="navbar" marginheight="2" marginwidth="2" \n
Action.c(252):                 noresize="noresize" scrolling="auto"/>\n
Action.c(252):           <!-- Home Frame -->\n
Action.c(252):           <frame src="/WebTours/home.html" name="info" marginheight="2" marginwidth="2" \n
Action.c(252):                 noresize="noresize" scrolling="auto"/>\n
Action.c(252):        </frameset>\n
Action.c(252):     </html>\n
Action.c(252):     \n
Action.c(252):     </body>\n
Action.c(252):     </html>
Action.c(252): Detected non-resource "http://localhost:1080/cgi-bin/nav.pl?in=home" in "http://localhost:1080/cgi-bin/welcome.pl?signOff=1"  	[MsgId: MMSG-26574]
Action.c(252): Detected non-resource "http://localhost:1080/WebTours/home.html" in "http://localhost:1080/cgi-bin/welcome.pl?signOff=1"  	[MsgId: MMSG-26574]
Action.c(252): Retrieving data from cache for "http://localhost:1080/WebTours/home.html"  	[MsgId: MMSG-26558]
Action.c(252): t=318078ms: 1361-byte response body retrieved from cache for "http://localhost:1080/WebTours/home.html" (RelFrameId=1.2, Internal ID=108)
Action.c(252):     <HTML>\n
Action.c(252):     <HEAD>\n
Action.c(252):     \t<title>Web Tours</title>\n
Action.c(252):     </HEAD>\n
Action.c(252):     <style>\n
Action.c(252):     \tblockquote {font-family: tahoma; font-size : 10pt}\n
Action.c(252):     \tH1 {font-family: tahoma; font-size : 22pt; color: #003366}\n
Action.c(252):     \tsmall {font-family: tahoma; font-size : 8pt}\n
Action.c(252):     \tH3{font-family: tahoma; font-size : 10pt; color: black}\n
Action.c(252):     \tA {FONT-WEIGHT: bold; FONT-SIZE: 10pt; COLOR: black; FONT-FAMILY: Tahoma; TEXT-DECORATIO
Action.c(252):     N: none}\n
Action.c(252):     \tA:hover{ FONT-WEIGHT: bold; FONT-SIZE: 10pt; COLOR: #993333; FONT-FAMILY: Tahoma;TEXT-DE
Action.c(252):     CORATION: underline}\n
Action.c(252):     \tTD {font-family: tahoma; font-size : 10pt; color: black}\n
Action.c(252):     </style>\n
Action.c(252):     <body bgcolor="#e0e7f1">\n
Action.c(252):     <BR/>\n
Action.c(252):     <BR/>\n
Action.c(252):     <BR/>\n
Action.c(252):     <br/>\n
Action.c(252):     <table border="0">\n
Action.c(252):     <tr><td></td></tr>\n
Action.c(252):     <TR><TD></TD></TR>\n
Action.c(252):     <TR><TD>\n
Action.c(252):     <blockquote>\n
Action.c(252):     <H1><b>Web Tours</b></H1>\n
Action.c(252):     Welcome to the Web Tours site.\n
Action.c(252):     <br/>\n
Action.c(252):     To make reservations,please enter your account information to the left.\n
Action.c(252):     <br/>\n
Action.c(252):     If you haven't registered yet, <A href="/cgi-bin/login.pl?username=&amp;password=&amp;getI
Action.c(252):     nfo=true" ><B>sign up now</B></A> to get access to all our resources.\n
Action.c(252):     <br/>\n
Action.c(252):     To configure the server options, use <A href="/cgi-bin/admin.pl" target="body" ><b>adminis
Action.c(252):     tration</b></A> link.\n
Action.c(252):     <br/><br/><br/><br/><br/><br/>\n
Action.c(252):     <br/><small>\n
Action.c(252):     This product uses parts of the SMT Kernel, Copyright (c) 1991-99 <A href="http://www.imati
Action.c(252):     x.com" target="new"><B><small>iMatix Corporation</small></B></A> \n
Action.c(252):     </small>\n
Action.c(252):     </blockquote></TD>\n
Action.c(252):     <TD></TD></TR>\n
Action.c(252):     </table>\n
Action.c(252):     </body>\n
Action.c(252):     </HTML>\n
Action.c(252): t=318086ms: 5-byte chunked response overhead for "http://localhost:1080/cgi-bin/welcome.pl?signOff=1" (RelFrameId=1, Internal ID=106)
Action.c(252):     0\r\n
Action.c(252):     \r\n
Action.c(252): t=318135ms: 256-byte response headers for "http://localhost:1080/cgi-bin/nav.pl?in=home" (RelFrameId=1.1, Internal ID=107)
Action.c(252):     HTTP/1.1 200 OK\r\n
Action.c(252):     Date: Sun, 20 Sep 2020 11:03:43 GMT\r\n
Action.c(252):     Server: Apache/2.2.21 (Win32)\r\n
Action.c(252):     Expires: Sat, 19 Sep 2020 11:03:43 GMT\r\n
Action.c(252):     Keep-Alive: timeout=5, max=100\r\n
Action.c(252):     Connection: Keep-Alive\r\n
Action.c(252):     Transfer-Encoding: chunked\r\n
Action.c(252):     Content-Type: text/html; charset=ISO-8859-1\r\n
Action.c(252):     \r\n
Action.c(252): t=318135ms: 5-byte chunked response overhead for "http://localhost:1080/cgi-bin/nav.pl?in=home" (RelFrameId=1.1, Internal ID=107)
Action.c(252):     5d1\r\n
Action.c(252): t=318135ms: 2-byte chunked response overhead for "http://localhost:1080/cgi-bin/nav.pl?in=home" (RelFrameId=1.1, Internal ID=107)
Action.c(252):     \r\n
Action.c(252): t=318135ms: 1489-byte chunked response body for "http://localhost:1080/cgi-bin/nav.pl?in=home" (RelFrameId=1.1, Internal ID=107)
Action.c(252):     <!DOCTYPE html\n
Action.c(252):     \tPUBLIC "-//W3C//DTD XHTML 1.0 Transitional//EN"\n
Action.c(252):     \t "http://www.w3.org/TR/xhtml1/DTD/xhtml1-transitional.dtd">\n
Action.c(252):     <html xmlns="http://www.w3.org/1999/xhtml" lang="en-US" xml:lang="en-US">\n
Action.c(252):     <head>\n
Action.c(252):     <title>Web Tours Navigation Bar</title>\n
Action.c(252):     <meta http-equiv="Content-Type" content="text/html; charset=iso-8859-1" />\n
Action.c(252):     </head>\n
Action.c(252):     <body bgcolor="#E0E7F1">\n
Action.c(252):     <style>\n
Action.c(252):     blockquote {font-family: tahoma; font-size : 10pt}\n
Action.c(252):     H1 {font-family: tahoma; font-size : 22pt; color: #993333}\n
Action.c(252):     H3 {font-family: tahoma; font-size : 10pt; color: black}\n
Action.c(252):     small {font-family: tahoma; font-size : 8pt}\n
Action.c(252):     </style>\n
Action.c(252):     <form method="post" action="/cgi-bin/login.pl" target="body">\n
Action.c(252):     <input type="hidden" name="userSession" value="129655.71672742zzzQVzfpQcQVzzzHtAAVtpQQffHf
Action.c(252):     "/>\n
Action.c(252):     <table border="0"><tr><td>&nbsp;</td>\n
Action.c(252):     <td>&nbsp;</td></tr>\n
Action.c(252):     <tr><td>&nbsp;</td>\n
Action.c(252):     <td>&nbsp;</td></tr>\n
Action.c(252):     <tr><td>&nbsp;</td>\n
Action.c(252):     <td><small>&nbsp;Username</small></td></tr>\n
Action.c(252):     <tr><td>&nbsp;</td>\n
Action.c(252):     <td><input type="text" name="username" value="" size="14" maxlength="14"/></td></tr>\n
Action.c(252):     <tr><td>&nbsp;</td>\n
Action.c(252):     <td><small>&nbsp;Password</small></td>\n
Action.c(252):     <tr><td>&nbsp;</td>\n
Action.c(252):     <td><input type="password" name="password" value="" size="14" maxlength="14"/></td></tr>\n
Action.c(252):     <tr><td>&nbsp;</td>\n
Action.c(252):     <td>&nbsp;</td></tr>\n
Action.c(252):     <tr><td>&nbsp;</td>\n
Action.c(252):     <td><input type="image" name="login" value="Login" alt="Login" border="1" \n
Action.c(252):     src="/WebTours/images/mer_login.gif"/></td></tr>\n
Action.c(252):     <tr><td>&nbsp;</td><td>&nbsp;</td></tr>\n
Action.c(252):     </table><input type="hidden" name="JSFormSubmit" value="off"/>\n
Action.c(252):     </form>\n
Action.c(252):     \n
Action.c(252):     </body>\n
Action.c(252):     </html>\n
Action.c(252): Resource "http://localhost:1080/WebTours/images/mer_login.gif" is in the cache already and will not be downloaded again  	[MsgId: MMSG-26655]
Action.c(252): t=318137ms: 5-byte chunked response overhead for "http://localhost:1080/cgi-bin/nav.pl?in=home" (RelFrameId=1.1, Internal ID=107)
Action.c(252):     0\r\n
Action.c(252):     \r\n
Action.c(252): Registered web_reg_find successful for "Text=A Session ID has been created" (count=1)  	[MsgId: MMSG-26364]
Action.c(252): web_url("SignOff Button") was successful, 2175 body bytes, 584 header bytes, 24 chunking overhead bytes  	[MsgId: MMSG-26385]
Action.c(262): Notify: Transaction "logout" ended with a "Pass" status (Duration: 5.1178 Think Time: 5.0000 Wasted Time: 0.0000).	[MsgId: MMSG-16870]
Action.c(264): Notify: Transaction "03_CancelFlight" ended with a "Pass" status (Duration: 20.8937 Think Time: 20.0000 Wasted Time: 0.0060).	[MsgId: MMSG-16870]
Ending action Action.	[MsgId: MMSG-15918]
Action was aborted.	[MsgId: MMSG-10694]
Ending Vuser...	[MsgId: MMSG-15966]
Starting action vuser_end.	[MsgId: MMSG-15919]
Ending action vuser_end.	[MsgId: MMSG-15918]
Vuser Terminated.	[MsgId: MMSG-15963]
Vuser 0 (thread 12432), ended OK."	[MsgId: MMSG-10695]
Action.c(248): web_reg_find started  	[MsgId: MMSG-26355]
Action.c(248): Registering web_reg_find was successful  	[MsgId: MMSG-26390]
Action.c(252): web_url("SignOff Button") started  	[MsgId: MMSG-26355]
Action.c(252): t=318557ms: 328-byte response headers for "http://localhost:1080/cgi-bin/welcome.pl?signOff=1" (RelFrameId=1, Internal ID=106)
Action.c(252):     HTTP/1.1 200 OK\r\n
Action.c(252):     Date: Sun, 20 Sep 2020 11:03:44 GMT\r\n
Action.c(252):     Server: Apache/2.2.21 (Win32)\r\n
Action.c(252):     Set-Cookie: MSO=SID&1600599824; path=/\r\n
Action.c(252):     Set-Cookie: MTUserInfo=; path=/; expires=Sat, 19-Sep-2020 11:03:44 GMT\r\n
Action.c(252):     Keep-Alive: timeout=5, max=100\r\n
Action.c(252):     Connection: Keep-Alive\r\n
Action.c(252):     Transfer-Encoding: chunked\r\n
Action.c(252):     Content-Type: text/html; charset=ISO-8859-1\r\n
Action.c(252):     \r\n
Action.c(252): t=318557ms: 5-byte chunked response overhead for "http://localhost:1080/cgi-bin/welcome.pl?signOff=1" (RelFrameId=1, Internal ID=106)
Action.c(252):     2ae\r\n
Action.c(252): t=318557ms: 2-byte chunked response overhead for "http://localhost:1080/cgi-bin/welcome.pl?signOff=1" (RelFrameId=1, Internal ID=106)
Action.c(252):     \r\n
Action.c(252): t=318557ms: 686-byte chunked response body for "http://localhost:1080/cgi-bin/welcome.pl?signOff=1" (RelFrameId=1, Internal ID=106)
Action.c(252):     <!-- \n
Action.c(252):      A Session ID has been created and loaded into a cookie called MSO.\n
Action.c(252):      Also, the server options have been loaded into the cookie called\n
Action.c(252):      MSO as well.  The server options can be set via the Admin page.\n
Action.c(252):      --->\n
Action.c(252):     \n
Action.c(252):     <html>\n
Action.c(252):     <title>Web Tours</title>\n
Action.c(252):        <!-- Frame Set -->\n
Action.c(252):        <frameset cols="160,*" border="1" frameborder="1">\n
Action.c(252):           <!-- Navigation Frame -->\n
Action.c(252):           <frame src="nav.pl?in=home" name="navbar" marginheight="2" marginwidth="2" \n
Action.c(252):                 noresize="noresize" scrolling="auto"/>\n
Action.c(252):           <!-- Home Frame -->\n
Action.c(252):           <frame src="/WebTours/home.html" name="info" marginheight="2" marginwidth="2" \n
Action.c(252):                 noresize="noresize" scrolling="auto"/>\n
Action.c(252):        </frameset>\n
Action.c(252):     </html>\n
Action.c(252):     \n
Action.c(252):     </body>\n
Action.c(252):     </html>
Action.c(252): Detected non-resource "http://localhost:1080/cgi-bin/nav.pl?in=home" in "http://localhost:1080/cgi-bin/welcome.pl?signOff=1"  	[MsgId: MMSG-26574]
Action.c(252): Detected non-resource "http://localhost:1080/WebTours/home.html" in "http://localhost:1080/cgi-bin/welcome.pl?signOff=1"  	[MsgId: MMSG-26574]
Action.c(252): Retrieving data from cache for "http://localhost:1080/WebTours/home.html"  	[MsgId: MMSG-26558]
Action.c(252): t=318557ms: 1361-byte response body retrieved from cache for "http://localhost:1080/WebTours/home.html" (RelFrameId=1.2, Internal ID=108)
Action.c(252):     <HTML>\n
Action.c(252):     <HEAD>\n
Action.c(252):     \t<title>Web Tours</title>\n
Action.c(252):     </HEAD>\n
Action.c(252):     <style>\n
Action.c(252):     \tblockquote {font-family: tahoma; font-size : 10pt}\n
Action.c(252):     \tH1 {font-family: tahoma; font-size : 22pt; color: #003366}\n
Action.c(252):     \tsmall {font-family: tahoma; font-size : 8pt}\n
Action.c(252):     \tH3{font-family: tahoma; font-size : 10pt; color: black}\n
Action.c(252):     \tA {FONT-WEIGHT: bold; FONT-SIZE: 10pt; COLOR: black; FONT-FAMILY: Tahoma; TEXT-DECORATIO
Action.c(252):     N: none}\n
Action.c(252):     \tA:hover{ FONT-WEIGHT: bold; FONT-SIZE: 10pt; COLOR: #993333; FONT-FAMILY: Tahoma;TEXT-DE
Action.c(252):     CORATION: underline}\n
Action.c(252):     \tTD {font-family: tahoma; font-size : 10pt; color: black}\n
Action.c(252):     </style>\n
Action.c(252):     <body bgcolor="#e0e7f1">\n
Action.c(252):     <BR/>\n
Action.c(252):     <BR/>\n
Action.c(252):     <BR/>\n
Action.c(252):     <br/>\n
Action.c(252):     <table border="0">\n
Action.c(252):     <tr><td></td></tr>\n
Action.c(252):     <TR><TD></TD></TR>\n
Action.c(252):     <TR><TD>\n
Action.c(252):     <blockquote>\n
Action.c(252):     <H1><b>Web Tours</b></H1>\n
Action.c(252):     Welcome to the Web Tours site.\n
Action.c(252):     <br/>\n
Action.c(252):     To make reservations,please enter your account information to the left.\n
Action.c(252):     <br/>\n
Action.c(252):     If you haven't registered yet, <A href="/cgi-bin/login.pl?username=&amp;password=&amp;getI
Action.c(252):     nfo=true" ><B>sign up now</B></A> to get access to all our resources.\n
Action.c(252):     <br/>\n
Action.c(252):     To configure the server options, use <A href="/cgi-bin/admin.pl" target="body" ><b>adminis
Action.c(252):     tration</b></A> link.\n
Action.c(252):     <br/><br/><br/><br/><br/><br/>\n
Action.c(252):     <br/><small>\n
Action.c(252):     This product uses parts of the SMT Kernel, Copyright (c) 1991-99 <A href="http://www.imati
Action.c(252):     x.com" target="new"><B><small>iMatix Corporation</small></B></A> \n
Action.c(252):     </small>\n
Action.c(252):     </blockquote></TD>\n
Action.c(252):     <TD></TD></TR>\n
Action.c(252):     </table>\n
Action.c(252):     </body>\n
Action.c(252):     </HTML>\n
Action.c(252): t=318559ms: 5-byte chunked response overhead for "http://localhost:1080/cgi-bin/welcome.pl?signOff=1" (RelFrameId=1, Internal ID=106)
Action.c(252):     0\r\n
Action.c(252):     \r\n
Action.c(252): t=318602ms: 256-byte response headers for "http://localhost:1080/cgi-bin/nav.pl?in=home" (RelFrameId=1.1, Internal ID=107)
Action.c(252):     HTTP/1.1 200 OK\r\n
Action.c(252):     Date: Sun, 20 Sep 2020 11:03:44 GMT\r\n
Action.c(252):     Server: Apache/2.2.21 (Win32)\r\n
Action.c(252):     Expires: Sat, 19 Sep 2020 11:03:44 GMT\r\n
Action.c(252):     Keep-Alive: timeout=5, max=100\r\n
Action.c(252):     Connection: Keep-Alive\r\n
Action.c(252):     Transfer-Encoding: chunked\r\n
Action.c(252):     Content-Type: text/html; charset=ISO-8859-1\r\n
Action.c(252):     \r\n
Action.c(252): t=318602ms: 5-byte chunked response overhead for "http://localhost:1080/cgi-bin/nav.pl?in=home" (RelFrameId=1.1, Internal ID=107)
Action.c(252):     5d0\r\n
Action.c(252): t=318602ms: 2-byte chunked response overhead for "http://localhost:1080/cgi-bin/nav.pl?in=home" (RelFrameId=1.1, Internal ID=107)
Action.c(252):     \r\n
Action.c(252): t=318603ms: 1488-byte chunked response body for "http://localhost:1080/cgi-bin/nav.pl?in=home" (RelFrameId=1.1, Internal ID=107)
Action.c(252):     <!DOCTYPE html\n
Action.c(252):     \tPUBLIC "-//W3C//DTD XHTML 1.0 Transitional//EN"\n
Action.c(252):     \t "http://www.w3.org/TR/xhtml1/DTD/xhtml1-transitional.dtd">\n
Action.c(252):     <html xmlns="http://www.w3.org/1999/xhtml" lang="en-US" xml:lang="en-US">\n
Action.c(252):     <head>\n
Action.c(252):     <title>Web Tours Navigation Bar</title>\n
Action.c(252):     <meta http-equiv="Content-Type" content="text/html; charset=iso-8859-1" />\n
Action.c(252):     </head>\n
Action.c(252):     <body bgcolor="#E0E7F1">\n
Action.c(252):     <style>\n
Action.c(252):     blockquote {font-family: tahoma; font-size : 10pt}\n
Action.c(252):     H1 {font-family: tahoma; font-size : 22pt; color: #993333}\n
Action.c(252):     H3 {font-family: tahoma; font-size : 10pt; color: black}\n
Action.c(252):     small {font-family: tahoma; font-size : 8pt}\n
Action.c(252):     </style>\n
Action.c(252):     <form method="post" action="/cgi-bin/login.pl" target="body">\n
Action.c(252):     <input type="hidden" name="userSession" value="129655.716808424zzzQVzfpQDDDDDDDtAAVtpQQfz"
Action.c(252):     />\n
Action.c(252):     <table border="0"><tr><td>&nbsp;</td>\n
Action.c(252):     <td>&nbsp;</td></tr>\n
Action.c(252):     <tr><td>&nbsp;</td>\n
Action.c(252):     <td>&nbsp;</td></tr>\n
Action.c(252):     <tr><td>&nbsp;</td>\n
Action.c(252):     <td><small>&nbsp;Username</small></td></tr>\n
Action.c(252):     <tr><td>&nbsp;</td>\n
Action.c(252):     <td><input type="text" name="username" value="" size="14" maxlength="14"/></td></tr>\n
Action.c(252):     <tr><td>&nbsp;</td>\n
Action.c(252):     <td><small>&nbsp;Password</small></td>\n
Action.c(252):     <tr><td>&nbsp;</td>\n
Action.c(252):     <td><input type="password" name="password" value="" size="14" maxlength="14"/></td></tr>\n
Action.c(252):     <tr><td>&nbsp;</td>\n
Action.c(252):     <td>&nbsp;</td></tr>\n
Action.c(252):     <tr><td>&nbsp;</td>\n
Action.c(252):     <td><input type="image" name="login" value="Login" alt="Login" border="1" \n
Action.c(252):     src="/WebTours/images/mer_login.gif"/></td></tr>\n
Action.c(252):     <tr><td>&nbsp;</td><td>&nbsp;</td></tr>\n
Action.c(252):     </table><input type="hidden" name="JSFormSubmit" value="off"/>\n
Action.c(252):     </form>\n
Action.c(252):     \n
Action.c(252):     </body>\n
Action.c(252):     </html>\n
Action.c(252): Resource "http://localhost:1080/WebTours/images/mer_login.gif" is in the cache already and will not be downloaded again  	[MsgId: MMSG-26655]
Action.c(252): t=318605ms: 5-byte chunked response overhead for "http://localhost:1080/cgi-bin/nav.pl?in=home" (RelFrameId=1.1, Internal ID=107)
Action.c(252):     0\r\n
Action.c(252):     \r\n
Action.c(252): Registered web_reg_find successful for "Text=A Session ID has been created" (count=1)  	[MsgId: MMSG-26364]
Action.c(252): web_url("SignOff Button") was successful, 2174 body bytes, 584 header bytes, 24 chunking overhead bytes  	[MsgId: MMSG-26385]
Action.c(262): Notify: Transaction "logout" ended with a "Pass" status (Duration: 5.0907 Think Time: 5.0000 Wasted Time: 0.0000).	[MsgId: MMSG-16870]
Action.c(264): Notify: Transaction "03_CancelFlight" ended with a "Pass" status (Duration: 20.6262 Think Time: 20.0017 Wasted Time: 0.0049).	[MsgId: MMSG-16870]
Ending action Action.	[MsgId: MMSG-15918]
Action was aborted.	[MsgId: MMSG-10694]
Ending Vuser...	[MsgId: MMSG-15966]
Starting action vuser_end.	[MsgId: MMSG-15919]
Ending action vuser_end.	[MsgId: MMSG-15918]
Vuser Terminated.	[MsgId: MMSG-15963]
Vuser 1 (thread 13384), ended OK."	[MsgId: MMSG-10695]
Action.c(248): web_reg_find started  	[MsgId: MMSG-26355]
Action.c(248): Registering web_reg_find was successful  	[MsgId: MMSG-26390]
Action.c(252): web_url("SignOff Button") started  	[MsgId: MMSG-26355]
Action.c(252): t=319529ms: 328-byte response headers for "http://localhost:1080/cgi-bin/welcome.pl?signOff=1" (RelFrameId=1, Internal ID=106)
Action.c(252):     HTTP/1.1 200 OK\r\n
Action.c(252):     Date: Sun, 20 Sep 2020 11:03:45 GMT\r\n
Action.c(252):     Server: Apache/2.2.21 (Win32)\r\n
Action.c(252):     Set-Cookie: MSO=SID&1600599825; path=/\r\n
Action.c(252):     Set-Cookie: MTUserInfo=; path=/; expires=Sat, 19-Sep-2020 11:03:45 GMT\r\n
Action.c(252):     Keep-Alive: timeout=5, max=100\r\n
Action.c(252):     Connection: Keep-Alive\r\n
Action.c(252):     Transfer-Encoding: chunked\r\n
Action.c(252):     Content-Type: text/html; charset=ISO-8859-1\r\n
Action.c(252):     \r\n
Action.c(252): t=319530ms: 5-byte chunked response overhead for "http://localhost:1080/cgi-bin/welcome.pl?signOff=1" (RelFrameId=1, Internal ID=106)
Action.c(252):     2ae\r\n
Action.c(252): t=319530ms: 2-byte chunked response overhead for "http://localhost:1080/cgi-bin/welcome.pl?signOff=1" (RelFrameId=1, Internal ID=106)
Action.c(252):     \r\n
Action.c(252): t=319530ms: 686-byte chunked response body for "http://localhost:1080/cgi-bin/welcome.pl?signOff=1" (RelFrameId=1, Internal ID=106)
Action.c(252):     <!-- \n
Action.c(252):      A Session ID has been created and loaded into a cookie called MSO.\n
Action.c(252):      Also, the server options have been loaded into the cookie called\n
Action.c(252):      MSO as well.  The server options can be set via the Admin page.\n
Action.c(252):      --->\n
Action.c(252):     \n
Action.c(252):     <html>\n
Action.c(252):     <title>Web Tours</title>\n
Action.c(252):        <!-- Frame Set -->\n
Action.c(252):        <frameset cols="160,*" border="1" frameborder="1">\n
Action.c(252):           <!-- Navigation Frame -->\n
Action.c(252):           <frame src="nav.pl?in=home" name="navbar" marginheight="2" marginwidth="2" \n
Action.c(252):                 noresize="noresize" scrolling="auto"/>\n
Action.c(252):           <!-- Home Frame -->\n
Action.c(252):           <frame src="/WebTours/home.html" name="info" marginheight="2" marginwidth="2" \n
Action.c(252):                 noresize="noresize" scrolling="auto"/>\n
Action.c(252):        </frameset>\n
Action.c(252):     </html>\n
Action.c(252):     \n
Action.c(252):     </body>\n
Action.c(252):     </html>
Action.c(252): Detected non-resource "http://localhost:1080/cgi-bin/nav.pl?in=home" in "http://localhost:1080/cgi-bin/welcome.pl?signOff=1"  	[MsgId: MMSG-26574]
Action.c(252): Detected non-resource "http://localhost:1080/WebTours/home.html" in "http://localhost:1080/cgi-bin/welcome.pl?signOff=1"  	[MsgId: MMSG-26574]
Action.c(252): Retrieving data from cache for "http://localhost:1080/WebTours/home.html"  	[MsgId: MMSG-26558]
Action.c(252): t=319531ms: 1361-byte response body retrieved from cache for "http://localhost:1080/WebTours/home.html" (RelFrameId=1.2, Internal ID=108)
Action.c(252):     <HTML>\n
Action.c(252):     <HEAD>\n
Action.c(252):     \t<title>Web Tours</title>\n
Action.c(252):     </HEAD>\n
Action.c(252):     <style>\n
Action.c(252):     \tblockquote {font-family: tahoma; font-size : 10pt}\n
Action.c(252):     \tH1 {font-family: tahoma; font-size : 22pt; color: #003366}\n
Action.c(252):     \tsmall {font-family: tahoma; font-size : 8pt}\n
Action.c(252):     \tH3{font-family: tahoma; font-size : 10pt; color: black}\n
Action.c(252):     \tA {FONT-WEIGHT: bold; FONT-SIZE: 10pt; COLOR: black; FONT-FAMILY: Tahoma; TEXT-DECORATIO
Action.c(252):     N: none}\n
Action.c(252):     \tA:hover{ FONT-WEIGHT: bold; FONT-SIZE: 10pt; COLOR: #993333; FONT-FAMILY: Tahoma;TEXT-DE
Action.c(252):     CORATION: underline}\n
Action.c(252):     \tTD {font-family: tahoma; font-size : 10pt; color: black}\n
Action.c(252):     </style>\n
Action.c(252):     <body bgcolor="#e0e7f1">\n
Action.c(252):     <BR/>\n
Action.c(252):     <BR/>\n
Action.c(252):     <BR/>\n
Action.c(252):     <br/>\n
Action.c(252):     <table border="0">\n
Action.c(252):     <tr><td></td></tr>\n
Action.c(252):     <TR><TD></TD></TR>\n
Action.c(252):     <TR><TD>\n
Action.c(252):     <blockquote>\n
Action.c(252):     <H1><b>Web Tours</b></H1>\n
Action.c(252):     Welcome to the Web Tours site.\n
Action.c(252):     <br/>\n
Action.c(252):     To make reservations,please enter your account information to the left.\n
Action.c(252):     <br/>\n
Action.c(252):     If you haven't registered yet, <A href="/cgi-bin/login.pl?username=&amp;password=&amp;getI
Action.c(252):     nfo=true" ><B>sign up now</B></A> to get access to all our resources.\n
Action.c(252):     <br/>\n
Action.c(252):     To configure the server options, use <A href="/cgi-bin/admin.pl" target="body" ><b>adminis
Action.c(252):     tration</b></A> link.\n
Action.c(252):     <br/><br/><br/><br/><br/><br/>\n
Action.c(252):     <br/><small>\n
Action.c(252):     This product uses parts of the SMT Kernel, Copyright (c) 1991-99 <A href="http://www.imati
Action.c(252):     x.com" target="new"><B><small>iMatix Corporation</small></B></A> \n
Action.c(252):     </small>\n
Action.c(252):     </blockquote></TD>\n
Action.c(252):     <TD></TD></TR>\n
Action.c(252):     </table>\n
Action.c(252):     </body>\n
Action.c(252):     </HTML>\n
Action.c(252): t=319533ms: 5-byte chunked response overhead for "http://localhost:1080/cgi-bin/welcome.pl?signOff=1" (RelFrameId=1, Internal ID=106)
Action.c(252):     0\r\n
Action.c(252):     \r\n
Action.c(252): t=319575ms: 256-byte response headers for "http://localhost:1080/cgi-bin/nav.pl?in=home" (RelFrameId=1.1, Internal ID=107)
Action.c(252):     HTTP/1.1 200 OK\r\n
Action.c(252):     Date: Sun, 20 Sep 2020 11:03:45 GMT\r\n
Action.c(252):     Server: Apache/2.2.21 (Win32)\r\n
Action.c(252):     Expires: Sat, 19 Sep 2020 11:03:45 GMT\r\n
Action.c(252):     Keep-Alive: timeout=5, max=100\r\n
Action.c(252):     Connection: Keep-Alive\r\n
Action.c(252):     Transfer-Encoding: chunked\r\n
Action.c(252):     Content-Type: text/html; charset=ISO-8859-1\r\n
Action.c(252):     \r\n
Action.c(252): t=319576ms: 5-byte chunked response overhead for "http://localhost:1080/cgi-bin/nav.pl?in=home" (RelFrameId=1.1, Internal ID=107)
Action.c(252):     5ce\r\n
Action.c(252): t=319576ms: 2-byte chunked response overhead for "http://localhost:1080/cgi-bin/nav.pl?in=home" (RelFrameId=1.1, Internal ID=107)
Action.c(252):     \r\n
Action.c(252): t=319576ms: 1486-byte chunked response body for "http://localhost:1080/cgi-bin/nav.pl?in=home" (RelFrameId=1.1, Internal ID=107)
Action.c(252):     <!DOCTYPE html\n
Action.c(252):     \tPUBLIC "-//W3C//DTD XHTML 1.0 Transitional//EN"\n
Action.c(252):     \t "http://www.w3.org/TR/xhtml1/DTD/xhtml1-transitional.dtd">\n
Action.c(252):     <html xmlns="http://www.w3.org/1999/xhtml" lang="en-US" xml:lang="en-US">\n
Action.c(252):     <head>\n
Action.c(252):     <title>Web Tours Navigation Bar</title>\n
Action.c(252):     <meta http-equiv="Content-Type" content="text/html; charset=iso-8859-1" />\n
Action.c(252):     </head>\n
Action.c(252):     <body bgcolor="#E0E7F1">\n
Action.c(252):     <style>\n
Action.c(252):     blockquote {font-family: tahoma; font-size : 10pt}\n
Action.c(252):     H1 {font-family: tahoma; font-size : 22pt; color: #993333}\n
Action.c(252):     H3 {font-family: tahoma; font-size : 10pt; color: black}\n
Action.c(252):     small {font-family: tahoma; font-size : 8pt}\n
Action.c(252):     </style>\n
Action.c(252):     <form method="post" action="/cgi-bin/login.pl" target="body">\n
Action.c(252):     <input type="hidden" name="userSession" value="129655.716889429zzzQVzfpQDHftAAVtpQQfzcf"/>
Action.c(252):     \n
Action.c(252):     <table border="0"><tr><td>&nbsp;</td>\n
Action.c(252):     <td>&nbsp;</td></tr>\n
Action.c(252):     <tr><td>&nbsp;</td>\n
Action.c(252):     <td>&nbsp;</td></tr>\n
Action.c(252):     <tr><td>&nbsp;</td>\n
Action.c(252):     <td><small>&nbsp;Username</small></td></tr>\n
Action.c(252):     <tr><td>&nbsp;</td>\n
Action.c(252):     <td><input type="text" name="username" value="" size="14" maxlength="14"/></td></tr>\n
Action.c(252):     <tr><td>&nbsp;</td>\n
Action.c(252):     <td><small>&nbsp;Password</small></td>\n
Action.c(252):     <tr><td>&nbsp;</td>\n
Action.c(252):     <td><input type="password" name="password" value="" size="14" maxlength="14"/></td></tr>\n
Action.c(252):     <tr><td>&nbsp;</td>\n
Action.c(252):     <td>&nbsp;</td></tr>\n
Action.c(252):     <tr><td>&nbsp;</td>\n
Action.c(252):     <td><input type="image" name="login" value="Login" alt="Login" border="1" \n
Action.c(252):     src="/WebTours/images/mer_login.gif"/></td></tr>\n
Action.c(252):     <tr><td>&nbsp;</td><td>&nbsp;</td></tr>\n
Action.c(252):     </table><input type="hidden" name="JSFormSubmit" value="off"/>\n
Action.c(252):     </form>\n
Action.c(252):     \n
Action.c(252):     </body>\n
Action.c(252):     </html>\n
Action.c(252): Resource "http://localhost:1080/WebTours/images/mer_login.gif" is in the cache already and will not be downloaded again  	[MsgId: MMSG-26655]
Action.c(252): t=319577ms: 5-byte chunked response overhead for "http://localhost:1080/cgi-bin/nav.pl?in=home" (RelFrameId=1.1, Internal ID=107)
Action.c(252):     0\r\n
Action.c(252):     \r\n
Action.c(252): Registered web_reg_find successful for "Text=A Session ID has been created" (count=1)  	[MsgId: MMSG-26364]
Action.c(252): web_url("SignOff Button") was successful, 2172 body bytes, 584 header bytes, 24 chunking overhead bytes  	[MsgId: MMSG-26385]
Action.c(262): Notify: Transaction "logout" ended with a "Pass" status (Duration: 5.0965 Think Time: 5.0006 Wasted Time: 0.0000).	[MsgId: MMSG-16870]
Action.c(264): Notify: Transaction "03_CancelFlight" ended with a "Pass" status (Duration: 20.6085 Think Time: 20.0029 Wasted Time: 0.0036).	[MsgId: MMSG-16870]
Ending action Action.	[MsgId: MMSG-15918]
Action was aborted.	[MsgId: MMSG-10694]
Ending Vuser...	[MsgId: MMSG-15966]
Starting action vuser_end.	[MsgId: MMSG-15919]
Ending action vuser_end.	[MsgId: MMSG-15918]
Vuser Terminated.	[MsgId: MMSG-15963]
Vuser 2 (thread 12684), ended OK."	[MsgId: MMSG-10695]
Action.c(248): web_reg_find started  	[MsgId: MMSG-26355]
Action.c(248): Registering web_reg_find was successful  	[MsgId: MMSG-26390]
Action.c(252): web_url("SignOff Button") started  	[MsgId: MMSG-26355]
Action.c(252): t=320608ms: 328-byte response headers for "http://localhost:1080/cgi-bin/welcome.pl?signOff=1" (RelFrameId=1, Internal ID=106)
Action.c(252):     HTTP/1.1 200 OK\r\n
Action.c(252):     Date: Sun, 20 Sep 2020 11:03:46 GMT\r\n
Action.c(252):     Server: Apache/2.2.21 (Win32)\r\n
Action.c(252):     Set-Cookie: MSO=SID&1600599826; path=/\r\n
Action.c(252):     Set-Cookie: MTUserInfo=; path=/; expires=Sat, 19-Sep-2020 11:03:46 GMT\r\n
Action.c(252):     Keep-Alive: timeout=5, max=100\r\n
Action.c(252):     Connection: Keep-Alive\r\n
Action.c(252):     Transfer-Encoding: chunked\r\n
Action.c(252):     Content-Type: text/html; charset=ISO-8859-1\r\n
Action.c(252):     \r\n
Action.c(252): t=320609ms: 5-byte chunked response overhead for "http://localhost:1080/cgi-bin/welcome.pl?signOff=1" (RelFrameId=1, Internal ID=106)
Action.c(252):     2ae\r\n
Action.c(252): t=320609ms: 2-byte chunked response overhead for "http://localhost:1080/cgi-bin/welcome.pl?signOff=1" (RelFrameId=1, Internal ID=106)
Action.c(252):     \r\n
Action.c(252): t=320609ms: 686-byte chunked response body for "http://localhost:1080/cgi-bin/welcome.pl?signOff=1" (RelFrameId=1, Internal ID=106)
Action.c(252):     <!-- \n
Action.c(252):      A Session ID has been created and loaded into a cookie called MSO.\n
Action.c(252):      Also, the server options have been loaded into the cookie called\n
Action.c(252):      MSO as well.  The server options can be set via the Admin page.\n
Action.c(252):      --->\n
Action.c(252):     \n
Action.c(252):     <html>\n
Action.c(252):     <title>Web Tours</title>\n
Action.c(252):        <!-- Frame Set -->\n
Action.c(252):        <frameset cols="160,*" border="1" frameborder="1">\n
Action.c(252):           <!-- Navigation Frame -->\n
Action.c(252):           <frame src="nav.pl?in=home" name="navbar" marginheight="2" marginwidth="2" \n
Action.c(252):                 noresize="noresize" scrolling="auto"/>\n
Action.c(252):           <!-- Home Frame -->\n
Action.c(252):           <frame src="/WebTours/home.html" name="info" marginheight="2" marginwidth="2" \n
Action.c(252):                 noresize="noresize" scrolling="auto"/>\n
Action.c(252):        </frameset>\n
Action.c(252):     </html>\n
Action.c(252):     \n
Action.c(252):     </body>\n
Action.c(252):     </html>
Action.c(252): Detected non-resource "http://localhost:1080/cgi-bin/nav.pl?in=home" in "http://localhost:1080/cgi-bin/welcome.pl?signOff=1"  	[MsgId: MMSG-26574]
Action.c(252): Detected non-resource "http://localhost:1080/WebTours/home.html" in "http://localhost:1080/cgi-bin/welcome.pl?signOff=1"  	[MsgId: MMSG-26574]
Action.c(252): Retrieving data from cache for "http://localhost:1080/WebTours/home.html"  	[MsgId: MMSG-26558]
Action.c(252): t=320610ms: 1361-byte response body retrieved from cache for "http://localhost:1080/WebTours/home.html" (RelFrameId=1.2, Internal ID=108)
Action.c(252):     <HTML>\n
Action.c(252):     <HEAD>\n
Action.c(252):     \t<title>Web Tours</title>\n
Action.c(252):     </HEAD>\n
Action.c(252):     <style>\n
Action.c(252):     \tblockquote {font-family: tahoma; font-size : 10pt}\n
Action.c(252):     \tH1 {font-family: tahoma; font-size : 22pt; color: #003366}\n
Action.c(252):     \tsmall {font-family: tahoma; font-size : 8pt}\n
Action.c(252):     \tH3{font-family: tahoma; font-size : 10pt; color: black}\n
Action.c(252):     \tA {FONT-WEIGHT: bold; FONT-SIZE: 10pt; COLOR: black; FONT-FAMILY: Tahoma; TEXT-DECORATIO
Action.c(252):     N: none}\n
Action.c(252):     \tA:hover{ FONT-WEIGHT: bold; FONT-SIZE: 10pt; COLOR: #993333; FONT-FAMILY: Tahoma;TEXT-DE
Action.c(252):     CORATION: underline}\n
Action.c(252):     \tTD {font-family: tahoma; font-size : 10pt; color: black}\n
Action.c(252):     </style>\n
Action.c(252):     <body bgcolor="#e0e7f1">\n
Action.c(252):     <BR/>\n
Action.c(252):     <BR/>\n
Action.c(252):     <BR/>\n
Action.c(252):     <br/>\n
Action.c(252):     <table border="0">\n
Action.c(252):     <tr><td></td></tr>\n
Action.c(252):     <TR><TD></TD></TR>\n
Action.c(252):     <TR><TD>\n
Action.c(252):     <blockquote>\n
Action.c(252):     <H1><b>Web Tours</b></H1>\n
Action.c(252):     Welcome to the Web Tours site.\n
Action.c(252):     <br/>\n
Action.c(252):     To make reservations,please enter your account information to the left.\n
Action.c(252):     <br/>\n
Action.c(252):     If you haven't registered yet, <A href="/cgi-bin/login.pl?username=&amp;password=&amp;getI
Action.c(252):     nfo=true" ><B>sign up now</B></A> to get access to all our resources.\n
Action.c(252):     <br/>\n
Action.c(252):     To configure the server options, use <A href="/cgi-bin/admin.pl" target="body" ><b>adminis
Action.c(252):     tration</b></A> link.\n
Action.c(252):     <br/><br/><br/><br/><br/><br/>\n
Action.c(252):     <br/><small>\n
Action.c(252):     This product uses parts of the SMT Kernel, Copyright (c) 1991-99 <A href="http://www.imati
Action.c(252):     x.com" target="new"><B><small>iMatix Corporation</small></B></A> \n
Action.c(252):     </small>\n
Action.c(252):     </blockquote></TD>\n
Action.c(252):     <TD></TD></TR>\n
Action.c(252):     </table>\n
Action.c(252):     </body>\n
Action.c(252):     </HTML>\n
Action.c(252): t=320611ms: 5-byte chunked response overhead for "http://localhost:1080/cgi-bin/welcome.pl?signOff=1" (RelFrameId=1, Internal ID=106)
Action.c(252):     0\r\n
Action.c(252):     \r\n
Action.c(252): t=320652ms: 256-byte response headers for "http://localhost:1080/cgi-bin/nav.pl?in=home" (RelFrameId=1.1, Internal ID=107)
Action.c(252):     HTTP/1.1 200 OK\r\n
Action.c(252):     Date: Sun, 20 Sep 2020 11:03:46 GMT\r\n
Action.c(252):     Server: Apache/2.2.21 (Win32)\r\n
Action.c(252):     Expires: Sat, 19 Sep 2020 11:03:46 GMT\r\n
Action.c(252):     Keep-Alive: timeout=5, max=100\r\n
Action.c(252):     Connection: Keep-Alive\r\n
Action.c(252):     Transfer-Encoding: chunked\r\n
Action.c(252):     Content-Type: text/html; charset=ISO-8859-1\r\n
Action.c(252):     \r\n
Action.c(252): t=320652ms: 5-byte chunked response overhead for "http://localhost:1080/cgi-bin/nav.pl?in=home" (RelFrameId=1.1, Internal ID=107)
Action.c(252):     5d1\r\n
Action.c(252): t=320652ms: 2-byte chunked response overhead for "http://localhost:1080/cgi-bin/nav.pl?in=home" (RelFrameId=1.1, Internal ID=107)
Action.c(252):     \r\n
Action.c(252): t=320652ms: 1489-byte chunked response body for "http://localhost:1080/cgi-bin/nav.pl?in=home" (RelFrameId=1.1, Internal ID=107)
Action.c(252):     <!DOCTYPE html\n
Action.c(252):     \tPUBLIC "-//W3C//DTD XHTML 1.0 Transitional//EN"\n
Action.c(252):     \t "http://www.w3.org/TR/xhtml1/DTD/xhtml1-transitional.dtd">\n
Action.c(252):     <html xmlns="http://www.w3.org/1999/xhtml" lang="en-US" xml:lang="en-US">\n
Action.c(252):     <head>\n
Action.c(252):     <title>Web Tours Navigation Bar</title>\n
Action.c(252):     <meta http-equiv="Content-Type" content="text/html; charset=iso-8859-1" />\n
Action.c(252):     </head>\n
Action.c(252):     <body bgcolor="#E0E7F1">\n
Action.c(252):     <style>\n
Action.c(252):     blockquote {font-family: tahoma; font-size : 10pt}\n
Action.c(252):     H1 {font-family: tahoma; font-size : 22pt; color: #993333}\n
Action.c(252):     H3 {font-family: tahoma; font-size : 10pt; color: black}\n
Action.c(252):     small {font-family: tahoma; font-size : 8pt}\n
Action.c(252):     </style>\n
Action.c(252):     <form method="post" action="/cgi-bin/login.pl" target="body">\n
Action.c(252):     <input type="hidden" name="userSession" value="129655.716970433zzzQVzfpQtVzzzzHtAAVtpQQfzf
Action.c(252):     "/>\n
Action.c(252):     <table border="0"><tr><td>&nbsp;</td>\n
Action.c(252):     <td>&nbsp;</td></tr>\n
Action.c(252):     <tr><td>&nbsp;</td>\n
Action.c(252):     <td>&nbsp;</td></tr>\n
Action.c(252):     <tr><td>&nbsp;</td>\n
Action.c(252):     <td><small>&nbsp;Username</small></td></tr>\n
Action.c(252):     <tr><td>&nbsp;</td>\n
Action.c(252):     <td><input type="text" name="username" value="" size="14" maxlength="14"/></td></tr>\n
Action.c(252):     <tr><td>&nbsp;</td>\n
Action.c(252):     <td><small>&nbsp;Password</small></td>\n
Action.c(252):     <tr><td>&nbsp;</td>\n
Action.c(252):     <td><input type="password" name="password" value="" size="14" maxlength="14"/></td></tr>\n
Action.c(252):     <tr><td>&nbsp;</td>\n
Action.c(252):     <td>&nbsp;</td></tr>\n
Action.c(252):     <tr><td>&nbsp;</td>\n
Action.c(252):     <td><input type="image" name="login" value="Login" alt="Login" border="1" \n
Action.c(252):     src="/WebTours/images/mer_login.gif"/></td></tr>\n
Action.c(252):     <tr><td>&nbsp;</td><td>&nbsp;</td></tr>\n
Action.c(252):     </table><input type="hidden" name="JSFormSubmit" value="off"/>\n
Action.c(252):     </form>\n
Action.c(252):     \n
Action.c(252):     </body>\n
Action.c(252):     </html>\n
Action.c(252): Resource "http://localhost:1080/WebTours/images/mer_login.gif" is in the cache already and will not be downloaded again  	[MsgId: MMSG-26655]
Action.c(252): t=320655ms: 5-byte chunked response overhead for "http://localhost:1080/cgi-bin/nav.pl?in=home" (RelFrameId=1.1, Internal ID=107)
Action.c(252):     0\r\n
Action.c(252):     \r\n
Action.c(252): Registered web_reg_find successful for "Text=A Session ID has been created" (count=1)  	[MsgId: MMSG-26364]
Action.c(252): web_url("SignOff Button") was successful, 2175 body bytes, 584 header bytes, 24 chunking overhead bytes  	[MsgId: MMSG-26385]
Action.c(262): Notify: Transaction "logout" ended with a "Pass" status (Duration: 5.0884 Think Time: 5.0004 Wasted Time: 0.0000).	[MsgId: MMSG-16870]
Action.c(264): Notify: Transaction "03_CancelFlight" ended with a "Pass" status (Duration: 20.6440 Think Time: 20.0017 Wasted Time: 0.0044).	[MsgId: MMSG-16870]
Ending action Action.	[MsgId: MMSG-15918]
Action was aborted.	[MsgId: MMSG-10694]
Ending Vuser...	[MsgId: MMSG-15966]
Starting action vuser_end.	[MsgId: MMSG-15919]
Ending action vuser_end.	[MsgId: MMSG-15918]
Vuser Terminated.	[MsgId: MMSG-15963]
Vuser 3 (thread 13128), ended OK."	[MsgId: MMSG-10695]
Action.c(248): web_reg_find started  	[MsgId: MMSG-26355]
Action.c(248): Registering web_reg_find was successful  	[MsgId: MMSG-26390]
Action.c(252): web_url("SignOff Button") started  	[MsgId: MMSG-26355]
Action.c(252): t=321563ms: 328-byte response headers for "http://localhost:1080/cgi-bin/welcome.pl?signOff=1" (RelFrameId=1, Internal ID=106)
Action.c(252):     HTTP/1.1 200 OK\r\n
Action.c(252):     Date: Sun, 20 Sep 2020 11:03:47 GMT\r\n
Action.c(252):     Server: Apache/2.2.21 (Win32)\r\n
Action.c(252):     Set-Cookie: MSO=SID&1600599827; path=/\r\n
Action.c(252):     Set-Cookie: MTUserInfo=; path=/; expires=Sat, 19-Sep-2020 11:03:47 GMT\r\n
Action.c(252):     Keep-Alive: timeout=5, max=100\r\n
Action.c(252):     Connection: Keep-Alive\r\n
Action.c(252):     Transfer-Encoding: chunked\r\n
Action.c(252):     Content-Type: text/html; charset=ISO-8859-1\r\n
Action.c(252):     \r\n
Action.c(252): t=321564ms: 5-byte chunked response overhead for "http://localhost:1080/cgi-bin/welcome.pl?signOff=1" (RelFrameId=1, Internal ID=106)
Action.c(252):     2ae\r\n
Action.c(252): t=321564ms: 2-byte chunked response overhead for "http://localhost:1080/cgi-bin/welcome.pl?signOff=1" (RelFrameId=1, Internal ID=106)
Action.c(252):     \r\n
Action.c(252): t=321564ms: 686-byte chunked response body for "http://localhost:1080/cgi-bin/welcome.pl?signOff=1" (RelFrameId=1, Internal ID=106)
Action.c(252):     <!-- \n
Action.c(252):      A Session ID has been created and loaded into a cookie called MSO.\n
Action.c(252):      Also, the server options have been loaded into the cookie called\n
Action.c(252):      MSO as well.  The server options can be set via the Admin page.\n
Action.c(252):      --->\n
Action.c(252):     \n
Action.c(252):     <html>\n
Action.c(252):     <title>Web Tours</title>\n
Action.c(252):        <!-- Frame Set -->\n
Action.c(252):        <frameset cols="160,*" border="1" frameborder="1">\n
Action.c(252):           <!-- Navigation Frame -->\n
Action.c(252):           <frame src="nav.pl?in=home" name="navbar" marginheight="2" marginwidth="2" \n
Action.c(252):                 noresize="noresize" scrolling="auto"/>\n
Action.c(252):           <!-- Home Frame -->\n
Action.c(252):           <frame src="/WebTours/home.html" name="info" marginheight="2" marginwidth="2" \n
Action.c(252):                 noresize="noresize" scrolling="auto"/>\n
Action.c(252):        </frameset>\n
Action.c(252):     </html>\n
Action.c(252):     \n
Action.c(252):     </body>\n
Action.c(252):     </html>
Action.c(252): Detected non-resource "http://localhost:1080/cgi-bin/nav.pl?in=home" in "http://localhost:1080/cgi-bin/welcome.pl?signOff=1"  	[MsgId: MMSG-26574]
Action.c(252): Detected non-resource "http://localhost:1080/WebTours/home.html" in "http://localhost:1080/cgi-bin/welcome.pl?signOff=1"  	[MsgId: MMSG-26574]
Action.c(252): Retrieving data from cache for "http://localhost:1080/WebTours/home.html"  	[MsgId: MMSG-26558]
Action.c(252): t=321564ms: 1361-byte response body retrieved from cache for "http://localhost:1080/WebTours/home.html" (RelFrameId=1.2, Internal ID=108)
Action.c(252):     <HTML>\n
Action.c(252):     <HEAD>\n
Action.c(252):     \t<title>Web Tours</title>\n
Action.c(252):     </HEAD>\n
Action.c(252):     <style>\n
Action.c(252):     \tblockquote {font-family: tahoma; font-size : 10pt}\n
Action.c(252):     \tH1 {font-family: tahoma; font-size : 22pt; color: #003366}\n
Action.c(252):     \tsmall {font-family: tahoma; font-size : 8pt}\n
Action.c(252):     \tH3{font-family: tahoma; font-size : 10pt; color: black}\n
Action.c(252):     \tA {FONT-WEIGHT: bold; FONT-SIZE: 10pt; COLOR: black; FONT-FAMILY: Tahoma; TEXT-DECORATIO
Action.c(252):     N: none}\n
Action.c(252):     \tA:hover{ FONT-WEIGHT: bold; FONT-SIZE: 10pt; COLOR: #993333; FONT-FAMILY: Tahoma;TEXT-DE
Action.c(252):     CORATION: underline}\n
Action.c(252):     \tTD {font-family: tahoma; font-size : 10pt; color: black}\n
Action.c(252):     </style>\n
Action.c(252):     <body bgcolor="#e0e7f1">\n
Action.c(252):     <BR/>\n
Action.c(252):     <BR/>\n
Action.c(252):     <BR/>\n
Action.c(252):     <br/>\n
Action.c(252):     <table border="0">\n
Action.c(252):     <tr><td></td></tr>\n
Action.c(252):     <TR><TD></TD></TR>\n
Action.c(252):     <TR><TD>\n
Action.c(252):     <blockquote>\n
Action.c(252):     <H1><b>Web Tours</b></H1>\n
Action.c(252):     Welcome to the Web Tours site.\n
Action.c(252):     <br/>\n
Action.c(252):     To make reservations,please enter your account information to the left.\n
Action.c(252):     <br/>\n
Action.c(252):     If you haven't registered yet, <A href="/cgi-bin/login.pl?username=&amp;password=&amp;getI
Action.c(252):     nfo=true" ><B>sign up now</B></A> to get access to all our resources.\n
Action.c(252):     <br/>\n
Action.c(252):     To configure the server options, use <A href="/cgi-bin/admin.pl" target="body" ><b>adminis
Action.c(252):     tration</b></A> link.\n
Action.c(252):     <br/><br/><br/><br/><br/><br/>\n
Action.c(252):     <br/><small>\n
Action.c(252):     This product uses parts of the SMT Kernel, Copyright (c) 1991-99 <A href="http://www.imati
Action.c(252):     x.com" target="new"><B><small>iMatix Corporation</small></B></A> \n
Action.c(252):     </small>\n
Action.c(252):     </blockquote></TD>\n
Action.c(252):     <TD></TD></TR>\n
Action.c(252):     </table>\n
Action.c(252):     </body>\n
Action.c(252):     </HTML>\n
Action.c(252): t=321566ms: 5-byte chunked response overhead for "http://localhost:1080/cgi-bin/welcome.pl?signOff=1" (RelFrameId=1, Internal ID=106)
Action.c(252):     0\r\n
Action.c(252):     \r\n
Action.c(252): t=321605ms: 256-byte response headers for "http://localhost:1080/cgi-bin/nav.pl?in=home" (RelFrameId=1.1, Internal ID=107)
Action.c(252):     HTTP/1.1 200 OK\r\n
Action.c(252):     Date: Sun, 20 Sep 2020 11:03:47 GMT\r\n
Action.c(252):     Server: Apache/2.2.21 (Win32)\r\n
Action.c(252):     Expires: Sat, 19 Sep 2020 11:03:47 GMT\r\n
Action.c(252):     Keep-Alive: timeout=5, max=100\r\n
Action.c(252):     Connection: Keep-Alive\r\n
Action.c(252):     Transfer-Encoding: chunked\r\n
Action.c(252):     Content-Type: text/html; charset=ISO-8859-1\r\n
Action.c(252):     \r\n
Action.c(252): t=321606ms: 5-byte chunked response overhead for "http://localhost:1080/cgi-bin/nav.pl?in=home" (RelFrameId=1.1, Internal ID=107)
Action.c(252):     5d2\r\n
Action.c(252): t=321606ms: 2-byte chunked response overhead for "http://localhost:1080/cgi-bin/nav.pl?in=home" (RelFrameId=1.1, Internal ID=107)
Action.c(252):     \r\n
Action.c(252): t=321606ms: 1490-byte chunked response body for "http://localhost:1080/cgi-bin/nav.pl?in=home" (RelFrameId=1.1, Internal ID=107)
Action.c(252):     <!DOCTYPE html\n
Action.c(252):     \tPUBLIC "-//W3C//DTD XHTML 1.0 Transitional//EN"\n
Action.c(252):     \t "http://www.w3.org/TR/xhtml1/DTD/xhtml1-transitional.dtd">\n
Action.c(252):     <html xmlns="http://www.w3.org/1999/xhtml" lang="en-US" xml:lang="en-US">\n
Action.c(252):     <head>\n
Action.c(252):     <title>Web Tours Navigation Bar</title>\n
Action.c(252):     <meta http-equiv="Content-Type" content="text/html; charset=iso-8859-1" />\n
Action.c(252):     </head>\n
Action.c(252):     <body bgcolor="#E0E7F1">\n
Action.c(252):     <style>\n
Action.c(252):     blockquote {font-family: tahoma; font-size : 10pt}\n
Action.c(252):     H1 {font-family: tahoma; font-size : 22pt; color: #993333}\n
Action.c(252):     H3 {font-family: tahoma; font-size : 10pt; color: black}\n
Action.c(252):     small {font-family: tahoma; font-size : 8pt}\n
Action.c(252):     </style>\n
Action.c(252):     <form method="post" action="/cgi-bin/login.pl" target="body">\n
Action.c(252):     <input type="hidden" name="userSession" value="129655.717051438zzzQVzfpQtfiDDDDtAAVtpQQfzH
Action.c(252):     f"/>\n
Action.c(252):     <table border="0"><tr><td>&nbsp;</td>\n
Action.c(252):     <td>&nbsp;</td></tr>\n
Action.c(252):     <tr><td>&nbsp;</td>\n
Action.c(252):     <td>&nbsp;</td></tr>\n
Action.c(252):     <tr><td>&nbsp;</td>\n
Action.c(252):     <td><small>&nbsp;Username</small></td></tr>\n
Action.c(252):     <tr><td>&nbsp;</td>\n
Action.c(252):     <td><input type="text" name="username" value="" size="14" maxlength="14"/></td></tr>\n
Action.c(252):     <tr><td>&nbsp;</td>\n
Action.c(252):     <td><small>&nbsp;Password</small></td>\n
Action.c(252):     <tr><td>&nbsp;</td>\n
Action.c(252):     <td><input type="password" name="password" value="" size="14" maxlength="14"/></td></tr>\n
Action.c(252):     <tr><td>&nbsp;</td>\n
Action.c(252):     <td>&nbsp;</td></tr>\n
Action.c(252):     <tr><td>&nbsp;</td>\n
Action.c(252):     <td><input type="image" name="login" value="Login" alt="Login" border="1" \n
Action.c(252):     src="/WebTours/images/mer_login.gif"/></td></tr>\n
Action.c(252):     <tr><td>&nbsp;</td><td>&nbsp;</td></tr>\n
Action.c(252):     </table><input type="hidden" name="JSFormSubmit" value="off"/>\n
Action.c(252):     </form>\n
Action.c(252):     \n
Action.c(252):     </body>\n
Action.c(252):     </html>\n
Action.c(252): Resource "http://localhost:1080/WebTours/images/mer_login.gif" is in the cache already and will not be downloaded again  	[MsgId: MMSG-26655]
Action.c(252): t=321608ms: 5-byte chunked response overhead for "http://localhost:1080/cgi-bin/nav.pl?in=home" (RelFrameId=1.1, Internal ID=107)
Action.c(252):     0\r\n
Action.c(252):     \r\n
Action.c(252): Registered web_reg_find successful for "Text=A Session ID has been created" (count=1)  	[MsgId: MMSG-26364]
Action.c(252): web_url("SignOff Button") was successful, 2176 body bytes, 584 header bytes, 24 chunking overhead bytes  	[MsgId: MMSG-26385]
Action.c(262): Notify: Transaction "logout" ended with a "Pass" status (Duration: 5.0857 Think Time: 5.0007 Wasted Time: 0.0000).	[MsgId: MMSG-16870]
Action.c(264): Notify: Transaction "03_CancelFlight" ended with a "Pass" status (Duration: 20.5869 Think Time: 20.0008 Wasted Time: 0.0034).	[MsgId: MMSG-16870]
Ending action Action.	[MsgId: MMSG-15918]
Action was aborted.	[MsgId: MMSG-10694]
Ending Vuser...	[MsgId: MMSG-15966]
Starting action vuser_end.	[MsgId: MMSG-15919]
Ending action vuser_end.	[MsgId: MMSG-15918]
Vuser Terminated.	[MsgId: MMSG-15963]
Vuser 4 (thread 10412), ended OK."	[MsgId: MMSG-10695]
