Virtual User Script started at: 19-Sep-20 5:22:06 PM	[MsgId: MMSG-15967]
Starting action vuser_init.	[MsgId: MMSG-15919]
Web Turbo Replay of LoadRunner 2020.0.0 for Windows 10; build 793 (ноя 27 2019 19:51:20)  	[MsgId: MMSG-26983]
Run mode: HTML  	[MsgId: MMSG-26993]
Replay user agent: Mozilla/5.0 (compatible; MSIE 10.0; Windows NT 6.1; Trident/6.0)  	[MsgId: MMSG-26988]
Runtime Settings file: "C:\Users\john_\AppData\Local\Temp\lr5tmpdirYaC.502\lrcfgz62.503\cfg2D8.504"  	[MsgId: MMSG-27141]
Ending action vuser_init.	[MsgId: MMSG-15918]
Running Vuser...	[MsgId: MMSG-15964]
Starting iteration 1.	[MsgId: MMSG-15968]
Maximum number of concurrent connections per server: 6  	[MsgId: MMSG-26989]
Starting action Action.	[MsgId: MMSG-15919]
Action.c(4): Notify: Transaction "05_ChooseFlight" started.	[MsgId: MMSG-16999]
Action.c(6): Notify: Transaction "loadWebTours" started.	[MsgId: MMSG-16999]
Action.c(10): web_set_sockets_option started  	[MsgId: MMSG-26355]
Action.c(10): web_set_sockets_option was successful  	[MsgId: MMSG-26392]
Action.c(12): web_add_auto_header("Sec-Fetch-Site") started  	[MsgId: MMSG-26355]
Action.c(12): web_add_auto_header("Sec-Fetch-Site") was successful  	[MsgId: MMSG-26392]
Action.c(15): web_add_auto_header("Sec-Fetch-Dest") started  	[MsgId: MMSG-26355]
Action.c(15): web_add_auto_header("Sec-Fetch-Dest") was successful  	[MsgId: MMSG-26392]
Action.c(18): web_add_auto_header("Sec-Fetch-Mode") started  	[MsgId: MMSG-26355]
Action.c(18): web_add_auto_header("Sec-Fetch-Mode") was successful  	[MsgId: MMSG-26392]
Action.c(21): web_add_auto_header("DNT") started  	[MsgId: MMSG-26355]
Action.c(21): web_add_auto_header("DNT") was successful  	[MsgId: MMSG-26392]
Action.c(24): web_add_auto_header("Sec-Fetch-User") started  	[MsgId: MMSG-26355]
Action.c(24): web_add_auto_header("Sec-Fetch-User") was successful  	[MsgId: MMSG-26392]
Action.c(27): web_add_auto_header("Upgrade-Insecure-Requests") started  	[MsgId: MMSG-26355]
Action.c(27): web_add_auto_header("Upgrade-Insecure-Requests") was successful  	[MsgId: MMSG-26392]
Action.c(36): web_reg_save_param_attrib started  	[MsgId: MMSG-26355]
Action.c(36): Registering web_reg_save_param_attrib was successful  	[MsgId: MMSG-26390]
Action.c(46): web_reg_find started  	[MsgId: MMSG-26355]
Action.c(46): Registering web_reg_find was successful  	[MsgId: MMSG-26390]
Action.c(50): web_url("WebTours") started  	[MsgId: MMSG-26355]
Action.c(50): Error -27792: Failed to connect to server "localhost:1080": [10061] Connection refused  	[MsgId: MERR-27792]
Action.c(50): Notify: Saving Parameter "userSession = ".	[MsgId: MMSG-13798]
Action.c(50): Error -35048: No match found for the requested parameter "userSession". Check whether the tag with specific attributes exists in the response data  	[MsgId: MERR-35048]
Action.c(50): Error -26366: "Text=A Session ID has been created" not found for web_reg_find  	[MsgId: MERR-26366]
Action.c(50): Error -26374: The above "not found" error(s) may be explained by header and body byte counts being 0 and 0, respectively.  	[MsgId: MERR-26374]
Action.c(50): web_url("WebTours") highest severity level was "ERROR", 0 body bytes, 0 header bytes  	[MsgId: MMSG-26388]
Action.c(50): Notify: Transaction "loadWebTours" ended with a "Fail" status (Duration: 2.0042 Wasted Time: 0.0002).	[MsgId: MMSG-16871]
Action.c(50): Notify: Transaction "loadWebTours" has 3 error message(s).	[MsgId: MMSG-16818]
Action.c(50): Notify: The 1st error message associated with transaction "loadWebTours" is "Error -27792: Failed to connect to server "localhost:1080": [10061] Connection refused"	[MsgId: MMSG-16819]
Action.c(50): Notify: The 2nd error message associated with transaction "loadWebTours" is "Error -26366: "Text=A Session ID has been created" not found for web_reg_find"	[MsgId: MMSG-16819]
Action.c(50): Notify: The 3rd error message associated with transaction "loadWebTours" is "Error -26374: The above "not found" error(s) may be explained by header and body byte counts being 0 and 0, respectively."	[MsgId: MMSG-16819]
Action.c(50): Notify: Transaction "05_ChooseFlight" ended with a "Fail" status (Duration: 2.0043 Wasted Time: 0.0002).	[MsgId: MMSG-16871]
Action.c(50): Notify: Transaction "05_ChooseFlight" has 3 error message(s).	[MsgId: MMSG-16818]
Action.c(50): Notify: The 1st error message associated with transaction "05_ChooseFlight" is "Error -27792: Failed to connect to server "localhost:1080": [10061] Connection refused"	[MsgId: MMSG-16819]
Action.c(50): Notify: The 2nd error message associated with transaction "05_ChooseFlight" is "Error -26366: "Text=A Session ID has been created" not found for web_reg_find"	[MsgId: MMSG-16819]
Action.c(50): Notify: The 3rd error message associated with transaction "05_ChooseFlight" is "Error -26374: The above "not found" error(s) may be explained by header and body byte counts being 0 and 0, respectively."	[MsgId: MMSG-16819]
Ending action Action.	[MsgId: MMSG-15918]
Ending iteration 1.	[MsgId: MMSG-15965]
Starting iteration 2.	[MsgId: MMSG-15968]
Notify: Next row for parameter seatPref = 2 [table  = seatPref].	[MsgId: MMSG-13876]
Notify: Getting new value for parameter 'seatPref': table = '..\Parameters\seatPref.dat' column = '0' row = '2'.	[MsgId: MMSG-13877]
Notify: Next row for parameter seatType = 2 [table  = seatType].	[MsgId: MMSG-13876]
Notify: Getting new value for parameter 'seatType': table = '..\Parameters\seatType.dat' column = '0' row = '2'.	[MsgId: MMSG-13877]
Notify: Next row for parameter depart = 2 [table  = depart].	[MsgId: MMSG-13876]
Notify: Getting new value for parameter 'depart': table = '..\Parameters\depart.dat' column = '0' row = '2'.	[MsgId: MMSG-13877]
Notify: Next row for parameter login = 2 [table  = login].	[MsgId: MMSG-13876]
Notify: Getting new value for parameter 'login': table = '..\Parameters\login.dat' column = '0' row = '2'.	[MsgId: MMSG-13877]
Notify: Next row for parameter password = 2 [table  = password].	[MsgId: MMSG-13876]
Notify: Getting new value for parameter 'password': table = '..\Parameters\login.dat' column = '1' row = '2'.	[MsgId: MMSG-13877]
Notify: Next row for parameter arrive = 2 [table  = arrive].	[MsgId: MMSG-13876]
Notify: Getting new value for parameter 'arrive': table = '..\Parameters\depart.dat' column = '1' row = '2'.	[MsgId: MMSG-13877]
Notify: Next row for parameter firstName = 2 [table  = firstName].	[MsgId: MMSG-13876]
Notify: Getting new value for parameter 'firstName': table = '..\Parameters\login.dat' column = '2' row = '2'.	[MsgId: MMSG-13877]
Starting action Action.	[MsgId: MMSG-15919]
Action.c(4): Notify: Transaction "05_ChooseFlight" started.	[MsgId: MMSG-16999]
Action.c(6): Notify: Transaction "loadWebTours" started.	[MsgId: MMSG-16999]
Action.c(10): web_set_sockets_option started  	[MsgId: MMSG-26355]
Action.c(10): web_set_sockets_option was successful  	[MsgId: MMSG-26392]
Action.c(12): web_add_auto_header("Sec-Fetch-Site") started  	[MsgId: MMSG-26355]
Action.c(12): web_add_auto_header("Sec-Fetch-Site") was successful  	[MsgId: MMSG-26392]
Action.c(15): web_add_auto_header("Sec-Fetch-Dest") started  	[MsgId: MMSG-26355]
Action.c(15): web_add_auto_header("Sec-Fetch-Dest") was successful  	[MsgId: MMSG-26392]
Action.c(18): web_add_auto_header("Sec-Fetch-Mode") started  	[MsgId: MMSG-26355]
Action.c(18): web_add_auto_header("Sec-Fetch-Mode") was successful  	[MsgId: MMSG-26392]
Action.c(21): web_add_auto_header("DNT") started  	[MsgId: MMSG-26355]
Action.c(21): web_add_auto_header("DNT") was successful  	[MsgId: MMSG-26392]
Action.c(24): web_add_auto_header("Sec-Fetch-User") started  	[MsgId: MMSG-26355]
Action.c(24): web_add_auto_header("Sec-Fetch-User") was successful  	[MsgId: MMSG-26392]
Action.c(27): web_add_auto_header("Upgrade-Insecure-Requests") started  	[MsgId: MMSG-26355]
Action.c(27): web_add_auto_header("Upgrade-Insecure-Requests") was successful  	[MsgId: MMSG-26392]
Action.c(36): web_reg_save_param_attrib started  	[MsgId: MMSG-26355]
Action.c(36): Registering web_reg_save_param_attrib was successful  	[MsgId: MMSG-26390]
Action.c(46): web_reg_find started  	[MsgId: MMSG-26355]
Action.c(46): Registering web_reg_find was successful  	[MsgId: MMSG-26390]
Action.c(50): web_url("WebTours") started  	[MsgId: MMSG-26355]
Action.c(50): Error -27792: Failed to connect to server "localhost:1080": [10061] Connection refused  	[MsgId: MERR-27792]
Action.c(50): Notify: Saving Parameter "userSession = ".	[MsgId: MMSG-13798]
Action.c(50): Error -35048: No match found for the requested parameter "userSession". Check whether the tag with specific attributes exists in the response data  	[MsgId: MERR-35048]
Action.c(50): Error -26366: "Text=A Session ID has been created" not found for web_reg_find  	[MsgId: MERR-26366]
Action.c(50): Error -26374: The above "not found" error(s) may be explained by header and body byte counts being 0 and 0, respectively.  	[MsgId: MERR-26374]
Action.c(50): web_url("WebTours") highest severity level was "ERROR", 0 body bytes, 0 header bytes  	[MsgId: MMSG-26388]
Action.c(50): Notify: Transaction "loadWebTours" ended with a "Fail" status (Duration: 2.0029 Wasted Time: 0.0002).	[MsgId: MMSG-16871]
Action.c(50): Notify: Transaction "loadWebTours" has 3 error message(s).	[MsgId: MMSG-16818]
Action.c(50): Notify: The 1st error message associated with transaction "loadWebTours" is "Error -27792: Failed to connect to server "localhost:1080": [10061] Connection refused"	[MsgId: MMSG-16819]
Action.c(50): Notify: The 2nd error message associated with transaction "loadWebTours" is "Error -26366: "Text=A Session ID has been created" not found for web_reg_find"	[MsgId: MMSG-16819]
Action.c(50): Notify: The 3rd error message associated with transaction "loadWebTours" is "Error -26374: The above "not found" error(s) may be explained by header and body byte counts being 0 and 0, respectively."	[MsgId: MMSG-16819]
Action.c(50): Notify: Transaction "05_ChooseFlight" ended with a "Fail" status (Duration: 2.0029 Wasted Time: 0.0002).	[MsgId: MMSG-16871]
Action.c(50): Notify: Transaction "05_ChooseFlight" has 3 error message(s).	[MsgId: MMSG-16818]
Action.c(50): Notify: The 1st error message associated with transaction "05_ChooseFlight" is "Error -27792: Failed to connect to server "localhost:1080": [10061] Connection refused"	[MsgId: MMSG-16819]
Action.c(50): Notify: The 2nd error message associated with transaction "05_ChooseFlight" is "Error -26366: "Text=A Session ID has been created" not found for web_reg_find"	[MsgId: MMSG-16819]
Action.c(50): Notify: The 3rd error message associated with transaction "05_ChooseFlight" is "Error -26374: The above "not found" error(s) may be explained by header and body byte counts being 0 and 0, respectively."	[MsgId: MMSG-16819]
Ending action Action.	[MsgId: MMSG-15918]
Ending iteration 2.	[MsgId: MMSG-15965]
Starting iteration 3.	[MsgId: MMSG-15968]
Notify: Next row for parameter seatPref = 3 [table  = seatPref].	[MsgId: MMSG-13876]
Notify: Getting new value for parameter 'seatPref': table = '..\Parameters\seatPref.dat' column = '0' row = '3'.	[MsgId: MMSG-13877]
Notify: Next row for parameter seatType = 3 [table  = seatType].	[MsgId: MMSG-13876]
Notify: Getting new value for parameter 'seatType': table = '..\Parameters\seatType.dat' column = '0' row = '3'.	[MsgId: MMSG-13877]
Notify: Next row for parameter depart = 3 [table  = depart].	[MsgId: MMSG-13876]
Notify: Getting new value for parameter 'depart': table = '..\Parameters\depart.dat' column = '0' row = '3'.	[MsgId: MMSG-13877]
Notify: Next row for parameter login = 3 [table  = login].	[MsgId: MMSG-13876]
Notify: Getting new value for parameter 'login': table = '..\Parameters\login.dat' column = '0' row = '3'.	[MsgId: MMSG-13877]
Notify: Next row for parameter password = 3 [table  = password].	[MsgId: MMSG-13876]
Notify: Getting new value for parameter 'password': table = '..\Parameters\login.dat' column = '1' row = '3'.	[MsgId: MMSG-13877]
Notify: Next row for parameter arrive = 3 [table  = arrive].	[MsgId: MMSG-13876]
Notify: Getting new value for parameter 'arrive': table = '..\Parameters\depart.dat' column = '1' row = '3'.	[MsgId: MMSG-13877]
Notify: Next row for parameter firstName = 3 [table  = firstName].	[MsgId: MMSG-13876]
Notify: Getting new value for parameter 'firstName': table = '..\Parameters\login.dat' column = '2' row = '3'.	[MsgId: MMSG-13877]
Starting action Action.	[MsgId: MMSG-15919]
Action.c(4): Notify: Transaction "05_ChooseFlight" started.	[MsgId: MMSG-16999]
Action.c(6): Notify: Transaction "loadWebTours" started.	[MsgId: MMSG-16999]
Action.c(10): web_set_sockets_option started  	[MsgId: MMSG-26355]
Action.c(10): web_set_sockets_option was successful  	[MsgId: MMSG-26392]
Action.c(12): web_add_auto_header("Sec-Fetch-Site") started  	[MsgId: MMSG-26355]
Action.c(12): web_add_auto_header("Sec-Fetch-Site") was successful  	[MsgId: MMSG-26392]
Action.c(15): web_add_auto_header("Sec-Fetch-Dest") started  	[MsgId: MMSG-26355]
Action.c(15): web_add_auto_header("Sec-Fetch-Dest") was successful  	[MsgId: MMSG-26392]
Action.c(18): web_add_auto_header("Sec-Fetch-Mode") started  	[MsgId: MMSG-26355]
Action.c(18): web_add_auto_header("Sec-Fetch-Mode") was successful  	[MsgId: MMSG-26392]
Action.c(21): web_add_auto_header("DNT") started  	[MsgId: MMSG-26355]
Action.c(21): web_add_auto_header("DNT") was successful  	[MsgId: MMSG-26392]
Action.c(24): web_add_auto_header("Sec-Fetch-User") started  	[MsgId: MMSG-26355]
Action.c(24): web_add_auto_header("Sec-Fetch-User") was successful  	[MsgId: MMSG-26392]
Action.c(27): web_add_auto_header("Upgrade-Insecure-Requests") started  	[MsgId: MMSG-26355]
Action.c(27): web_add_auto_header("Upgrade-Insecure-Requests") was successful  	[MsgId: MMSG-26392]
Action.c(36): web_reg_save_param_attrib started  	[MsgId: MMSG-26355]
Action.c(36): Registering web_reg_save_param_attrib was successful  	[MsgId: MMSG-26390]
Action.c(46): web_reg_find started  	[MsgId: MMSG-26355]
Action.c(46): Registering web_reg_find was successful  	[MsgId: MMSG-26390]
Action.c(50): web_url("WebTours") started  	[MsgId: MMSG-26355]
Action.c(50): Error -27792: Failed to connect to server "localhost:1080": [10061] Connection refused  	[MsgId: MERR-27792]
Action.c(50): Notify: Saving Parameter "userSession = ".	[MsgId: MMSG-13798]
Action.c(50): Error -35048: No match found for the requested parameter "userSession". Check whether the tag with specific attributes exists in the response data  	[MsgId: MERR-35048]
Action.c(50): Error -26366: "Text=A Session ID has been created" not found for web_reg_find  	[MsgId: MERR-26366]
Action.c(50): Error -26374: The above "not found" error(s) may be explained by header and body byte counts being 0 and 0, respectively.  	[MsgId: MERR-26374]
Action.c(50): web_url("WebTours") highest severity level was "ERROR", 0 body bytes, 0 header bytes  	[MsgId: MMSG-26388]
Action.c(50): Notify: Transaction "loadWebTours" ended with a "Fail" status (Duration: 2.0036 Wasted Time: 0.0002).	[MsgId: MMSG-16871]
Action.c(50): Notify: Transaction "loadWebTours" has 3 error message(s).	[MsgId: MMSG-16818]
Action.c(50): Notify: The 1st error message associated with transaction "loadWebTours" is "Error -27792: Failed to connect to server "localhost:1080": [10061] Connection refused"	[MsgId: MMSG-16819]
Action.c(50): Notify: The 2nd error message associated with transaction "loadWebTours" is "Error -26366: "Text=A Session ID has been created" not found for web_reg_find"	[MsgId: MMSG-16819]
Action.c(50): Notify: The 3rd error message associated with transaction "loadWebTours" is "Error -26374: The above "not found" error(s) may be explained by header and body byte counts being 0 and 0, respectively."	[MsgId: MMSG-16819]
Action.c(50): Notify: Transaction "05_ChooseFlight" ended with a "Fail" status (Duration: 2.0037 Wasted Time: 0.0002).	[MsgId: MMSG-16871]
Action.c(50): Notify: Transaction "05_ChooseFlight" has 3 error message(s).	[MsgId: MMSG-16818]
Action.c(50): Notify: The 1st error message associated with transaction "05_ChooseFlight" is "Error -27792: Failed to connect to server "localhost:1080": [10061] Connection refused"	[MsgId: MMSG-16819]
Action.c(50): Notify: The 2nd error message associated with transaction "05_ChooseFlight" is "Error -26366: "Text=A Session ID has been created" not found for web_reg_find"	[MsgId: MMSG-16819]
Action.c(50): Notify: The 3rd error message associated with transaction "05_ChooseFlight" is "Error -26374: The above "not found" error(s) may be explained by header and body byte counts being 0 and 0, respectively."	[MsgId: MMSG-16819]
Ending action Action.	[MsgId: MMSG-15918]
Ending iteration 3.	[MsgId: MMSG-15965]
Starting iteration 4.	[MsgId: MMSG-15968]
Notify: Next row for parameter seatPref = 1 [table  = seatPref].	[MsgId: MMSG-13876]
Notify: Getting new value for parameter 'seatPref': table = '..\Parameters\seatPref.dat' column = '0' row = '1'.	[MsgId: MMSG-13877]
Notify: Next row for parameter seatType = 1 [table  = seatType].	[MsgId: MMSG-13876]
Notify: Getting new value for parameter 'seatType': table = '..\Parameters\seatType.dat' column = '0' row = '1'.	[MsgId: MMSG-13877]
Notify: Next row for parameter depart = 4 [table  = depart].	[MsgId: MMSG-13876]
Notify: Getting new value for parameter 'depart': table = '..\Parameters\depart.dat' column = '0' row = '4'.	[MsgId: MMSG-13877]
Notify: Next row for parameter login = 4 [table  = login].	[MsgId: MMSG-13876]
Notify: Getting new value for parameter 'login': table = '..\Parameters\login.dat' column = '0' row = '4'.	[MsgId: MMSG-13877]
Notify: Next row for parameter password = 4 [table  = password].	[MsgId: MMSG-13876]
Notify: Getting new value for parameter 'password': table = '..\Parameters\login.dat' column = '1' row = '4'.	[MsgId: MMSG-13877]
Notify: Next row for parameter arrive = 4 [table  = arrive].	[MsgId: MMSG-13876]
Notify: Getting new value for parameter 'arrive': table = '..\Parameters\depart.dat' column = '1' row = '4'.	[MsgId: MMSG-13877]
Notify: Next row for parameter firstName = 4 [table  = firstName].	[MsgId: MMSG-13876]
Notify: Getting new value for parameter 'firstName': table = '..\Parameters\login.dat' column = '2' row = '4'.	[MsgId: MMSG-13877]
Starting action Action.	[MsgId: MMSG-15919]
Action.c(4): Notify: Transaction "05_ChooseFlight" started.	[MsgId: MMSG-16999]
Action.c(6): Notify: Transaction "loadWebTours" started.	[MsgId: MMSG-16999]
Action.c(10): web_set_sockets_option started  	[MsgId: MMSG-26355]
Action.c(10): web_set_sockets_option was successful  	[MsgId: MMSG-26392]
Action.c(12): web_add_auto_header("Sec-Fetch-Site") started  	[MsgId: MMSG-26355]
Action.c(12): web_add_auto_header("Sec-Fetch-Site") was successful  	[MsgId: MMSG-26392]
Action.c(15): web_add_auto_header("Sec-Fetch-Dest") started  	[MsgId: MMSG-26355]
Action.c(15): web_add_auto_header("Sec-Fetch-Dest") was successful  	[MsgId: MMSG-26392]
Action.c(18): web_add_auto_header("Sec-Fetch-Mode") started  	[MsgId: MMSG-26355]
Action.c(18): web_add_auto_header("Sec-Fetch-Mode") was successful  	[MsgId: MMSG-26392]
Action.c(21): web_add_auto_header("DNT") started  	[MsgId: MMSG-26355]
Action.c(21): web_add_auto_header("DNT") was successful  	[MsgId: MMSG-26392]
Action.c(24): web_add_auto_header("Sec-Fetch-User") started  	[MsgId: MMSG-26355]
Action.c(24): web_add_auto_header("Sec-Fetch-User") was successful  	[MsgId: MMSG-26392]
Action.c(27): web_add_auto_header("Upgrade-Insecure-Requests") started  	[MsgId: MMSG-26355]
Action.c(27): web_add_auto_header("Upgrade-Insecure-Requests") was successful  	[MsgId: MMSG-26392]
Action.c(36): web_reg_save_param_attrib started  	[MsgId: MMSG-26355]
Action.c(36): Registering web_reg_save_param_attrib was successful  	[MsgId: MMSG-26390]
Action.c(46): web_reg_find started  	[MsgId: MMSG-26355]
Action.c(46): Registering web_reg_find was successful  	[MsgId: MMSG-26390]
Action.c(50): web_url("WebTours") started  	[MsgId: MMSG-26355]
Action.c(50): Error -27792: Failed to connect to server "localhost:1080": [10061] Connection refused  	[MsgId: MERR-27792]
Action.c(50): Notify: Saving Parameter "userSession = ".	[MsgId: MMSG-13798]
Action.c(50): Error -35048: No match found for the requested parameter "userSession". Check whether the tag with specific attributes exists in the response data  	[MsgId: MERR-35048]
Action.c(50): Error -26366: "Text=A Session ID has been created" not found for web_reg_find  	[MsgId: MERR-26366]
Action.c(50): Error -26374: The above "not found" error(s) may be explained by header and body byte counts being 0 and 0, respectively.  	[MsgId: MERR-26374]
Action.c(50): web_url("WebTours") highest severity level was "ERROR", 0 body bytes, 0 header bytes  	[MsgId: MMSG-26388]
Action.c(50): Notify: Transaction "loadWebTours" ended with a "Fail" status (Duration: 2.0036 Wasted Time: 0.0002).	[MsgId: MMSG-16871]
Action.c(50): Notify: Transaction "loadWebTours" has 3 error message(s).	[MsgId: MMSG-16818]
Action.c(50): Notify: The 1st error message associated with transaction "loadWebTours" is "Error -27792: Failed to connect to server "localhost:1080": [10061] Connection refused"	[MsgId: MMSG-16819]
Action.c(50): Notify: The 2nd error message associated with transaction "loadWebTours" is "Error -26366: "Text=A Session ID has been created" not found for web_reg_find"	[MsgId: MMSG-16819]
Action.c(50): Notify: The 3rd error message associated with transaction "loadWebTours" is "Error -26374: The above "not found" error(s) may be explained by header and body byte counts being 0 and 0, respectively."	[MsgId: MMSG-16819]
Action.c(50): Notify: Transaction "05_ChooseFlight" ended with a "Fail" status (Duration: 2.0036 Wasted Time: 0.0002).	[MsgId: MMSG-16871]
Action.c(50): Notify: Transaction "05_ChooseFlight" has 3 error message(s).	[MsgId: MMSG-16818]
Action.c(50): Notify: The 1st error message associated with transaction "05_ChooseFlight" is "Error -27792: Failed to connect to server "localhost:1080": [10061] Connection refused"	[MsgId: MMSG-16819]
Action.c(50): Notify: The 2nd error message associated with transaction "05_ChooseFlight" is "Error -26366: "Text=A Session ID has been created" not found for web_reg_find"	[MsgId: MMSG-16819]
Action.c(50): Notify: The 3rd error message associated with transaction "05_ChooseFlight" is "Error -26374: The above "not found" error(s) may be explained by header and body byte counts being 0 and 0, respectively."	[MsgId: MMSG-16819]
Ending action Action.	[MsgId: MMSG-15918]
Ending iteration 4.	[MsgId: MMSG-15965]
Starting iteration 5.	[MsgId: MMSG-15968]
Notify: Next row for parameter seatPref = 2 [table  = seatPref].	[MsgId: MMSG-13876]
Notify: Getting new value for parameter 'seatPref': table = '..\Parameters\seatPref.dat' column = '0' row = '2'.	[MsgId: MMSG-13877]
Notify: Next row for parameter seatType = 2 [table  = seatType].	[MsgId: MMSG-13876]
Notify: Getting new value for parameter 'seatType': table = '..\Parameters\seatType.dat' column = '0' row = '2'.	[MsgId: MMSG-13877]
Notify: Next row for parameter depart = 5 [table  = depart].	[MsgId: MMSG-13876]
Notify: Getting new value for parameter 'depart': table = '..\Parameters\depart.dat' column = '0' row = '5'.	[MsgId: MMSG-13877]
Notify: Next row for parameter login = 5 [table  = login].	[MsgId: MMSG-13876]
Notify: Getting new value for parameter 'login': table = '..\Parameters\login.dat' column = '0' row = '5'.	[MsgId: MMSG-13877]
Notify: Next row for parameter password = 5 [table  = password].	[MsgId: MMSG-13876]
Notify: Getting new value for parameter 'password': table = '..\Parameters\login.dat' column = '1' row = '5'.	[MsgId: MMSG-13877]
Notify: Next row for parameter arrive = 5 [table  = arrive].	[MsgId: MMSG-13876]
Notify: Getting new value for parameter 'arrive': table = '..\Parameters\depart.dat' column = '1' row = '5'.	[MsgId: MMSG-13877]
Notify: Next row for parameter firstName = 5 [table  = firstName].	[MsgId: MMSG-13876]
Notify: Getting new value for parameter 'firstName': table = '..\Parameters\login.dat' column = '2' row = '5'.	[MsgId: MMSG-13877]
Starting action Action.	[MsgId: MMSG-15919]
Action.c(4): Notify: Transaction "05_ChooseFlight" started.	[MsgId: MMSG-16999]
Action.c(6): Notify: Transaction "loadWebTours" started.	[MsgId: MMSG-16999]
Action.c(10): web_set_sockets_option started  	[MsgId: MMSG-26355]
Action.c(10): web_set_sockets_option was successful  	[MsgId: MMSG-26392]
Action.c(12): web_add_auto_header("Sec-Fetch-Site") started  	[MsgId: MMSG-26355]
Action.c(12): web_add_auto_header("Sec-Fetch-Site") was successful  	[MsgId: MMSG-26392]
Action.c(15): web_add_auto_header("Sec-Fetch-Dest") started  	[MsgId: MMSG-26355]
Action.c(15): web_add_auto_header("Sec-Fetch-Dest") was successful  	[MsgId: MMSG-26392]
Action.c(18): web_add_auto_header("Sec-Fetch-Mode") started  	[MsgId: MMSG-26355]
Action.c(18): web_add_auto_header("Sec-Fetch-Mode") was successful  	[MsgId: MMSG-26392]
Action.c(21): web_add_auto_header("DNT") started  	[MsgId: MMSG-26355]
Action.c(21): web_add_auto_header("DNT") was successful  	[MsgId: MMSG-26392]
Action.c(24): web_add_auto_header("Sec-Fetch-User") started  	[MsgId: MMSG-26355]
Action.c(24): web_add_auto_header("Sec-Fetch-User") was successful  	[MsgId: MMSG-26392]
Action.c(27): web_add_auto_header("Upgrade-Insecure-Requests") started  	[MsgId: MMSG-26355]
Action.c(27): web_add_auto_header("Upgrade-Insecure-Requests") was successful  	[MsgId: MMSG-26392]
Action.c(36): web_reg_save_param_attrib started  	[MsgId: MMSG-26355]
Action.c(36): Registering web_reg_save_param_attrib was successful  	[MsgId: MMSG-26390]
Action.c(46): web_reg_find started  	[MsgId: MMSG-26355]
Action.c(46): Registering web_reg_find was successful  	[MsgId: MMSG-26390]
Action.c(50): web_url("WebTours") started  	[MsgId: MMSG-26355]
Action.c(50): Error -27792: Failed to connect to server "localhost:1080": [10061] Connection refused  	[MsgId: MERR-27792]
Action.c(50): Notify: Saving Parameter "userSession = ".	[MsgId: MMSG-13798]
Action.c(50): Error -35048: No match found for the requested parameter "userSession". Check whether the tag with specific attributes exists in the response data  	[MsgId: MERR-35048]
Action.c(50): Error -26366: "Text=A Session ID has been created" not found for web_reg_find  	[MsgId: MERR-26366]
Action.c(50): Error -26374: The above "not found" error(s) may be explained by header and body byte counts being 0 and 0, respectively.  	[MsgId: MERR-26374]
Action.c(50): web_url("WebTours") highest severity level was "ERROR", 0 body bytes, 0 header bytes  	[MsgId: MMSG-26388]
Action.c(50): Notify: Transaction "loadWebTours" ended with a "Fail" status (Duration: 2.0061 Wasted Time: 0.0001).	[MsgId: MMSG-16871]
Action.c(50): Notify: Transaction "loadWebTours" has 3 error message(s).	[MsgId: MMSG-16818]
Action.c(50): Notify: The 1st error message associated with transaction "loadWebTours" is "Error -27792: Failed to connect to server "localhost:1080": [10061] Connection refused"	[MsgId: MMSG-16819]
Action.c(50): Notify: The 2nd error message associated with transaction "loadWebTours" is "Error -26366: "Text=A Session ID has been created" not found for web_reg_find"	[MsgId: MMSG-16819]
Action.c(50): Notify: The 3rd error message associated with transaction "loadWebTours" is "Error -26374: The above "not found" error(s) may be explained by header and body byte counts being 0 and 0, respectively."	[MsgId: MMSG-16819]
Action.c(50): Notify: Transaction "05_ChooseFlight" ended with a "Fail" status (Duration: 2.0062 Wasted Time: 0.0001).	[MsgId: MMSG-16871]
Action.c(50): Notify: Transaction "05_ChooseFlight" has 3 error message(s).	[MsgId: MMSG-16818]
Action.c(50): Notify: The 1st error message associated with transaction "05_ChooseFlight" is "Error -27792: Failed to connect to server "localhost:1080": [10061] Connection refused"	[MsgId: MMSG-16819]
Action.c(50): Notify: The 2nd error message associated with transaction "05_ChooseFlight" is "Error -26366: "Text=A Session ID has been created" not found for web_reg_find"	[MsgId: MMSG-16819]
Action.c(50): Notify: The 3rd error message associated with transaction "05_ChooseFlight" is "Error -26374: The above "not found" error(s) may be explained by header and body byte counts being 0 and 0, respectively."	[MsgId: MMSG-16819]
Ending action Action.	[MsgId: MMSG-15918]
Ending iteration 5.	[MsgId: MMSG-15965]
Starting iteration 6.	[MsgId: MMSG-15968]
Notify: Next row for parameter seatPref = 3 [table  = seatPref].	[MsgId: MMSG-13876]
Notify: Getting new value for parameter 'seatPref': table = '..\Parameters\seatPref.dat' column = '0' row = '3'.	[MsgId: MMSG-13877]
Notify: Next row for parameter seatType = 3 [table  = seatType].	[MsgId: MMSG-13876]
Notify: Getting new value for parameter 'seatType': table = '..\Parameters\seatType.dat' column = '0' row = '3'.	[MsgId: MMSG-13877]
Notify: Next row for parameter depart = 6 [table  = depart].	[MsgId: MMSG-13876]
Notify: Getting new value for parameter 'depart': table = '..\Parameters\depart.dat' column = '0' row = '6'.	[MsgId: MMSG-13877]
Notify: Next row for parameter login = 6 [table  = login].	[MsgId: MMSG-13876]
Notify: Getting new value for parameter 'login': table = '..\Parameters\login.dat' column = '0' row = '6'.	[MsgId: MMSG-13877]
Notify: Next row for parameter password = 6 [table  = password].	[MsgId: MMSG-13876]
Notify: Getting new value for parameter 'password': table = '..\Parameters\login.dat' column = '1' row = '6'.	[MsgId: MMSG-13877]
Notify: Next row for parameter arrive = 6 [table  = arrive].	[MsgId: MMSG-13876]
Notify: Getting new value for parameter 'arrive': table = '..\Parameters\depart.dat' column = '1' row = '6'.	[MsgId: MMSG-13877]
Notify: Next row for parameter firstName = 6 [table  = firstName].	[MsgId: MMSG-13876]
Notify: Getting new value for parameter 'firstName': table = '..\Parameters\login.dat' column = '2' row = '6'.	[MsgId: MMSG-13877]
Starting action Action.	[MsgId: MMSG-15919]
Action.c(4): Notify: Transaction "05_ChooseFlight" started.	[MsgId: MMSG-16999]
Action.c(6): Notify: Transaction "loadWebTours" started.	[MsgId: MMSG-16999]
Action.c(10): web_set_sockets_option started  	[MsgId: MMSG-26355]
Action.c(10): web_set_sockets_option was successful  	[MsgId: MMSG-26392]
Action.c(12): web_add_auto_header("Sec-Fetch-Site") started  	[MsgId: MMSG-26355]
Action.c(12): web_add_auto_header("Sec-Fetch-Site") was successful  	[MsgId: MMSG-26392]
Action.c(15): web_add_auto_header("Sec-Fetch-Dest") started  	[MsgId: MMSG-26355]
Action.c(15): web_add_auto_header("Sec-Fetch-Dest") was successful  	[MsgId: MMSG-26392]
Action.c(18): web_add_auto_header("Sec-Fetch-Mode") started  	[MsgId: MMSG-26355]
Action.c(18): web_add_auto_header("Sec-Fetch-Mode") was successful  	[MsgId: MMSG-26392]
Action.c(21): web_add_auto_header("DNT") started  	[MsgId: MMSG-26355]
Action.c(21): web_add_auto_header("DNT") was successful  	[MsgId: MMSG-26392]
Action.c(24): web_add_auto_header("Sec-Fetch-User") started  	[MsgId: MMSG-26355]
Action.c(24): web_add_auto_header("Sec-Fetch-User") was successful  	[MsgId: MMSG-26392]
Action.c(27): web_add_auto_header("Upgrade-Insecure-Requests") started  	[MsgId: MMSG-26355]
Action.c(27): web_add_auto_header("Upgrade-Insecure-Requests") was successful  	[MsgId: MMSG-26392]
Action.c(36): web_reg_save_param_attrib started  	[MsgId: MMSG-26355]
Action.c(36): Registering web_reg_save_param_attrib was successful  	[MsgId: MMSG-26390]
Action.c(46): web_reg_find started  	[MsgId: MMSG-26355]
Action.c(46): Registering web_reg_find was successful  	[MsgId: MMSG-26390]
Action.c(50): web_url("WebTours") started  	[MsgId: MMSG-26355]
Action.c(50): Error -27792: Failed to connect to server "localhost:1080": [10061] Connection refused  	[MsgId: MERR-27792]
Action.c(50): Notify: Saving Parameter "userSession = ".	[MsgId: MMSG-13798]
Action.c(50): Error -35048: No match found for the requested parameter "userSession". Check whether the tag with specific attributes exists in the response data  	[MsgId: MERR-35048]
Action.c(50): Error -26366: "Text=A Session ID has been created" not found for web_reg_find  	[MsgId: MERR-26366]
Action.c(50): Error -26374: The above "not found" error(s) may be explained by header and body byte counts being 0 and 0, respectively.  	[MsgId: MERR-26374]
Action.c(50): web_url("WebTours") highest severity level was "ERROR", 0 body bytes, 0 header bytes  	[MsgId: MMSG-26388]
Action.c(50): Notify: Transaction "loadWebTours" ended with a "Fail" status (Duration: 2.0026 Wasted Time: 0.0001).	[MsgId: MMSG-16871]
Action.c(50): Notify: Transaction "loadWebTours" has 3 error message(s).	[MsgId: MMSG-16818]
Action.c(50): Notify: The 1st error message associated with transaction "loadWebTours" is "Error -27792: Failed to connect to server "localhost:1080": [10061] Connection refused"	[MsgId: MMSG-16819]
Action.c(50): Notify: The 2nd error message associated with transaction "loadWebTours" is "Error -26366: "Text=A Session ID has been created" not found for web_reg_find"	[MsgId: MMSG-16819]
Action.c(50): Notify: The 3rd error message associated with transaction "loadWebTours" is "Error -26374: The above "not found" error(s) may be explained by header and body byte counts being 0 and 0, respectively."	[MsgId: MMSG-16819]
Action.c(50): Notify: Transaction "05_ChooseFlight" ended with a "Fail" status (Duration: 2.0026 Wasted Time: 0.0001).	[MsgId: MMSG-16871]
Action.c(50): Notify: Transaction "05_ChooseFlight" has 3 error message(s).	[MsgId: MMSG-16818]
Action.c(50): Notify: The 1st error message associated with transaction "05_ChooseFlight" is "Error -27792: Failed to connect to server "localhost:1080": [10061] Connection refused"	[MsgId: MMSG-16819]
Action.c(50): Notify: The 2nd error message associated with transaction "05_ChooseFlight" is "Error -26366: "Text=A Session ID has been created" not found for web_reg_find"	[MsgId: MMSG-16819]
Action.c(50): Notify: The 3rd error message associated with transaction "05_ChooseFlight" is "Error -26374: The above "not found" error(s) may be explained by header and body byte counts being 0 and 0, respectively."	[MsgId: MMSG-16819]
Ending action Action.	[MsgId: MMSG-15918]
Ending iteration 6.	[MsgId: MMSG-15965]
Starting iteration 7.	[MsgId: MMSG-15968]
Notify: Next row for parameter seatPref = 1 [table  = seatPref].	[MsgId: MMSG-13876]
Notify: Getting new value for parameter 'seatPref': table = '..\Parameters\seatPref.dat' column = '0' row = '1'.	[MsgId: MMSG-13877]
Notify: Next row for parameter seatType = 1 [table  = seatType].	[MsgId: MMSG-13876]
Notify: Getting new value for parameter 'seatType': table = '..\Parameters\seatType.dat' column = '0' row = '1'.	[MsgId: MMSG-13877]
Notify: Next row for parameter depart = 7 [table  = depart].	[MsgId: MMSG-13876]
Notify: Getting new value for parameter 'depart': table = '..\Parameters\depart.dat' column = '0' row = '7'.	[MsgId: MMSG-13877]
Notify: Next row for parameter login = 7 [table  = login].	[MsgId: MMSG-13876]
Notify: Getting new value for parameter 'login': table = '..\Parameters\login.dat' column = '0' row = '7'.	[MsgId: MMSG-13877]
Notify: Next row for parameter password = 7 [table  = password].	[MsgId: MMSG-13876]
Notify: Getting new value for parameter 'password': table = '..\Parameters\login.dat' column = '1' row = '7'.	[MsgId: MMSG-13877]
Notify: Next row for parameter arrive = 7 [table  = arrive].	[MsgId: MMSG-13876]
Notify: Getting new value for parameter 'arrive': table = '..\Parameters\depart.dat' column = '1' row = '7'.	[MsgId: MMSG-13877]
Notify: Next row for parameter firstName = 7 [table  = firstName].	[MsgId: MMSG-13876]
Notify: Getting new value for parameter 'firstName': table = '..\Parameters\login.dat' column = '2' row = '7'.	[MsgId: MMSG-13877]
Starting action Action.	[MsgId: MMSG-15919]
Action.c(4): Notify: Transaction "05_ChooseFlight" started.	[MsgId: MMSG-16999]
Action.c(6): Notify: Transaction "loadWebTours" started.	[MsgId: MMSG-16999]
Action.c(10): web_set_sockets_option started  	[MsgId: MMSG-26355]
Action.c(10): web_set_sockets_option was successful  	[MsgId: MMSG-26392]
Action.c(12): web_add_auto_header("Sec-Fetch-Site") started  	[MsgId: MMSG-26355]
Action.c(12): web_add_auto_header("Sec-Fetch-Site") was successful  	[MsgId: MMSG-26392]
Action.c(15): web_add_auto_header("Sec-Fetch-Dest") started  	[MsgId: MMSG-26355]
Action.c(15): web_add_auto_header("Sec-Fetch-Dest") was successful  	[MsgId: MMSG-26392]
Action.c(18): web_add_auto_header("Sec-Fetch-Mode") started  	[MsgId: MMSG-26355]
Action.c(18): web_add_auto_header("Sec-Fetch-Mode") was successful  	[MsgId: MMSG-26392]
Action.c(21): web_add_auto_header("DNT") started  	[MsgId: MMSG-26355]
Action.c(21): web_add_auto_header("DNT") was successful  	[MsgId: MMSG-26392]
Action.c(24): web_add_auto_header("Sec-Fetch-User") started  	[MsgId: MMSG-26355]
Action.c(24): web_add_auto_header("Sec-Fetch-User") was successful  	[MsgId: MMSG-26392]
Action.c(27): web_add_auto_header("Upgrade-Insecure-Requests") started  	[MsgId: MMSG-26355]
Action.c(27): web_add_auto_header("Upgrade-Insecure-Requests") was successful  	[MsgId: MMSG-26392]
Action.c(36): web_reg_save_param_attrib started  	[MsgId: MMSG-26355]
Action.c(36): Registering web_reg_save_param_attrib was successful  	[MsgId: MMSG-26390]
Action.c(46): web_reg_find started  	[MsgId: MMSG-26355]
Action.c(46): Registering web_reg_find was successful  	[MsgId: MMSG-26390]
Action.c(50): web_url("WebTours") started  	[MsgId: MMSG-26355]
Action.c(50): Error -27792: Failed to connect to server "localhost:1080": [10061] Connection refused  	[MsgId: MERR-27792]
Action.c(50): Notify: Saving Parameter "userSession = ".	[MsgId: MMSG-13798]
Action.c(50): Error -35048: No match found for the requested parameter "userSession". Check whether the tag with specific attributes exists in the response data  	[MsgId: MERR-35048]
Action.c(50): Error -26366: "Text=A Session ID has been created" not found for web_reg_find  	[MsgId: MERR-26366]
Action.c(50): Error -26374: The above "not found" error(s) may be explained by header and body byte counts being 0 and 0, respectively.  	[MsgId: MERR-26374]
Action.c(50): web_url("WebTours") highest severity level was "ERROR", 0 body bytes, 0 header bytes  	[MsgId: MMSG-26388]
Action.c(50): Notify: Transaction "loadWebTours" ended with a "Fail" status (Duration: 2.0020 Wasted Time: 0.0001).	[MsgId: MMSG-16871]
Action.c(50): Notify: Transaction "loadWebTours" has 3 error message(s).	[MsgId: MMSG-16818]
Action.c(50): Notify: The 1st error message associated with transaction "loadWebTours" is "Error -27792: Failed to connect to server "localhost:1080": [10061] Connection refused"	[MsgId: MMSG-16819]
Action.c(50): Notify: The 2nd error message associated with transaction "loadWebTours" is "Error -26366: "Text=A Session ID has been created" not found for web_reg_find"	[MsgId: MMSG-16819]
Action.c(50): Notify: The 3rd error message associated with transaction "loadWebTours" is "Error -26374: The above "not found" error(s) may be explained by header and body byte counts being 0 and 0, respectively."	[MsgId: MMSG-16819]
Action.c(50): Notify: Transaction "05_ChooseFlight" ended with a "Fail" status (Duration: 2.0021 Wasted Time: 0.0001).	[MsgId: MMSG-16871]
Action.c(50): Notify: Transaction "05_ChooseFlight" has 3 error message(s).	[MsgId: MMSG-16818]
Action.c(50): Notify: The 1st error message associated with transaction "05_ChooseFlight" is "Error -27792: Failed to connect to server "localhost:1080": [10061] Connection refused"	[MsgId: MMSG-16819]
Action.c(50): Notify: The 2nd error message associated with transaction "05_ChooseFlight" is "Error -26366: "Text=A Session ID has been created" not found for web_reg_find"	[MsgId: MMSG-16819]
Action.c(50): Notify: The 3rd error message associated with transaction "05_ChooseFlight" is "Error -26374: The above "not found" error(s) may be explained by header and body byte counts being 0 and 0, respectively."	[MsgId: MMSG-16819]
Ending action Action.	[MsgId: MMSG-15918]
Ending iteration 7.	[MsgId: MMSG-15965]
Starting iteration 8.	[MsgId: MMSG-15968]
Notify: Next row for parameter seatPref = 2 [table  = seatPref].	[MsgId: MMSG-13876]
Notify: Getting new value for parameter 'seatPref': table = '..\Parameters\seatPref.dat' column = '0' row = '2'.	[MsgId: MMSG-13877]
Notify: Next row for parameter seatType = 2 [table  = seatType].	[MsgId: MMSG-13876]
Notify: Getting new value for parameter 'seatType': table = '..\Parameters\seatType.dat' column = '0' row = '2'.	[MsgId: MMSG-13877]
Notify: Next row for parameter depart = 8 [table  = depart].	[MsgId: MMSG-13876]
Notify: Getting new value for parameter 'depart': table = '..\Parameters\depart.dat' column = '0' row = '8'.	[MsgId: MMSG-13877]
Notify: Next row for parameter login = 8 [table  = login].	[MsgId: MMSG-13876]
Notify: Getting new value for parameter 'login': table = '..\Parameters\login.dat' column = '0' row = '8'.	[MsgId: MMSG-13877]
Notify: Next row for parameter password = 8 [table  = password].	[MsgId: MMSG-13876]
Notify: Getting new value for parameter 'password': table = '..\Parameters\login.dat' column = '1' row = '8'.	[MsgId: MMSG-13877]
Notify: Next row for parameter arrive = 8 [table  = arrive].	[MsgId: MMSG-13876]
Notify: Getting new value for parameter 'arrive': table = '..\Parameters\depart.dat' column = '1' row = '8'.	[MsgId: MMSG-13877]
Notify: Next row for parameter firstName = 8 [table  = firstName].	[MsgId: MMSG-13876]
Notify: Getting new value for parameter 'firstName': table = '..\Parameters\login.dat' column = '2' row = '8'.	[MsgId: MMSG-13877]
Starting action Action.	[MsgId: MMSG-15919]
Action.c(4): Notify: Transaction "05_ChooseFlight" started.	[MsgId: MMSG-16999]
Action.c(6): Notify: Transaction "loadWebTours" started.	[MsgId: MMSG-16999]
Action.c(10): web_set_sockets_option started  	[MsgId: MMSG-26355]
Action.c(10): web_set_sockets_option was successful  	[MsgId: MMSG-26392]
Action.c(12): web_add_auto_header("Sec-Fetch-Site") started  	[MsgId: MMSG-26355]
Action.c(12): web_add_auto_header("Sec-Fetch-Site") was successful  	[MsgId: MMSG-26392]
Action.c(15): web_add_auto_header("Sec-Fetch-Dest") started  	[MsgId: MMSG-26355]
Action.c(15): web_add_auto_header("Sec-Fetch-Dest") was successful  	[MsgId: MMSG-26392]
Action.c(18): web_add_auto_header("Sec-Fetch-Mode") started  	[MsgId: MMSG-26355]
Action.c(18): web_add_auto_header("Sec-Fetch-Mode") was successful  	[MsgId: MMSG-26392]
Action.c(21): web_add_auto_header("DNT") started  	[MsgId: MMSG-26355]
Action.c(21): web_add_auto_header("DNT") was successful  	[MsgId: MMSG-26392]
Action.c(24): web_add_auto_header("Sec-Fetch-User") started  	[MsgId: MMSG-26355]
Action.c(24): web_add_auto_header("Sec-Fetch-User") was successful  	[MsgId: MMSG-26392]
Action.c(27): web_add_auto_header("Upgrade-Insecure-Requests") started  	[MsgId: MMSG-26355]
Action.c(27): web_add_auto_header("Upgrade-Insecure-Requests") was successful  	[MsgId: MMSG-26392]
Action.c(36): web_reg_save_param_attrib started  	[MsgId: MMSG-26355]
Action.c(36): Registering web_reg_save_param_attrib was successful  	[MsgId: MMSG-26390]
Action.c(46): web_reg_find started  	[MsgId: MMSG-26355]
Action.c(46): Registering web_reg_find was successful  	[MsgId: MMSG-26390]
Action.c(50): web_url("WebTours") started  	[MsgId: MMSG-26355]
Action.c(50): Error -27792: Failed to connect to server "localhost:1080": [10061] Connection refused  	[MsgId: MERR-27792]
Action.c(50): Notify: Saving Parameter "userSession = ".	[MsgId: MMSG-13798]
Action.c(50): Error -35048: No match found for the requested parameter "userSession". Check whether the tag with specific attributes exists in the response data  	[MsgId: MERR-35048]
Action.c(50): Error -26366: "Text=A Session ID has been created" not found for web_reg_find  	[MsgId: MERR-26366]
Action.c(50): Error -26374: The above "not found" error(s) may be explained by header and body byte counts being 0 and 0, respectively.  	[MsgId: MERR-26374]
Action.c(50): web_url("WebTours") highest severity level was "ERROR", 0 body bytes, 0 header bytes  	[MsgId: MMSG-26388]
Action.c(50): Notify: Transaction "loadWebTours" ended with a "Fail" status (Duration: 2.0029 Wasted Time: 0.0001).	[MsgId: MMSG-16871]
Action.c(50): Notify: Transaction "loadWebTours" has 3 error message(s).	[MsgId: MMSG-16818]
Action.c(50): Notify: The 1st error message associated with transaction "loadWebTours" is "Error -27792: Failed to connect to server "localhost:1080": [10061] Connection refused"	[MsgId: MMSG-16819]
Action.c(50): Notify: The 2nd error message associated with transaction "loadWebTours" is "Error -26366: "Text=A Session ID has been created" not found for web_reg_find"	[MsgId: MMSG-16819]
Action.c(50): Notify: The 3rd error message associated with transaction "loadWebTours" is "Error -26374: The above "not found" error(s) may be explained by header and body byte counts being 0 and 0, respectively."	[MsgId: MMSG-16819]
Action.c(50): Notify: Transaction "05_ChooseFlight" ended with a "Fail" status (Duration: 2.0029 Wasted Time: 0.0001).	[MsgId: MMSG-16871]
Action.c(50): Notify: Transaction "05_ChooseFlight" has 3 error message(s).	[MsgId: MMSG-16818]
Action.c(50): Notify: The 1st error message associated with transaction "05_ChooseFlight" is "Error -27792: Failed to connect to server "localhost:1080": [10061] Connection refused"	[MsgId: MMSG-16819]
Action.c(50): Notify: The 2nd error message associated with transaction "05_ChooseFlight" is "Error -26366: "Text=A Session ID has been created" not found for web_reg_find"	[MsgId: MMSG-16819]
Action.c(50): Notify: The 3rd error message associated with transaction "05_ChooseFlight" is "Error -26374: The above "not found" error(s) may be explained by header and body byte counts being 0 and 0, respectively."	[MsgId: MMSG-16819]
Ending action Action.	[MsgId: MMSG-15918]
Ending iteration 8.	[MsgId: MMSG-15965]
Starting iteration 9.	[MsgId: MMSG-15968]
Notify: Next row for parameter seatPref = 3 [table  = seatPref].	[MsgId: MMSG-13876]
Notify: Getting new value for parameter 'seatPref': table = '..\Parameters\seatPref.dat' column = '0' row = '3'.	[MsgId: MMSG-13877]
Notify: Next row for parameter seatType = 3 [table  = seatType].	[MsgId: MMSG-13876]
Notify: Getting new value for parameter 'seatType': table = '..\Parameters\seatType.dat' column = '0' row = '3'.	[MsgId: MMSG-13877]
Notify: Next row for parameter depart = 9 [table  = depart].	[MsgId: MMSG-13876]
Notify: Getting new value for parameter 'depart': table = '..\Parameters\depart.dat' column = '0' row = '9'.	[MsgId: MMSG-13877]
Notify: Next row for parameter login = 9 [table  = login].	[MsgId: MMSG-13876]
Notify: Getting new value for parameter 'login': table = '..\Parameters\login.dat' column = '0' row = '9'.	[MsgId: MMSG-13877]
Notify: Next row for parameter password = 9 [table  = password].	[MsgId: MMSG-13876]
Notify: Getting new value for parameter 'password': table = '..\Parameters\login.dat' column = '1' row = '9'.	[MsgId: MMSG-13877]
Notify: Next row for parameter arrive = 9 [table  = arrive].	[MsgId: MMSG-13876]
Notify: Getting new value for parameter 'arrive': table = '..\Parameters\depart.dat' column = '1' row = '9'.	[MsgId: MMSG-13877]
Notify: Next row for parameter firstName = 9 [table  = firstName].	[MsgId: MMSG-13876]
Notify: Getting new value for parameter 'firstName': table = '..\Parameters\login.dat' column = '2' row = '9'.	[MsgId: MMSG-13877]
Starting action Action.	[MsgId: MMSG-15919]
Action.c(4): Notify: Transaction "05_ChooseFlight" started.	[MsgId: MMSG-16999]
Action.c(6): Notify: Transaction "loadWebTours" started.	[MsgId: MMSG-16999]
Action.c(10): web_set_sockets_option started  	[MsgId: MMSG-26355]
Action.c(10): web_set_sockets_option was successful  	[MsgId: MMSG-26392]
Action.c(12): web_add_auto_header("Sec-Fetch-Site") started  	[MsgId: MMSG-26355]
Action.c(12): web_add_auto_header("Sec-Fetch-Site") was successful  	[MsgId: MMSG-26392]
Action.c(15): web_add_auto_header("Sec-Fetch-Dest") started  	[MsgId: MMSG-26355]
Action.c(15): web_add_auto_header("Sec-Fetch-Dest") was successful  	[MsgId: MMSG-26392]
Action.c(18): web_add_auto_header("Sec-Fetch-Mode") started  	[MsgId: MMSG-26355]
Action.c(18): web_add_auto_header("Sec-Fetch-Mode") was successful  	[MsgId: MMSG-26392]
Action.c(21): web_add_auto_header("DNT") started  	[MsgId: MMSG-26355]
Action.c(21): web_add_auto_header("DNT") was successful  	[MsgId: MMSG-26392]
Action.c(24): web_add_auto_header("Sec-Fetch-User") started  	[MsgId: MMSG-26355]
Action.c(24): web_add_auto_header("Sec-Fetch-User") was successful  	[MsgId: MMSG-26392]
Action.c(27): web_add_auto_header("Upgrade-Insecure-Requests") started  	[MsgId: MMSG-26355]
Action.c(27): web_add_auto_header("Upgrade-Insecure-Requests") was successful  	[MsgId: MMSG-26392]
Action.c(36): web_reg_save_param_attrib started  	[MsgId: MMSG-26355]
Action.c(36): Registering web_reg_save_param_attrib was successful  	[MsgId: MMSG-26390]
Action.c(46): web_reg_find started  	[MsgId: MMSG-26355]
Action.c(46): Registering web_reg_find was successful  	[MsgId: MMSG-26390]
Action.c(50): web_url("WebTours") started  	[MsgId: MMSG-26355]
Action.c(50): Error -27792: Failed to connect to server "localhost:1080": [10061] Connection refused  	[MsgId: MERR-27792]
Action.c(50): Notify: Saving Parameter "userSession = ".	[MsgId: MMSG-13798]
Action.c(50): Error -35048: No match found for the requested parameter "userSession". Check whether the tag with specific attributes exists in the response data  	[MsgId: MERR-35048]
Action.c(50): Error -26366: "Text=A Session ID has been created" not found for web_reg_find  	[MsgId: MERR-26366]
Action.c(50): Error -26374: The above "not found" error(s) may be explained by header and body byte counts being 0 and 0, respectively.  	[MsgId: MERR-26374]
Action.c(50): web_url("WebTours") highest severity level was "ERROR", 0 body bytes, 0 header bytes  	[MsgId: MMSG-26388]
Action.c(50): Notify: Transaction "loadWebTours" ended with a "Fail" status (Duration: 2.0030 Wasted Time: 0.0002).	[MsgId: MMSG-16871]
Action.c(50): Notify: Transaction "loadWebTours" has 3 error message(s).	[MsgId: MMSG-16818]
Action.c(50): Notify: The 1st error message associated with transaction "loadWebTours" is "Error -27792: Failed to connect to server "localhost:1080": [10061] Connection refused"	[MsgId: MMSG-16819]
Action.c(50): Notify: The 2nd error message associated with transaction "loadWebTours" is "Error -26366: "Text=A Session ID has been created" not found for web_reg_find"	[MsgId: MMSG-16819]
Action.c(50): Notify: The 3rd error message associated with transaction "loadWebTours" is "Error -26374: The above "not found" error(s) may be explained by header and body byte counts being 0 and 0, respectively."	[MsgId: MMSG-16819]
Action.c(50): Notify: Transaction "05_ChooseFlight" ended with a "Fail" status (Duration: 2.0030 Wasted Time: 0.0002).	[MsgId: MMSG-16871]
Action.c(50): Notify: Transaction "05_ChooseFlight" has 3 error message(s).	[MsgId: MMSG-16818]
Action.c(50): Notify: The 1st error message associated with transaction "05_ChooseFlight" is "Error -27792: Failed to connect to server "localhost:1080": [10061] Connection refused"	[MsgId: MMSG-16819]
Action.c(50): Notify: The 2nd error message associated with transaction "05_ChooseFlight" is "Error -26366: "Text=A Session ID has been created" not found for web_reg_find"	[MsgId: MMSG-16819]
Action.c(50): Notify: The 3rd error message associated with transaction "05_ChooseFlight" is "Error -26374: The above "not found" error(s) may be explained by header and body byte counts being 0 and 0, respectively."	[MsgId: MMSG-16819]
Ending action Action.	[MsgId: MMSG-15918]
Ending iteration 9.	[MsgId: MMSG-15965]
Starting iteration 10.	[MsgId: MMSG-15968]
Notify: Next row for parameter seatPref = 1 [table  = seatPref].	[MsgId: MMSG-13876]
Notify: Getting new value for parameter 'seatPref': table = '..\Parameters\seatPref.dat' column = '0' row = '1'.	[MsgId: MMSG-13877]
Notify: Next row for parameter seatType = 1 [table  = seatType].	[MsgId: MMSG-13876]
Notify: Getting new value for parameter 'seatType': table = '..\Parameters\seatType.dat' column = '0' row = '1'.	[MsgId: MMSG-13877]
Notify: Next row for parameter depart = 10 [table  = depart].	[MsgId: MMSG-13876]
Notify: Getting new value for parameter 'depart': table = '..\Parameters\depart.dat' column = '0' row = '10'.	[MsgId: MMSG-13877]
Notify: Next row for parameter login = 10 [table  = login].	[MsgId: MMSG-13876]
Notify: Getting new value for parameter 'login': table = '..\Parameters\login.dat' column = '0' row = '10'.	[MsgId: MMSG-13877]
Notify: Next row for parameter password = 10 [table  = password].	[MsgId: MMSG-13876]
Notify: Getting new value for parameter 'password': table = '..\Parameters\login.dat' column = '1' row = '10'.	[MsgId: MMSG-13877]
Notify: Next row for parameter arrive = 10 [table  = arrive].	[MsgId: MMSG-13876]
Notify: Getting new value for parameter 'arrive': table = '..\Parameters\depart.dat' column = '1' row = '10'.	[MsgId: MMSG-13877]
Notify: Next row for parameter firstName = 10 [table  = firstName].	[MsgId: MMSG-13876]
Notify: Getting new value for parameter 'firstName': table = '..\Parameters\login.dat' column = '2' row = '10'.	[MsgId: MMSG-13877]
Starting action Action.	[MsgId: MMSG-15919]
Action.c(4): Notify: Transaction "05_ChooseFlight" started.	[MsgId: MMSG-16999]
Action.c(6): Notify: Transaction "loadWebTours" started.	[MsgId: MMSG-16999]
Action.c(10): web_set_sockets_option started  	[MsgId: MMSG-26355]
Action.c(10): web_set_sockets_option was successful  	[MsgId: MMSG-26392]
Action.c(12): web_add_auto_header("Sec-Fetch-Site") started  	[MsgId: MMSG-26355]
Action.c(12): web_add_auto_header("Sec-Fetch-Site") was successful  	[MsgId: MMSG-26392]
Action.c(15): web_add_auto_header("Sec-Fetch-Dest") started  	[MsgId: MMSG-26355]
Action.c(15): web_add_auto_header("Sec-Fetch-Dest") was successful  	[MsgId: MMSG-26392]
Action.c(18): web_add_auto_header("Sec-Fetch-Mode") started  	[MsgId: MMSG-26355]
Action.c(18): web_add_auto_header("Sec-Fetch-Mode") was successful  	[MsgId: MMSG-26392]
Action.c(21): web_add_auto_header("DNT") started  	[MsgId: MMSG-26355]
Action.c(21): web_add_auto_header("DNT") was successful  	[MsgId: MMSG-26392]
Action.c(24): web_add_auto_header("Sec-Fetch-User") started  	[MsgId: MMSG-26355]
Action.c(24): web_add_auto_header("Sec-Fetch-User") was successful  	[MsgId: MMSG-26392]
Action.c(27): web_add_auto_header("Upgrade-Insecure-Requests") started  	[MsgId: MMSG-26355]
Action.c(27): web_add_auto_header("Upgrade-Insecure-Requests") was successful  	[MsgId: MMSG-26392]
Action.c(36): web_reg_save_param_attrib started  	[MsgId: MMSG-26355]
Action.c(36): Registering web_reg_save_param_attrib was successful  	[MsgId: MMSG-26390]
Action.c(46): web_reg_find started  	[MsgId: MMSG-26355]
Action.c(46): Registering web_reg_find was successful  	[MsgId: MMSG-26390]
Action.c(50): web_url("WebTours") started  	[MsgId: MMSG-26355]
Action.c(50): Error -27792: Failed to connect to server "localhost:1080": [10061] Connection refused  	[MsgId: MERR-27792]
Action.c(50): Notify: Saving Parameter "userSession = ".	[MsgId: MMSG-13798]
Action.c(50): Error -35048: No match found for the requested parameter "userSession". Check whether the tag with specific attributes exists in the response data  	[MsgId: MERR-35048]
Action.c(50): Error -26366: "Text=A Session ID has been created" not found for web_reg_find  	[MsgId: MERR-26366]
Action.c(50): Error -26374: The above "not found" error(s) may be explained by header and body byte counts being 0 and 0, respectively.  	[MsgId: MERR-26374]
Action.c(50): web_url("WebTours") highest severity level was "ERROR", 0 body bytes, 0 header bytes  	[MsgId: MMSG-26388]
Action.c(50): Notify: Transaction "loadWebTours" ended with a "Fail" status (Duration: 2.0081 Wasted Time: 0.0002).	[MsgId: MMSG-16871]
Action.c(50): Notify: Transaction "loadWebTours" has 3 error message(s).	[MsgId: MMSG-16818]
Action.c(50): Notify: The 1st error message associated with transaction "loadWebTours" is "Error -27792: Failed to connect to server "localhost:1080": [10061] Connection refused"	[MsgId: MMSG-16819]
Action.c(50): Notify: The 2nd error message associated with transaction "loadWebTours" is "Error -26366: "Text=A Session ID has been created" not found for web_reg_find"	[MsgId: MMSG-16819]
Action.c(50): Notify: The 3rd error message associated with transaction "loadWebTours" is "Error -26374: The above "not found" error(s) may be explained by header and body byte counts being 0 and 0, respectively."	[MsgId: MMSG-16819]
Action.c(50): Notify: Transaction "05_ChooseFlight" ended with a "Fail" status (Duration: 2.0082 Wasted Time: 0.0002).	[MsgId: MMSG-16871]
Action.c(50): Notify: Transaction "05_ChooseFlight" has 3 error message(s).	[MsgId: MMSG-16818]
Action.c(50): Notify: The 1st error message associated with transaction "05_ChooseFlight" is "Error -27792: Failed to connect to server "localhost:1080": [10061] Connection refused"	[MsgId: MMSG-16819]
Action.c(50): Notify: The 2nd error message associated with transaction "05_ChooseFlight" is "Error -26366: "Text=A Session ID has been created" not found for web_reg_find"	[MsgId: MMSG-16819]
Action.c(50): Notify: The 3rd error message associated with transaction "05_ChooseFlight" is "Error -26374: The above "not found" error(s) may be explained by header and body byte counts being 0 and 0, respectively."	[MsgId: MMSG-16819]
Ending action Action.	[MsgId: MMSG-15918]
Ending iteration 10.	[MsgId: MMSG-15965]
Starting iteration 11.	[MsgId: MMSG-15968]
Notify: Next row for parameter seatPref = 2 [table  = seatPref].	[MsgId: MMSG-13876]
Notify: Getting new value for parameter 'seatPref': table = '..\Parameters\seatPref.dat' column = '0' row = '2'.	[MsgId: MMSG-13877]
Notify: Next row for parameter seatType = 2 [table  = seatType].	[MsgId: MMSG-13876]
Notify: Getting new value for parameter 'seatType': table = '..\Parameters\seatType.dat' column = '0' row = '2'.	[MsgId: MMSG-13877]
Notify: Next row for parameter depart = 1 [table  = depart].	[MsgId: MMSG-13876]
Notify: Getting new value for parameter 'depart': table = '..\Parameters\depart.dat' column = '0' row = '1'.	[MsgId: MMSG-13877]
Notify: Next row for parameter login = 1 [table  = login].	[MsgId: MMSG-13876]
Notify: Getting new value for parameter 'login': table = '..\Parameters\login.dat' column = '0' row = '1'.	[MsgId: MMSG-13877]
Notify: Next row for parameter password = 1 [table  = password].	[MsgId: MMSG-13876]
Notify: Getting new value for parameter 'password': table = '..\Parameters\login.dat' column = '1' row = '1'.	[MsgId: MMSG-13877]
Notify: Next row for parameter arrive = 1 [table  = arrive].	[MsgId: MMSG-13876]
Notify: Getting new value for parameter 'arrive': table = '..\Parameters\depart.dat' column = '1' row = '1'.	[MsgId: MMSG-13877]
Notify: Next row for parameter firstName = 1 [table  = firstName].	[MsgId: MMSG-13876]
Notify: Getting new value for parameter 'firstName': table = '..\Parameters\login.dat' column = '2' row = '1'.	[MsgId: MMSG-13877]
Starting action Action.	[MsgId: MMSG-15919]
Action.c(4): Notify: Transaction "05_ChooseFlight" started.	[MsgId: MMSG-16999]
Action.c(6): Notify: Transaction "loadWebTours" started.	[MsgId: MMSG-16999]
Action.c(10): web_set_sockets_option started  	[MsgId: MMSG-26355]
Action.c(10): web_set_sockets_option was successful  	[MsgId: MMSG-26392]
Action.c(12): web_add_auto_header("Sec-Fetch-Site") started  	[MsgId: MMSG-26355]
Action.c(12): web_add_auto_header("Sec-Fetch-Site") was successful  	[MsgId: MMSG-26392]
Action.c(15): web_add_auto_header("Sec-Fetch-Dest") started  	[MsgId: MMSG-26355]
Action.c(15): web_add_auto_header("Sec-Fetch-Dest") was successful  	[MsgId: MMSG-26392]
Action.c(18): web_add_auto_header("Sec-Fetch-Mode") started  	[MsgId: MMSG-26355]
Action.c(18): web_add_auto_header("Sec-Fetch-Mode") was successful  	[MsgId: MMSG-26392]
Action.c(21): web_add_auto_header("DNT") started  	[MsgId: MMSG-26355]
Action.c(21): web_add_auto_header("DNT") was successful  	[MsgId: MMSG-26392]
Action.c(24): web_add_auto_header("Sec-Fetch-User") started  	[MsgId: MMSG-26355]
Action.c(24): web_add_auto_header("Sec-Fetch-User") was successful  	[MsgId: MMSG-26392]
Action.c(27): web_add_auto_header("Upgrade-Insecure-Requests") started  	[MsgId: MMSG-26355]
Action.c(27): web_add_auto_header("Upgrade-Insecure-Requests") was successful  	[MsgId: MMSG-26392]
Action.c(36): web_reg_save_param_attrib started  	[MsgId: MMSG-26355]
Action.c(36): Registering web_reg_save_param_attrib was successful  	[MsgId: MMSG-26390]
Action.c(46): web_reg_find started  	[MsgId: MMSG-26355]
Action.c(46): Registering web_reg_find was successful  	[MsgId: MMSG-26390]
Action.c(50): web_url("WebTours") started  	[MsgId: MMSG-26355]
Action.c(50): Error -27792: Failed to connect to server "localhost:1080": [10061] Connection refused  	[MsgId: MERR-27792]
Action.c(50): Notify: Saving Parameter "userSession = ".	[MsgId: MMSG-13798]
Action.c(50): Error -35048: No match found for the requested parameter "userSession". Check whether the tag with specific attributes exists in the response data  	[MsgId: MERR-35048]
Action.c(50): Error -26366: "Text=A Session ID has been created" not found for web_reg_find  	[MsgId: MERR-26366]
Action.c(50): Error -26374: The above "not found" error(s) may be explained by header and body byte counts being 0 and 0, respectively.  	[MsgId: MERR-26374]
Action.c(50): web_url("WebTours") highest severity level was "ERROR", 0 body bytes, 0 header bytes  	[MsgId: MMSG-26388]
Action.c(50): Notify: Transaction "loadWebTours" ended with a "Fail" status (Duration: 2.0148 Wasted Time: 0.0002).	[MsgId: MMSG-16871]
Action.c(50): Notify: Transaction "loadWebTours" has 3 error message(s).	[MsgId: MMSG-16818]
Action.c(50): Notify: The 1st error message associated with transaction "loadWebTours" is "Error -27792: Failed to connect to server "localhost:1080": [10061] Connection refused"	[MsgId: MMSG-16819]
Action.c(50): Notify: The 2nd error message associated with transaction "loadWebTours" is "Error -26366: "Text=A Session ID has been created" not found for web_reg_find"	[MsgId: MMSG-16819]
Action.c(50): Notify: The 3rd error message associated with transaction "loadWebTours" is "Error -26374: The above "not found" error(s) may be explained by header and body byte counts being 0 and 0, respectively."	[MsgId: MMSG-16819]
Action.c(50): Notify: Transaction "05_ChooseFlight" ended with a "Fail" status (Duration: 2.0148 Wasted Time: 0.0002).	[MsgId: MMSG-16871]
Action.c(50): Notify: Transaction "05_ChooseFlight" has 3 error message(s).	[MsgId: MMSG-16818]
Action.c(50): Notify: The 1st error message associated with transaction "05_ChooseFlight" is "Error -27792: Failed to connect to server "localhost:1080": [10061] Connection refused"	[MsgId: MMSG-16819]
Action.c(50): Notify: The 2nd error message associated with transaction "05_ChooseFlight" is "Error -26366: "Text=A Session ID has been created" not found for web_reg_find"	[MsgId: MMSG-16819]
Action.c(50): Notify: The 3rd error message associated with transaction "05_ChooseFlight" is "Error -26374: The above "not found" error(s) may be explained by header and body byte counts being 0 and 0, respectively."	[MsgId: MMSG-16819]
Ending action Action.	[MsgId: MMSG-15918]
Ending iteration 11.	[MsgId: MMSG-15965]
Starting iteration 12.	[MsgId: MMSG-15968]
Notify: Next row for parameter seatPref = 3 [table  = seatPref].	[MsgId: MMSG-13876]
Notify: Getting new value for parameter 'seatPref': table = '..\Parameters\seatPref.dat' column = '0' row = '3'.	[MsgId: MMSG-13877]
Notify: Next row for parameter seatType = 3 [table  = seatType].	[MsgId: MMSG-13876]
Notify: Getting new value for parameter 'seatType': table = '..\Parameters\seatType.dat' column = '0' row = '3'.	[MsgId: MMSG-13877]
Notify: Next row for parameter depart = 2 [table  = depart].	[MsgId: MMSG-13876]
Notify: Getting new value for parameter 'depart': table = '..\Parameters\depart.dat' column = '0' row = '2'.	[MsgId: MMSG-13877]
Notify: Next row for parameter login = 2 [table  = login].	[MsgId: MMSG-13876]
Notify: Getting new value for parameter 'login': table = '..\Parameters\login.dat' column = '0' row = '2'.	[MsgId: MMSG-13877]
Notify: Next row for parameter password = 2 [table  = password].	[MsgId: MMSG-13876]
Notify: Getting new value for parameter 'password': table = '..\Parameters\login.dat' column = '1' row = '2'.	[MsgId: MMSG-13877]
Notify: Next row for parameter arrive = 2 [table  = arrive].	[MsgId: MMSG-13876]
Notify: Getting new value for parameter 'arrive': table = '..\Parameters\depart.dat' column = '1' row = '2'.	[MsgId: MMSG-13877]
Notify: Next row for parameter firstName = 2 [table  = firstName].	[MsgId: MMSG-13876]
Notify: Getting new value for parameter 'firstName': table = '..\Parameters\login.dat' column = '2' row = '2'.	[MsgId: MMSG-13877]
Starting action Action.	[MsgId: MMSG-15919]
Action.c(4): Notify: Transaction "05_ChooseFlight" started.	[MsgId: MMSG-16999]
Action.c(6): Notify: Transaction "loadWebTours" started.	[MsgId: MMSG-16999]
Action.c(10): web_set_sockets_option started  	[MsgId: MMSG-26355]
Action.c(10): web_set_sockets_option was successful  	[MsgId: MMSG-26392]
Action.c(12): web_add_auto_header("Sec-Fetch-Site") started  	[MsgId: MMSG-26355]
Action.c(12): web_add_auto_header("Sec-Fetch-Site") was successful  	[MsgId: MMSG-26392]
Action.c(15): web_add_auto_header("Sec-Fetch-Dest") started  	[MsgId: MMSG-26355]
Action.c(15): web_add_auto_header("Sec-Fetch-Dest") was successful  	[MsgId: MMSG-26392]
Action.c(18): web_add_auto_header("Sec-Fetch-Mode") started  	[MsgId: MMSG-26355]
Action.c(18): web_add_auto_header("Sec-Fetch-Mode") was successful  	[MsgId: MMSG-26392]
Action.c(21): web_add_auto_header("DNT") started  	[MsgId: MMSG-26355]
Action.c(21): web_add_auto_header("DNT") was successful  	[MsgId: MMSG-26392]
Action.c(24): web_add_auto_header("Sec-Fetch-User") started  	[MsgId: MMSG-26355]
Action.c(24): web_add_auto_header("Sec-Fetch-User") was successful  	[MsgId: MMSG-26392]
Action.c(27): web_add_auto_header("Upgrade-Insecure-Requests") started  	[MsgId: MMSG-26355]
Action.c(27): web_add_auto_header("Upgrade-Insecure-Requests") was successful  	[MsgId: MMSG-26392]
Action.c(36): web_reg_save_param_attrib started  	[MsgId: MMSG-26355]
Action.c(36): Registering web_reg_save_param_attrib was successful  	[MsgId: MMSG-26390]
Action.c(46): web_reg_find started  	[MsgId: MMSG-26355]
Action.c(46): Registering web_reg_find was successful  	[MsgId: MMSG-26390]
Action.c(50): web_url("WebTours") started  	[MsgId: MMSG-26355]
Action.c(50): Error -27792: Failed to connect to server "localhost:1080": [10061] Connection refused  	[MsgId: MERR-27792]
Action.c(50): Notify: Saving Parameter "userSession = ".	[MsgId: MMSG-13798]
Action.c(50): Error -35048: No match found for the requested parameter "userSession". Check whether the tag with specific attributes exists in the response data  	[MsgId: MERR-35048]
Action.c(50): Error -26366: "Text=A Session ID has been created" not found for web_reg_find  	[MsgId: MERR-26366]
Action.c(50): Error -26374: The above "not found" error(s) may be explained by header and body byte counts being 0 and 0, respectively.  	[MsgId: MERR-26374]
Action.c(50): web_url("WebTours") highest severity level was "ERROR", 0 body bytes, 0 header bytes  	[MsgId: MMSG-26388]
Action.c(50): Notify: Transaction "loadWebTours" ended with a "Fail" status (Duration: 2.0051 Wasted Time: 0.0002).	[MsgId: MMSG-16871]
Action.c(50): Notify: Transaction "loadWebTours" has 3 error message(s).	[MsgId: MMSG-16818]
Action.c(50): Notify: The 1st error message associated with transaction "loadWebTours" is "Error -27792: Failed to connect to server "localhost:1080": [10061] Connection refused"	[MsgId: MMSG-16819]
Action.c(50): Notify: The 2nd error message associated with transaction "loadWebTours" is "Error -26366: "Text=A Session ID has been created" not found for web_reg_find"	[MsgId: MMSG-16819]
Action.c(50): Notify: The 3rd error message associated with transaction "loadWebTours" is "Error -26374: The above "not found" error(s) may be explained by header and body byte counts being 0 and 0, respectively."	[MsgId: MMSG-16819]
Action.c(50): Notify: Transaction "05_ChooseFlight" ended with a "Fail" status (Duration: 2.0051 Wasted Time: 0.0002).	[MsgId: MMSG-16871]
Action.c(50): Notify: Transaction "05_ChooseFlight" has 3 error message(s).	[MsgId: MMSG-16818]
Action.c(50): Notify: The 1st error message associated with transaction "05_ChooseFlight" is "Error -27792: Failed to connect to server "localhost:1080": [10061] Connection refused"	[MsgId: MMSG-16819]
Action.c(50): Notify: The 2nd error message associated with transaction "05_ChooseFlight" is "Error -26366: "Text=A Session ID has been created" not found for web_reg_find"	[MsgId: MMSG-16819]
Action.c(50): Notify: The 3rd error message associated with transaction "05_ChooseFlight" is "Error -26374: The above "not found" error(s) may be explained by header and body byte counts being 0 and 0, respectively."	[MsgId: MMSG-16819]
Ending action Action.	[MsgId: MMSG-15918]
Ending iteration 12.	[MsgId: MMSG-15965]
Starting iteration 13.	[MsgId: MMSG-15968]
Notify: Next row for parameter seatPref = 1 [table  = seatPref].	[MsgId: MMSG-13876]
Notify: Getting new value for parameter 'seatPref': table = '..\Parameters\seatPref.dat' column = '0' row = '1'.	[MsgId: MMSG-13877]
Notify: Next row for parameter seatType = 1 [table  = seatType].	[MsgId: MMSG-13876]
Notify: Getting new value for parameter 'seatType': table = '..\Parameters\seatType.dat' column = '0' row = '1'.	[MsgId: MMSG-13877]
Notify: Next row for parameter depart = 3 [table  = depart].	[MsgId: MMSG-13876]
Notify: Getting new value for parameter 'depart': table = '..\Parameters\depart.dat' column = '0' row = '3'.	[MsgId: MMSG-13877]
Notify: Next row for parameter login = 3 [table  = login].	[MsgId: MMSG-13876]
Notify: Getting new value for parameter 'login': table = '..\Parameters\login.dat' column = '0' row = '3'.	[MsgId: MMSG-13877]
Notify: Next row for parameter password = 3 [table  = password].	[MsgId: MMSG-13876]
Notify: Getting new value for parameter 'password': table = '..\Parameters\login.dat' column = '1' row = '3'.	[MsgId: MMSG-13877]
Notify: Next row for parameter arrive = 3 [table  = arrive].	[MsgId: MMSG-13876]
Notify: Getting new value for parameter 'arrive': table = '..\Parameters\depart.dat' column = '1' row = '3'.	[MsgId: MMSG-13877]
Notify: Next row for parameter firstName = 3 [table  = firstName].	[MsgId: MMSG-13876]
Notify: Getting new value for parameter 'firstName': table = '..\Parameters\login.dat' column = '2' row = '3'.	[MsgId: MMSG-13877]
Starting action Action.	[MsgId: MMSG-15919]
Action.c(4): Notify: Transaction "05_ChooseFlight" started.	[MsgId: MMSG-16999]
Action.c(6): Notify: Transaction "loadWebTours" started.	[MsgId: MMSG-16999]
Action.c(10): web_set_sockets_option started  	[MsgId: MMSG-26355]
Action.c(10): web_set_sockets_option was successful  	[MsgId: MMSG-26392]
Action.c(12): web_add_auto_header("Sec-Fetch-Site") started  	[MsgId: MMSG-26355]
Action.c(12): web_add_auto_header("Sec-Fetch-Site") was successful  	[MsgId: MMSG-26392]
Action.c(15): web_add_auto_header("Sec-Fetch-Dest") started  	[MsgId: MMSG-26355]
Action.c(15): web_add_auto_header("Sec-Fetch-Dest") was successful  	[MsgId: MMSG-26392]
Action.c(18): web_add_auto_header("Sec-Fetch-Mode") started  	[MsgId: MMSG-26355]
Action.c(18): web_add_auto_header("Sec-Fetch-Mode") was successful  	[MsgId: MMSG-26392]
Action.c(21): web_add_auto_header("DNT") started  	[MsgId: MMSG-26355]
Action.c(21): web_add_auto_header("DNT") was successful  	[MsgId: MMSG-26392]
Action.c(24): web_add_auto_header("Sec-Fetch-User") started  	[MsgId: MMSG-26355]
Action.c(24): web_add_auto_header("Sec-Fetch-User") was successful  	[MsgId: MMSG-26392]
Action.c(27): web_add_auto_header("Upgrade-Insecure-Requests") started  	[MsgId: MMSG-26355]
Action.c(27): web_add_auto_header("Upgrade-Insecure-Requests") was successful  	[MsgId: MMSG-26392]
Action.c(36): web_reg_save_param_attrib started  	[MsgId: MMSG-26355]
Action.c(36): Registering web_reg_save_param_attrib was successful  	[MsgId: MMSG-26390]
Action.c(46): web_reg_find started  	[MsgId: MMSG-26355]
Action.c(46): Registering web_reg_find was successful  	[MsgId: MMSG-26390]
Action.c(50): web_url("WebTours") started  	[MsgId: MMSG-26355]
Action.c(50): Error -27792: Failed to connect to server "localhost:1080": [10061] Connection refused  	[MsgId: MERR-27792]
Action.c(50): Notify: Saving Parameter "userSession = ".	[MsgId: MMSG-13798]
Action.c(50): Error -35048: No match found for the requested parameter "userSession". Check whether the tag with specific attributes exists in the response data  	[MsgId: MERR-35048]
Action.c(50): Error -26366: "Text=A Session ID has been created" not found for web_reg_find  	[MsgId: MERR-26366]
Action.c(50): Error -26374: The above "not found" error(s) may be explained by header and body byte counts being 0 and 0, respectively.  	[MsgId: MERR-26374]
Action.c(50): web_url("WebTours") highest severity level was "ERROR", 0 body bytes, 0 header bytes  	[MsgId: MMSG-26388]
Action.c(50): Notify: Transaction "loadWebTours" ended with a "Fail" status (Duration: 2.0029 Wasted Time: 0.0002).	[MsgId: MMSG-16871]
Action.c(50): Notify: Transaction "loadWebTours" has 3 error message(s).	[MsgId: MMSG-16818]
Action.c(50): Notify: The 1st error message associated with transaction "loadWebTours" is "Error -27792: Failed to connect to server "localhost:1080": [10061] Connection refused"	[MsgId: MMSG-16819]
Action.c(50): Notify: The 2nd error message associated with transaction "loadWebTours" is "Error -26366: "Text=A Session ID has been created" not found for web_reg_find"	[MsgId: MMSG-16819]
Action.c(50): Notify: The 3rd error message associated with transaction "loadWebTours" is "Error -26374: The above "not found" error(s) may be explained by header and body byte counts being 0 and 0, respectively."	[MsgId: MMSG-16819]
Action.c(50): Notify: Transaction "05_ChooseFlight" ended with a "Fail" status (Duration: 2.0030 Wasted Time: 0.0002).	[MsgId: MMSG-16871]
Action.c(50): Notify: Transaction "05_ChooseFlight" has 3 error message(s).	[MsgId: MMSG-16818]
Action.c(50): Notify: The 1st error message associated with transaction "05_ChooseFlight" is "Error -27792: Failed to connect to server "localhost:1080": [10061] Connection refused"	[MsgId: MMSG-16819]
Action.c(50): Notify: The 2nd error message associated with transaction "05_ChooseFlight" is "Error -26366: "Text=A Session ID has been created" not found for web_reg_find"	[MsgId: MMSG-16819]
Action.c(50): Notify: The 3rd error message associated with transaction "05_ChooseFlight" is "Error -26374: The above "not found" error(s) may be explained by header and body byte counts being 0 and 0, respectively."	[MsgId: MMSG-16819]
Ending action Action.	[MsgId: MMSG-15918]
Ending iteration 13.	[MsgId: MMSG-15965]
Starting iteration 14.	[MsgId: MMSG-15968]
Notify: Next row for parameter seatPref = 2 [table  = seatPref].	[MsgId: MMSG-13876]
Notify: Getting new value for parameter 'seatPref': table = '..\Parameters\seatPref.dat' column = '0' row = '2'.	[MsgId: MMSG-13877]
Notify: Next row for parameter seatType = 2 [table  = seatType].	[MsgId: MMSG-13876]
Notify: Getting new value for parameter 'seatType': table = '..\Parameters\seatType.dat' column = '0' row = '2'.	[MsgId: MMSG-13877]
Notify: Next row for parameter depart = 4 [table  = depart].	[MsgId: MMSG-13876]
Notify: Getting new value for parameter 'depart': table = '..\Parameters\depart.dat' column = '0' row = '4'.	[MsgId: MMSG-13877]
Notify: Next row for parameter login = 4 [table  = login].	[MsgId: MMSG-13876]
Notify: Getting new value for parameter 'login': table = '..\Parameters\login.dat' column = '0' row = '4'.	[MsgId: MMSG-13877]
Notify: Next row for parameter password = 4 [table  = password].	[MsgId: MMSG-13876]
Notify: Getting new value for parameter 'password': table = '..\Parameters\login.dat' column = '1' row = '4'.	[MsgId: MMSG-13877]
Notify: Next row for parameter arrive = 4 [table  = arrive].	[MsgId: MMSG-13876]
Notify: Getting new value for parameter 'arrive': table = '..\Parameters\depart.dat' column = '1' row = '4'.	[MsgId: MMSG-13877]
Notify: Next row for parameter firstName = 4 [table  = firstName].	[MsgId: MMSG-13876]
Notify: Getting new value for parameter 'firstName': table = '..\Parameters\login.dat' column = '2' row = '4'.	[MsgId: MMSG-13877]
Starting action Action.	[MsgId: MMSG-15919]
Action.c(4): Notify: Transaction "05_ChooseFlight" started.	[MsgId: MMSG-16999]
Action.c(6): Notify: Transaction "loadWebTours" started.	[MsgId: MMSG-16999]
Action.c(10): web_set_sockets_option started  	[MsgId: MMSG-26355]
Action.c(10): web_set_sockets_option was successful  	[MsgId: MMSG-26392]
Action.c(12): web_add_auto_header("Sec-Fetch-Site") started  	[MsgId: MMSG-26355]
Action.c(12): web_add_auto_header("Sec-Fetch-Site") was successful  	[MsgId: MMSG-26392]
Action.c(15): web_add_auto_header("Sec-Fetch-Dest") started  	[MsgId: MMSG-26355]
Action.c(15): web_add_auto_header("Sec-Fetch-Dest") was successful  	[MsgId: MMSG-26392]
Action.c(18): web_add_auto_header("Sec-Fetch-Mode") started  	[MsgId: MMSG-26355]
Action.c(18): web_add_auto_header("Sec-Fetch-Mode") was successful  	[MsgId: MMSG-26392]
Action.c(21): web_add_auto_header("DNT") started  	[MsgId: MMSG-26355]
Action.c(21): web_add_auto_header("DNT") was successful  	[MsgId: MMSG-26392]
Action.c(24): web_add_auto_header("Sec-Fetch-User") started  	[MsgId: MMSG-26355]
Action.c(24): web_add_auto_header("Sec-Fetch-User") was successful  	[MsgId: MMSG-26392]
Action.c(27): web_add_auto_header("Upgrade-Insecure-Requests") started  	[MsgId: MMSG-26355]
Action.c(27): web_add_auto_header("Upgrade-Insecure-Requests") was successful  	[MsgId: MMSG-26392]
Action.c(36): web_reg_save_param_attrib started  	[MsgId: MMSG-26355]
Action.c(36): Registering web_reg_save_param_attrib was successful  	[MsgId: MMSG-26390]
Action.c(46): web_reg_find started  	[MsgId: MMSG-26355]
Action.c(46): Registering web_reg_find was successful  	[MsgId: MMSG-26390]
Action.c(50): web_url("WebTours") started  	[MsgId: MMSG-26355]
Action.c(50): Error -27792: Failed to connect to server "localhost:1080": [10061] Connection refused  	[MsgId: MERR-27792]
Action.c(50): Notify: Saving Parameter "userSession = ".	[MsgId: MMSG-13798]
Action.c(50): Error -35048: No match found for the requested parameter "userSession". Check whether the tag with specific attributes exists in the response data  	[MsgId: MERR-35048]
Action.c(50): Error -26366: "Text=A Session ID has been created" not found for web_reg_find  	[MsgId: MERR-26366]
Action.c(50): Error -26374: The above "not found" error(s) may be explained by header and body byte counts being 0 and 0, respectively.  	[MsgId: MERR-26374]
Action.c(50): web_url("WebTours") highest severity level was "ERROR", 0 body bytes, 0 header bytes  	[MsgId: MMSG-26388]
Action.c(50): Notify: Transaction "loadWebTours" ended with a "Fail" status (Duration: 2.0036 Wasted Time: 0.0001).	[MsgId: MMSG-16871]
Action.c(50): Notify: Transaction "loadWebTours" has 3 error message(s).	[MsgId: MMSG-16818]
Action.c(50): Notify: The 1st error message associated with transaction "loadWebTours" is "Error -27792: Failed to connect to server "localhost:1080": [10061] Connection refused"	[MsgId: MMSG-16819]
Action.c(50): Notify: The 2nd error message associated with transaction "loadWebTours" is "Error -26366: "Text=A Session ID has been created" not found for web_reg_find"	[MsgId: MMSG-16819]
Action.c(50): Notify: The 3rd error message associated with transaction "loadWebTours" is "Error -26374: The above "not found" error(s) may be explained by header and body byte counts being 0 and 0, respectively."	[MsgId: MMSG-16819]
Action.c(50): Notify: Transaction "05_ChooseFlight" ended with a "Fail" status (Duration: 2.0036 Wasted Time: 0.0001).	[MsgId: MMSG-16871]
Action.c(50): Notify: Transaction "05_ChooseFlight" has 3 error message(s).	[MsgId: MMSG-16818]
Action.c(50): Notify: The 1st error message associated with transaction "05_ChooseFlight" is "Error -27792: Failed to connect to server "localhost:1080": [10061] Connection refused"	[MsgId: MMSG-16819]
Action.c(50): Notify: The 2nd error message associated with transaction "05_ChooseFlight" is "Error -26366: "Text=A Session ID has been created" not found for web_reg_find"	[MsgId: MMSG-16819]
Action.c(50): Notify: The 3rd error message associated with transaction "05_ChooseFlight" is "Error -26374: The above "not found" error(s) may be explained by header and body byte counts being 0 and 0, respectively."	[MsgId: MMSG-16819]
Ending action Action.	[MsgId: MMSG-15918]
Ending iteration 14.	[MsgId: MMSG-15965]
Starting iteration 15.	[MsgId: MMSG-15968]
Notify: Next row for parameter seatPref = 3 [table  = seatPref].	[MsgId: MMSG-13876]
Notify: Getting new value for parameter 'seatPref': table = '..\Parameters\seatPref.dat' column = '0' row = '3'.	[MsgId: MMSG-13877]
Notify: Next row for parameter seatType = 3 [table  = seatType].	[MsgId: MMSG-13876]
Notify: Getting new value for parameter 'seatType': table = '..\Parameters\seatType.dat' column = '0' row = '3'.	[MsgId: MMSG-13877]
Notify: Next row for parameter depart = 5 [table  = depart].	[MsgId: MMSG-13876]
Notify: Getting new value for parameter 'depart': table = '..\Parameters\depart.dat' column = '0' row = '5'.	[MsgId: MMSG-13877]
Notify: Next row for parameter login = 5 [table  = login].	[MsgId: MMSG-13876]
Notify: Getting new value for parameter 'login': table = '..\Parameters\login.dat' column = '0' row = '5'.	[MsgId: MMSG-13877]
Notify: Next row for parameter password = 5 [table  = password].	[MsgId: MMSG-13876]
Notify: Getting new value for parameter 'password': table = '..\Parameters\login.dat' column = '1' row = '5'.	[MsgId: MMSG-13877]
Notify: Next row for parameter arrive = 5 [table  = arrive].	[MsgId: MMSG-13876]
Notify: Getting new value for parameter 'arrive': table = '..\Parameters\depart.dat' column = '1' row = '5'.	[MsgId: MMSG-13877]
Notify: Next row for parameter firstName = 5 [table  = firstName].	[MsgId: MMSG-13876]
Notify: Getting new value for parameter 'firstName': table = '..\Parameters\login.dat' column = '2' row = '5'.	[MsgId: MMSG-13877]
Starting action Action.	[MsgId: MMSG-15919]
Action.c(4): Notify: Transaction "05_ChooseFlight" started.	[MsgId: MMSG-16999]
Action.c(6): Notify: Transaction "loadWebTours" started.	[MsgId: MMSG-16999]
Action.c(10): web_set_sockets_option started  	[MsgId: MMSG-26355]
Action.c(10): web_set_sockets_option was successful  	[MsgId: MMSG-26392]
Action.c(12): web_add_auto_header("Sec-Fetch-Site") started  	[MsgId: MMSG-26355]
Action.c(12): web_add_auto_header("Sec-Fetch-Site") was successful  	[MsgId: MMSG-26392]
Action.c(15): web_add_auto_header("Sec-Fetch-Dest") started  	[MsgId: MMSG-26355]
Action.c(15): web_add_auto_header("Sec-Fetch-Dest") was successful  	[MsgId: MMSG-26392]
Action.c(18): web_add_auto_header("Sec-Fetch-Mode") started  	[MsgId: MMSG-26355]
Action.c(18): web_add_auto_header("Sec-Fetch-Mode") was successful  	[MsgId: MMSG-26392]
Action.c(21): web_add_auto_header("DNT") started  	[MsgId: MMSG-26355]
Action.c(21): web_add_auto_header("DNT") was successful  	[MsgId: MMSG-26392]
Action.c(24): web_add_auto_header("Sec-Fetch-User") started  	[MsgId: MMSG-26355]
Action.c(24): web_add_auto_header("Sec-Fetch-User") was successful  	[MsgId: MMSG-26392]
Action.c(27): web_add_auto_header("Upgrade-Insecure-Requests") started  	[MsgId: MMSG-26355]
Action.c(27): web_add_auto_header("Upgrade-Insecure-Requests") was successful  	[MsgId: MMSG-26392]
Action.c(36): web_reg_save_param_attrib started  	[MsgId: MMSG-26355]
Action.c(36): Registering web_reg_save_param_attrib was successful  	[MsgId: MMSG-26390]
Action.c(46): web_reg_find started  	[MsgId: MMSG-26355]
Action.c(46): Registering web_reg_find was successful  	[MsgId: MMSG-26390]
Action.c(50): web_url("WebTours") started  	[MsgId: MMSG-26355]
Action.c(50): Error -27792: Failed to connect to server "localhost:1080": [10061] Connection refused  	[MsgId: MERR-27792]
Action.c(50): Notify: Saving Parameter "userSession = ".	[MsgId: MMSG-13798]
Action.c(50): Error -35048: No match found for the requested parameter "userSession". Check whether the tag with specific attributes exists in the response data  	[MsgId: MERR-35048]
Action.c(50): Error -26366: "Text=A Session ID has been created" not found for web_reg_find  	[MsgId: MERR-26366]
Action.c(50): Error -26374: The above "not found" error(s) may be explained by header and body byte counts being 0 and 0, respectively.  	[MsgId: MERR-26374]
Action.c(50): web_url("WebTours") highest severity level was "ERROR", 0 body bytes, 0 header bytes  	[MsgId: MMSG-26388]
Action.c(50): Notify: Transaction "loadWebTours" ended with a "Fail" status (Duration: 2.0056 Wasted Time: 0.0001).	[MsgId: MMSG-16871]
Action.c(50): Notify: Transaction "loadWebTours" has 3 error message(s).	[MsgId: MMSG-16818]
Action.c(50): Notify: The 1st error message associated with transaction "loadWebTours" is "Error -27792: Failed to connect to server "localhost:1080": [10061] Connection refused"	[MsgId: MMSG-16819]
Action.c(50): Notify: The 2nd error message associated with transaction "loadWebTours" is "Error -26366: "Text=A Session ID has been created" not found for web_reg_find"	[MsgId: MMSG-16819]
Action.c(50): Notify: The 3rd error message associated with transaction "loadWebTours" is "Error -26374: The above "not found" error(s) may be explained by header and body byte counts being 0 and 0, respectively."	[MsgId: MMSG-16819]
Action.c(50): Notify: Transaction "05_ChooseFlight" ended with a "Fail" status (Duration: 2.0057 Wasted Time: 0.0001).	[MsgId: MMSG-16871]
Action.c(50): Notify: Transaction "05_ChooseFlight" has 3 error message(s).	[MsgId: MMSG-16818]
Action.c(50): Notify: The 1st error message associated with transaction "05_ChooseFlight" is "Error -27792: Failed to connect to server "localhost:1080": [10061] Connection refused"	[MsgId: MMSG-16819]
Action.c(50): Notify: The 2nd error message associated with transaction "05_ChooseFlight" is "Error -26366: "Text=A Session ID has been created" not found for web_reg_find"	[MsgId: MMSG-16819]
Action.c(50): Notify: The 3rd error message associated with transaction "05_ChooseFlight" is "Error -26374: The above "not found" error(s) may be explained by header and body byte counts being 0 and 0, respectively."	[MsgId: MMSG-16819]
Ending action Action.	[MsgId: MMSG-15918]
Ending iteration 15.	[MsgId: MMSG-15965]
Starting iteration 16.	[MsgId: MMSG-15968]
Notify: Next row for parameter seatPref = 1 [table  = seatPref].	[MsgId: MMSG-13876]
Notify: Getting new value for parameter 'seatPref': table = '..\Parameters\seatPref.dat' column = '0' row = '1'.	[MsgId: MMSG-13877]
Notify: Next row for parameter seatType = 1 [table  = seatType].	[MsgId: MMSG-13876]
Notify: Getting new value for parameter 'seatType': table = '..\Parameters\seatType.dat' column = '0' row = '1'.	[MsgId: MMSG-13877]
Notify: Next row for parameter depart = 6 [table  = depart].	[MsgId: MMSG-13876]
Notify: Getting new value for parameter 'depart': table = '..\Parameters\depart.dat' column = '0' row = '6'.	[MsgId: MMSG-13877]
Notify: Next row for parameter login = 6 [table  = login].	[MsgId: MMSG-13876]
Notify: Getting new value for parameter 'login': table = '..\Parameters\login.dat' column = '0' row = '6'.	[MsgId: MMSG-13877]
Notify: Next row for parameter password = 6 [table  = password].	[MsgId: MMSG-13876]
Notify: Getting new value for parameter 'password': table = '..\Parameters\login.dat' column = '1' row = '6'.	[MsgId: MMSG-13877]
Notify: Next row for parameter arrive = 6 [table  = arrive].	[MsgId: MMSG-13876]
Notify: Getting new value for parameter 'arrive': table = '..\Parameters\depart.dat' column = '1' row = '6'.	[MsgId: MMSG-13877]
Notify: Next row for parameter firstName = 6 [table  = firstName].	[MsgId: MMSG-13876]
Notify: Getting new value for parameter 'firstName': table = '..\Parameters\login.dat' column = '2' row = '6'.	[MsgId: MMSG-13877]
Starting action Action.	[MsgId: MMSG-15919]
Action.c(4): Notify: Transaction "05_ChooseFlight" started.	[MsgId: MMSG-16999]
Action.c(6): Notify: Transaction "loadWebTours" started.	[MsgId: MMSG-16999]
Action.c(10): web_set_sockets_option started  	[MsgId: MMSG-26355]
Action.c(10): web_set_sockets_option was successful  	[MsgId: MMSG-26392]
Action.c(12): web_add_auto_header("Sec-Fetch-Site") started  	[MsgId: MMSG-26355]
Action.c(12): web_add_auto_header("Sec-Fetch-Site") was successful  	[MsgId: MMSG-26392]
Action.c(15): web_add_auto_header("Sec-Fetch-Dest") started  	[MsgId: MMSG-26355]
Action.c(15): web_add_auto_header("Sec-Fetch-Dest") was successful  	[MsgId: MMSG-26392]
Action.c(18): web_add_auto_header("Sec-Fetch-Mode") started  	[MsgId: MMSG-26355]
Action.c(18): web_add_auto_header("Sec-Fetch-Mode") was successful  	[MsgId: MMSG-26392]
Action.c(21): web_add_auto_header("DNT") started  	[MsgId: MMSG-26355]
Action.c(21): web_add_auto_header("DNT") was successful  	[MsgId: MMSG-26392]
Action.c(24): web_add_auto_header("Sec-Fetch-User") started  	[MsgId: MMSG-26355]
Action.c(24): web_add_auto_header("Sec-Fetch-User") was successful  	[MsgId: MMSG-26392]
Action.c(27): web_add_auto_header("Upgrade-Insecure-Requests") started  	[MsgId: MMSG-26355]
Action.c(27): web_add_auto_header("Upgrade-Insecure-Requests") was successful  	[MsgId: MMSG-26392]
Action.c(36): web_reg_save_param_attrib started  	[MsgId: MMSG-26355]
Action.c(36): Registering web_reg_save_param_attrib was successful  	[MsgId: MMSG-26390]
Action.c(46): web_reg_find started  	[MsgId: MMSG-26355]
Action.c(46): Registering web_reg_find was successful  	[MsgId: MMSG-26390]
Action.c(50): web_url("WebTours") started  	[MsgId: MMSG-26355]
Action.c(50): Error -27792: Failed to connect to server "localhost:1080": [10061] Connection refused  	[MsgId: MERR-27792]
Action.c(50): Notify: Saving Parameter "userSession = ".	[MsgId: MMSG-13798]
Action.c(50): Error -35048: No match found for the requested parameter "userSession". Check whether the tag with specific attributes exists in the response data  	[MsgId: MERR-35048]
Action.c(50): Error -26366: "Text=A Session ID has been created" not found for web_reg_find  	[MsgId: MERR-26366]
Action.c(50): Error -26374: The above "not found" error(s) may be explained by header and body byte counts being 0 and 0, respectively.  	[MsgId: MERR-26374]
Action.c(50): web_url("WebTours") highest severity level was "ERROR", 0 body bytes, 0 header bytes  	[MsgId: MMSG-26388]
Action.c(50): Notify: Transaction "loadWebTours" ended with a "Fail" status (Duration: 2.0034 Wasted Time: 0.0002).	[MsgId: MMSG-16871]
Action.c(50): Notify: Transaction "loadWebTours" has 3 error message(s).	[MsgId: MMSG-16818]
Action.c(50): Notify: The 1st error message associated with transaction "loadWebTours" is "Error -27792: Failed to connect to server "localhost:1080": [10061] Connection refused"	[MsgId: MMSG-16819]
Action.c(50): Notify: The 2nd error message associated with transaction "loadWebTours" is "Error -26366: "Text=A Session ID has been created" not found for web_reg_find"	[MsgId: MMSG-16819]
Action.c(50): Notify: The 3rd error message associated with transaction "loadWebTours" is "Error -26374: The above "not found" error(s) may be explained by header and body byte counts being 0 and 0, respectively."	[MsgId: MMSG-16819]
Action.c(50): Notify: Transaction "05_ChooseFlight" ended with a "Fail" status (Duration: 2.0034 Wasted Time: 0.0002).	[MsgId: MMSG-16871]
Action.c(50): Notify: Transaction "05_ChooseFlight" has 3 error message(s).	[MsgId: MMSG-16818]
Action.c(50): Notify: The 1st error message associated with transaction "05_ChooseFlight" is "Error -27792: Failed to connect to server "localhost:1080": [10061] Connection refused"	[MsgId: MMSG-16819]
Action.c(50): Notify: The 2nd error message associated with transaction "05_ChooseFlight" is "Error -26366: "Text=A Session ID has been created" not found for web_reg_find"	[MsgId: MMSG-16819]
Action.c(50): Notify: The 3rd error message associated with transaction "05_ChooseFlight" is "Error -26374: The above "not found" error(s) may be explained by header and body byte counts being 0 and 0, respectively."	[MsgId: MMSG-16819]
Ending action Action.	[MsgId: MMSG-15918]
Ending iteration 16.	[MsgId: MMSG-15965]
Starting iteration 17.	[MsgId: MMSG-15968]
Notify: Next row for parameter seatPref = 2 [table  = seatPref].	[MsgId: MMSG-13876]
Notify: Getting new value for parameter 'seatPref': table = '..\Parameters\seatPref.dat' column = '0' row = '2'.	[MsgId: MMSG-13877]
Notify: Next row for parameter seatType = 2 [table  = seatType].	[MsgId: MMSG-13876]
Notify: Getting new value for parameter 'seatType': table = '..\Parameters\seatType.dat' column = '0' row = '2'.	[MsgId: MMSG-13877]
Notify: Next row for parameter depart = 7 [table  = depart].	[MsgId: MMSG-13876]
Notify: Getting new value for parameter 'depart': table = '..\Parameters\depart.dat' column = '0' row = '7'.	[MsgId: MMSG-13877]
Notify: Next row for parameter login = 7 [table  = login].	[MsgId: MMSG-13876]
Notify: Getting new value for parameter 'login': table = '..\Parameters\login.dat' column = '0' row = '7'.	[MsgId: MMSG-13877]
Notify: Next row for parameter password = 7 [table  = password].	[MsgId: MMSG-13876]
Notify: Getting new value for parameter 'password': table = '..\Parameters\login.dat' column = '1' row = '7'.	[MsgId: MMSG-13877]
Notify: Next row for parameter arrive = 7 [table  = arrive].	[MsgId: MMSG-13876]
Notify: Getting new value for parameter 'arrive': table = '..\Parameters\depart.dat' column = '1' row = '7'.	[MsgId: MMSG-13877]
Notify: Next row for parameter firstName = 7 [table  = firstName].	[MsgId: MMSG-13876]
Notify: Getting new value for parameter 'firstName': table = '..\Parameters\login.dat' column = '2' row = '7'.	[MsgId: MMSG-13877]
Starting action Action.	[MsgId: MMSG-15919]
Action.c(4): Notify: Transaction "05_ChooseFlight" started.	[MsgId: MMSG-16999]
Action.c(6): Notify: Transaction "loadWebTours" started.	[MsgId: MMSG-16999]
Action.c(10): web_set_sockets_option started  	[MsgId: MMSG-26355]
Action.c(10): web_set_sockets_option was successful  	[MsgId: MMSG-26392]
Action.c(12): web_add_auto_header("Sec-Fetch-Site") started  	[MsgId: MMSG-26355]
Action.c(12): web_add_auto_header("Sec-Fetch-Site") was successful  	[MsgId: MMSG-26392]
Action.c(15): web_add_auto_header("Sec-Fetch-Dest") started  	[MsgId: MMSG-26355]
Action.c(15): web_add_auto_header("Sec-Fetch-Dest") was successful  	[MsgId: MMSG-26392]
Action.c(18): web_add_auto_header("Sec-Fetch-Mode") started  	[MsgId: MMSG-26355]
Action.c(18): web_add_auto_header("Sec-Fetch-Mode") was successful  	[MsgId: MMSG-26392]
Action.c(21): web_add_auto_header("DNT") started  	[MsgId: MMSG-26355]
Action.c(21): web_add_auto_header("DNT") was successful  	[MsgId: MMSG-26392]
Action.c(24): web_add_auto_header("Sec-Fetch-User") started  	[MsgId: MMSG-26355]
Action.c(24): web_add_auto_header("Sec-Fetch-User") was successful  	[MsgId: MMSG-26392]
Action.c(27): web_add_auto_header("Upgrade-Insecure-Requests") started  	[MsgId: MMSG-26355]
Action.c(27): web_add_auto_header("Upgrade-Insecure-Requests") was successful  	[MsgId: MMSG-26392]
Action.c(36): web_reg_save_param_attrib started  	[MsgId: MMSG-26355]
Action.c(36): Registering web_reg_save_param_attrib was successful  	[MsgId: MMSG-26390]
Action.c(46): web_reg_find started  	[MsgId: MMSG-26355]
Action.c(46): Registering web_reg_find was successful  	[MsgId: MMSG-26390]
Action.c(50): web_url("WebTours") started  	[MsgId: MMSG-26355]
Action.c(50): Error -27792: Failed to connect to server "localhost:1080": [10061] Connection refused  	[MsgId: MERR-27792]
Action.c(50): Notify: Saving Parameter "userSession = ".	[MsgId: MMSG-13798]
Action.c(50): Error -35048: No match found for the requested parameter "userSession". Check whether the tag with specific attributes exists in the response data  	[MsgId: MERR-35048]
Action.c(50): Error -26366: "Text=A Session ID has been created" not found for web_reg_find  	[MsgId: MERR-26366]
Action.c(50): Error -26374: The above "not found" error(s) may be explained by header and body byte counts being 0 and 0, respectively.  	[MsgId: MERR-26374]
Action.c(50): web_url("WebTours") highest severity level was "ERROR", 0 body bytes, 0 header bytes  	[MsgId: MMSG-26388]
Action.c(50): Notify: Transaction "loadWebTours" ended with a "Fail" status (Duration: 2.0037 Wasted Time: 0.0003).	[MsgId: MMSG-16871]
Action.c(50): Notify: Transaction "loadWebTours" has 3 error message(s).	[MsgId: MMSG-16818]
Action.c(50): Notify: The 1st error message associated with transaction "loadWebTours" is "Error -27792: Failed to connect to server "localhost:1080": [10061] Connection refused"	[MsgId: MMSG-16819]
Action.c(50): Notify: The 2nd error message associated with transaction "loadWebTours" is "Error -26366: "Text=A Session ID has been created" not found for web_reg_find"	[MsgId: MMSG-16819]
Action.c(50): Notify: The 3rd error message associated with transaction "loadWebTours" is "Error -26374: The above "not found" error(s) may be explained by header and body byte counts being 0 and 0, respectively."	[MsgId: MMSG-16819]
Action.c(50): Notify: Transaction "05_ChooseFlight" ended with a "Fail" status (Duration: 2.0038 Wasted Time: 0.0003).	[MsgId: MMSG-16871]
Action.c(50): Notify: Transaction "05_ChooseFlight" has 3 error message(s).	[MsgId: MMSG-16818]
Action.c(50): Notify: The 1st error message associated with transaction "05_ChooseFlight" is "Error -27792: Failed to connect to server "localhost:1080": [10061] Connection refused"	[MsgId: MMSG-16819]
Action.c(50): Notify: The 2nd error message associated with transaction "05_ChooseFlight" is "Error -26366: "Text=A Session ID has been created" not found for web_reg_find"	[MsgId: MMSG-16819]
Action.c(50): Notify: The 3rd error message associated with transaction "05_ChooseFlight" is "Error -26374: The above "not found" error(s) may be explained by header and body byte counts being 0 and 0, respectively."	[MsgId: MMSG-16819]
Ending action Action.	[MsgId: MMSG-15918]
Action was aborted.	[MsgId: MMSG-10694]
Ending Vuser...	[MsgId: MMSG-15966]
Starting action vuser_end.	[MsgId: MMSG-15919]
Ending action vuser_end.	[MsgId: MMSG-15918]
Vuser Terminated.	[MsgId: MMSG-15963]
Vuser 0 (thread 7708), ended OK."	[MsgId: MMSG-10695]
