Action.c(323):       <hr/>\n
Action.c(323):       </TD>\n
Action.c(323):     </TR>\n
Action.c(323):     <TR>\n
Action.c(323):        <TD align="center" COLSPAN="4">\n
Action.c(323):        <b>A total of 129 scheduled flights.</font></b>\n
Action.c(323):        </TD>\n
Action.c(323):     </TR>\n
Action.c(323):     </TABLE>\n
Action.c(323):     \n
Action.c(323):     <TABLE WIDTH="87%" BORDER="0" CELLSPACING="0">\n
Action.c(323):     <TR>\n
Action.c(323):     <TD align="left" width="50%" >\n
Action.c(323):     <input type="image" name="removeFlights" src="/WebTours/images/cancelreservation.gif" bord
Action.c(323):     er="0" /></TD>\n
Action.c(323):     <TD align="right" width="50%" >\n
Action.c(323):     <input type="image" name="removeAllFlights" src="/WebTours/images/cancelallreservations.gi
Action.c(323):     f" border="0" /></TD>\n
Action.c(323):     </TABLE>\n
Action.c(323):     \n
Action.c(323):     <div><input type="hidden" name=".cgifields" value="127"  /><input type="hidden" name=".cgi
Action.c(323):     fields" value="32"  /><input type="hidden" name=".cgifields" value="90"  /><input type="hi
Action.c(323):     dden" name=".cgifields" value="118"  /><input type="hidden" name=".cgifields" value="71"  
Action.c(323):     /><input type="hidden" name=".cgifields" value="102"  /><input type="hidden" name=".cgifie
Action.c(323):     lds" value="18"  /><input type="hidden" name=".cgifields" value="125"  /><input type="hidd
Action.c(323):     en" name=".cgifields" value="16"  /><input type="hidden" name=".cgifields" value="44"  /><
Action.c(323):     input type="hidden" name=".cgifields" value="55"  /><input type="hidden" name=".cgifields"
Action.c(323):      value="84"  /><input type="hidden" name=".cgifields" value="27"  /><input type="hidden" n
Action.c(323):     ame=".cgifields" value="95"  /><input type="hidden" name=".cgifields" value="57"  /><input
Action.c(323):      type="hidden" name=".cgifields" value="20"  /><input type="hidden" name=".cgifields" valu
Action.c(323):     e="109"  /><input type="hidden" name=".cgifields" value="89"  /><input type="hidden" name=
Action.c(323):     ".cgifields" value="31"  /><input type="hidden" name=".cgifields" value="35"  /><input typ
Action.c(323):     e="hidden" name=".cgifields" value="11"  /><input type="hidden" name=".cgifields" value="7
Action.c(323):     8"  /><input type="hidden" name=".cgifields" value="93"  /><input type="hidden" name=".cgi
Action.c(323):     fields" value="106"  /><input type="hidden" name=".cgifields" value="65"  /><input type="h
Action.c(323):     idden" name=".cgifields" value="29"  /><input type="hidden" name=".cgifields" value="114" 
Action.c(323):      /><input type="hidden" name=".cgifields" value="58"  /><input type="hidden" name=".cgifie
Action.c(323):     lds" value="15"  /><input type="hidden" name=".cgifields" value="81"  /><input type="hidde
Action.c(323):     n" name=".cgifields" value="60"  /><input type="hidden" name=".cgifields" value="101"  /><
Action.c(323):     input type="hidden" name=".cgifields" value="73"  /><input type="hidden" name=".cgifields"
Action.c(323):      value="86"  /><input type="hidden" name=".cgifields" value="76"  /><input type="hidden" n
Action.c(323):     ame=".cgifields" value="62"  /><input type="hidden" name=".cgifields" value="67"  /><input
Action.c(323):      type="hidden" name=".cgifields" value="129"  /><input type="hidden" name=".cgifields" val
Action.c(323):     ue="2"  /><input type="hidden" name=".cgifields" value="17"  /><input type="hidden" name="
Action.c(323):     .cgifields" value="110"  /><input type="hidden" name=".cgifields" value="82"  /><input typ
Action.c(323):     e="hidden" name=".cgifields" value="14"  /><input type="hidden" name=".cgifields" value="1
Action.c(323):     12"  /><input type="hidden" name=".cgifields" value="69"  /><input type="hidden" name=".cg
Action.c(323):     ifields" value="49"  /><input type="hidden" name=".cgifields" value="24"  /><input type="h
Action.c(323):     idden" name=".cgifields" value="124"  /><input type="hidden" name=".cgifields" value="104"
Action.c(323):       /><input type="hidden" name=".cgifields" value="121"  /><input type="hidden" name=".cgif
Action.c(323):     ields" value="79"  /><input type="hidden" name=".cgifields" value="23"  /><input type="hid
Action.c(323):     den" name=".cgifields" value="96"  /><input type="hidden" name=".cgifields" value="126"  /
Action.c(323):     ><input type="hidden" name=".cgifields" value="47"  /><input type="hidden" name=".cgifield
Action.c(323):     s" value="8"  /><input type="hidden" name=".cgifields" value="98"  /><input type="hidden" 
Action.c(323):     name=".cgifields" value="37"  /><input type="hidden" name=".cgifields" value="117"  /><inp
Action.c(323):     ut type="hidden" name=".cgifields" value="43"  /><input type="hidden" name=".cgifields" va
Action.c(323):     lue="5"  /><input type="hidden" name=".cgifields" value="33"  /><input type="hidden" name=
Action.c(323):     ".cgifields" value="21"  /><input type="hidden" name=".cgifields" value="63"  /><input typ
Action.c(323):     e="hidden" name=".cgifields" value="7"  /><input type="hidden" name=".cgifields" value="26
Action.c(323):     "  /><input type="hidden" name=".cgifields" value="80"  /><input type="hidden" name=".cgif
Action.c(323):     ields" value="119"  /><input type="hidden" name=".cgifields" value="99"  /><input type="hi
Action.c(323):     dden" name=".cgifields" value="72"  /><input type="hidden" name=".cgifields" value="74"  /
Action.c(323):     ><input type="hidden" name=".cgifields" value="61"  /><input type="hidden" name=".cgifield
Action.c(323):     s" value="108"  /><input type="hidden" name=".cgifields" value="115"  /><input type="hidde
Action.c(323):     n" name=".cgifields" value="92"  /><input type="hidden" name=".cgifields" value="103"  /><
Action.c(323):     input type="hidden" name=".cgifields" value="10"  /><input type="hidden" name=".cgifields"
Action.c(323):      value="113"  /><input type="hidden" name=".cgifields" value="91"  /><input type="hidden" 
Action.c(323):     name=".cgifields" value="48"  /><input type="hidden" name=".cgifields" value="107"  /><inp
Action.c(323):     ut type="hidden" name=".cgifields" value="87"  /><input type="hidden" name=".cgifields" va
Action.c(323):     lue="77"  /><input type="hidden" name=".cgifields" value="123"  /><input type="hidden" nam
Action.c(323):     e=".cgifields" value="50"  /><input type="hidden" name=".cgifields" value="39"  /><input t
Action.c(323):     ype="hidden" name=".cgifields" value="64"  /><input type="hidden" name=".cgifields" value=
Action.c(323):     "97"  /><input type="hidden" name=".cgifields" value="12"  /><input type="hidden" name=".c
Action.c(323):     gifields" value="41"  /><input type="hidden" name=".cgifields" value="52"  /><input type="
Action.c(323):     hidden" name=".cgifields" value="56"  /><input type="hidden" name=".cgifields" value="45" 
Action.c(323):      /><input type="hidden" name=".cgifields" value="66"  /><input type="hidden" name=".cgifie
Action.c(323):     lds" value="19"  /><input type="hidden" name=".cgifields" value="54"  /><input type="hidde
Action.c(323):     n" name=".cgifields" value="70"  /><input type="hidden" name=".cgifields" value="68"  /><i
Action.c(323):     nput type="hidden" name=".cgifields" value="1"  /><input type="hidden" name=".cgifields" v
Action.c(323):     alue="88"  /><input type="hidden" name=".cgifields" value="116"  /><input type="hidden" na
Action.c(323):     me=".cgifields" value="30"  /><input type="hidden" name=".cgifields" value="100"  /><input
Action.c(323):      type="hidden" name=".cgifields" value="25"  /><input type="hidden" name=".cgifields" valu
Action.c(323):     e="128"  /><input type="hidden" name=".cgifields" value="28"  /><input type="hidden" name=
Action.c(323):     ".cgifields" value="120"  /><input type="hidden" name=".cgifields" value="40"  /><input ty
Action.c(323):     pe="hidden" name=".cgifields" value="75"  /><input type="hidden" name=".cgifields" value="
Action.c(323):     83"  /><input type="hidden" name=".cgifields" value="59"  /><input type="hidden" name=".cg
Action.c(323):     ifields" value="53"  /><input type="hidden" name=".cgifields" value="122"  /><input type="
Action.c(323):     hidden" name=".cgifields" value="42"  /><input type="hidden" name=".cgifields" value="22" 
Action.c(323):      /><input type="hidden" name=".cgifields" value="46"  /><input type="hidden" name=".cgifie
Action.c(323):     lds" value="13"  /><input type="hidden" name=".cgifields" value="105"  /><input type="hidd
Action.c(323):     en" name=".cgifields" value="6"  /><input type="hidden" name=".cgifields" value="85"  /><i
Action.c(323):     nput type="hidden" name=".cgifields" value="36"  /><input type="hidden" name=".cgifields" 
Action.c(323):     value="3"  /><input type="hidden" name=".cgifields" value="94"  /><input type="hidden" nam
Action.c(323):     e=".cgifields" value="51"  /><input type="hidden" name=".cgifields" value="9"  /><input ty
Action.c(323):     pe="hidden" name=".cgifields" value="111"  /><input type="hidden" name=".cgifields" value=
Action.c(323):     "38"  /><input type="hidden" name=".cgifields" value="4"  /><input type="hidden" name=".cg
Action.c(323):     ifields" value="34"  /></div></form>\n
Action.c(323):     \n
Action.c(323):     </center>\n
Action.c(323):     \n
Action.c(323):     </body>\n
Action.c(323):     </html>
Action.c(323): Found resource "http://localhost:1080/WebTours/images/cancelreservation.gif" in HTML "http://localhost:1080/cgi-bin/itinerary.pl"  	[MsgId: MMSG-26659]
Action.c(323): Found resource "http://localhost:1080/WebTours/images/cancelallreservations.gif" in HTML "http://localhost:1080/cgi-bin/itinerary.pl"  	[MsgId: MMSG-26659]
Action.c(323): t=6944347ms: 298-byte response headers for "http://localhost:1080/WebTours/images/cancelallreservations.gif" (RelFrameId=, Internal ID=473)
Action.c(323):     HTTP/1.1 200 OK\r\n
Action.c(323):     Date: Sat, 26 Sep 2020 19:09:53 GMT\r\n
Action.c(323):     Server: Apache/2.2.21 (Win32)\r\n
Action.c(323):     Last-Modified: Thu, 12 Jan 2012 13:30:27 GMT\r\n
Action.c(323):     ETag: "2500000004b463-2e6-4b654c052c2c0"\r\n
Action.c(323):     Accept-Ranges: bytes\r\n
Action.c(323):     Content-Length: 742\r\n
Action.c(323):     Keep-Alive: timeout=5, max=99\r\n
Action.c(323):     Connection: Keep-Alive\r\n
Action.c(323):     Content-Type: image/gif\r\n
Action.c(323):     \r\n
Action.c(323): t=6944347ms: 742-byte response body for "http://localhost:1080/WebTours/images/cancelallreservations.gif" (RelFrameId=, Internal ID=473)
Action.c(323): t=6944347ms: 298-byte response headers for "http://localhost:1080/WebTours/images/cancelreservation.gif" (RelFrameId=, Internal ID=472)
Action.c(323):     HTTP/1.1 200 OK\r\n
Action.c(323):     Date: Sat, 26 Sep 2020 19:09:53 GMT\r\n
Action.c(323):     Server: Apache/2.2.21 (Win32)\r\n
Action.c(323):     Last-Modified: Thu, 12 Jan 2012 13:30:27 GMT\r\n
Action.c(323):     ETag: "1f00000004b467-33f-4b654c052c2c0"\r\n
Action.c(323):     Accept-Ranges: bytes\r\n
Action.c(323):     Content-Length: 831\r\n
Action.c(323):     Keep-Alive: timeout=5, max=95\r\n
Action.c(323):     Connection: Keep-Alive\r\n
Action.c(323):     Content-Type: image/gif\r\n
Action.c(323):     \r\n
Action.c(323): t=6944347ms: 831-byte response body for "http://localhost:1080/WebTours/images/cancelreservation.gif" (RelFrameId=, Internal ID=472)
Action.c(323): Registered web_reg_find successful for "Text=User wants the intineraries" (count=1)  	[MsgId: MMSG-26364]
Action.c(323): web_url("Itinerary Button") was successful, 164440 body bytes, 1621 header bytes, 339 chunking overhead bytes  	[MsgId: MMSG-26385]
Action.c(333): Notify: Transaction "click_itinerary" ended with a "Pass" status (Duration: 5.1940 Think Time: 4.9999 Wasted Time: 0.0003).	[MsgId: MMSG-16870]
Action.c(335): Notify: Transaction "logout" started.	[MsgId: MMSG-16999]
Action.c(337): web_add_header("Sec-Fetch-User") started  	[MsgId: MMSG-26355]
Action.c(337): web_add_header("Sec-Fetch-User") was successful  	[MsgId: MMSG-26392]
Action.c(340): web_add_header("Upgrade-Insecure-Requests") started  	[MsgId: MMSG-26355]
Action.c(340): web_add_header("Upgrade-Insecure-Requests") was successful  	[MsgId: MMSG-26392]
Action.c(343): Think time - Waiting 5.00 seconds (according to limit).	[MsgId: MMSG-15946]
Action.c(343): lr_think_time: 5.00 seconds (recorded think time was 34.00 seconds).	[MsgId: MMSG-15947]
Action.c(345): web_reg_find started  	[MsgId: MMSG-26355]
Action.c(345): Registering web_reg_find was successful  	[MsgId: MMSG-26390]
Action.c(349): web_url("SignOff Button") started  	[MsgId: MMSG-26355]
Action.c(349): t=6949391ms: 328-byte response headers for "http://localhost:1080/cgi-bin/welcome.pl?signOff=1" (RelFrameId=1, Internal ID=474)
Action.c(349):     HTTP/1.1 200 OK\r\n
Action.c(349):     Date: Sat, 26 Sep 2020 19:09:58 GMT\r\n
Action.c(349):     Server: Apache/2.2.21 (Win32)\r\n
Action.c(349):     Set-Cookie: MSO=SID&1601147398; path=/\r\n
Action.c(349):     Set-Cookie: MTUserInfo=; path=/; expires=Fri, 25-Sep-2020 19:09:58 GMT\r\n
Action.c(349):     Keep-Alive: timeout=5, max=100\r\n
Action.c(349):     Connection: Keep-Alive\r\n
Action.c(349):     Transfer-Encoding: chunked\r\n
Action.c(349):     Content-Type: text/html; charset=ISO-8859-1\r\n
Action.c(349):     \r\n
Action.c(349): t=6949391ms: 5-byte chunked response overhead for "http://localhost:1080/cgi-bin/welcome.pl?signOff=1" (RelFrameId=1, Internal ID=474)
Action.c(349):     2ae\r\n
Action.c(349): t=6949391ms: 2-byte chunked response overhead for "http://localhost:1080/cgi-bin/welcome.pl?signOff=1" (RelFrameId=1, Internal ID=474)
Action.c(349):     \r\n
Action.c(349): t=6949391ms: 686-byte chunked response body for "http://localhost:1080/cgi-bin/welcome.pl?signOff=1" (RelFrameId=1, Internal ID=474)
Action.c(349):     <!-- \n
Action.c(349):      A Session ID has been created and loaded into a cookie called MSO.\n
Action.c(349):      Also, the server options have been loaded into the cookie called\n
Action.c(349):      MSO as well.  The server options can be set via the Admin page.\n
Action.c(349):      --->\n
Action.c(349):     \n
Action.c(349):     <html>\n
Action.c(349):     <title>Web Tours</title>\n
Action.c(349):        <!-- Frame Set -->\n
Action.c(349):        <frameset cols="160,*" border="1" frameborder="1">\n
Action.c(349):           <!-- Navigation Frame -->\n
Action.c(349):           <frame src="nav.pl?in=home" name="navbar" marginheight="2" marginwidth="2" \n
Action.c(349):                 noresize="noresize" scrolling="auto"/>\n
Action.c(349):           <!-- Home Frame -->\n
Action.c(349):           <frame src="/WebTours/home.html" name="info" marginheight="2" marginwidth="2" \n
Action.c(349):                 noresize="noresize" scrolling="auto"/>\n
Action.c(349):        </frameset>\n
Action.c(349):     </html>\n
Action.c(349):     \n
Action.c(349):     </body>\n
Action.c(349):     </html>
Action.c(349): Detected non-resource "http://localhost:1080/cgi-bin/nav.pl?in=home" in "http://localhost:1080/cgi-bin/welcome.pl?signOff=1"  	[MsgId: MMSG-26574]
Action.c(349): Detected non-resource "http://localhost:1080/WebTours/home.html" in "http://localhost:1080/cgi-bin/welcome.pl?signOff=1"  	[MsgId: MMSG-26574]
Action.c(349): Retrieving data from cache for "http://localhost:1080/WebTours/home.html"  	[MsgId: MMSG-26558]
Action.c(349): t=6949392ms: 1361-byte response body retrieved from cache for "http://localhost:1080/WebTours/home.html" (RelFrameId=1.2, Internal ID=476)
Action.c(349):     <HTML>\n
Action.c(349):     <HEAD>\n
Action.c(349):     \t<title>Web Tours</title>\n
Action.c(349):     </HEAD>\n
Action.c(349):     <style>\n
Action.c(349):     \tblockquote {font-family: tahoma; font-size : 10pt}\n
Action.c(349):     \tH1 {font-family: tahoma; font-size : 22pt; color: #003366}\n
Action.c(349):     \tsmall {font-family: tahoma; font-size : 8pt}\n
Action.c(349):     \tH3{font-family: tahoma; font-size : 10pt; color: black}\n
Action.c(349):     \tA {FONT-WEIGHT: bold; FONT-SIZE: 10pt; COLOR: black; FONT-FAMILY: Tahoma; TEXT-DECORATIO
Action.c(349):     N: none}\n
Action.c(349):     \tA:hover{ FONT-WEIGHT: bold; FONT-SIZE: 10pt; COLOR: #993333; FONT-FAMILY: Tahoma;TEXT-DE
Action.c(349):     CORATION: underline}\n
Action.c(349):     \tTD {font-family: tahoma; font-size : 10pt; color: black}\n
Action.c(349):     </style>\n
Action.c(349):     <body bgcolor="#e0e7f1">\n
Action.c(349):     <BR/>\n
Action.c(349):     <BR/>\n
Action.c(349):     <BR/>\n
Action.c(349):     <br/>\n
Action.c(349):     <table border="0">\n
Action.c(349):     <tr><td></td></tr>\n
Action.c(349):     <TR><TD></TD></TR>\n
Action.c(349):     <TR><TD>\n
Action.c(349):     <blockquote>\n
Action.c(349):     <H1><b>Web Tours</b></H1>\n
Action.c(349):     Welcome to the Web Tours site.\n
Action.c(349):     <br/>\n
Action.c(349):     To make reservations,please enter your account information to the left.\n
Action.c(349):     <br/>\n
Action.c(349):     If you haven't registered yet, <A href="/cgi-bin/login.pl?username=&amp;password=&amp;getI
Action.c(349):     nfo=true" ><B>sign up now</B></A> to get access to all our resources.\n
Action.c(349):     <br/>\n
Action.c(349):     To configure the server options, use <A href="/cgi-bin/admin.pl" target="body" ><b>adminis
Action.c(349):     tration</b></A> link.\n
Action.c(349):     <br/><br/><br/><br/><br/><br/>\n
Action.c(349):     <br/><small>\n
Action.c(349):     This product uses parts of the SMT Kernel, Copyright (c) 1991-99 <A href="http://www.imati
Action.c(349):     x.com" target="new"><B><small>iMatix Corporation</small></B></A> \n
Action.c(349):     </small>\n
Action.c(349):     </blockquote></TD>\n
Action.c(349):     <TD></TD></TR>\n
Action.c(349):     </table>\n
Action.c(349):     </body>\n
Action.c(349):     </HTML>\n
Action.c(349): t=6949393ms: 5-byte chunked response overhead for "http://localhost:1080/cgi-bin/welcome.pl?signOff=1" (RelFrameId=1, Internal ID=474)
Action.c(349):     0\r\n
Action.c(349):     \r\n
Action.c(349): t=6949432ms: 256-byte response headers for "http://localhost:1080/cgi-bin/nav.pl?in=home" (RelFrameId=1.1, Internal ID=475)
Action.c(349):     HTTP/1.1 200 OK\r\n
Action.c(349):     Date: Sat, 26 Sep 2020 19:09:58 GMT\r\n
Action.c(349):     Server: Apache/2.2.21 (Win32)\r\n
Action.c(349):     Expires: Fri, 25 Sep 2020 19:09:58 GMT\r\n
Action.c(349):     Keep-Alive: timeout=5, max=100\r\n
Action.c(349):     Connection: Keep-Alive\r\n
Action.c(349):     Transfer-Encoding: chunked\r\n
Action.c(349):     Content-Type: text/html; charset=ISO-8859-1\r\n
Action.c(349):     \r\n
Action.c(349): t=6949433ms: 5-byte chunked response overhead for "http://localhost:1080/cgi-bin/nav.pl?in=home" (RelFrameId=1.1, Internal ID=475)
Action.c(349):     5d1\r\n
Action.c(349): t=6949433ms: 2-byte chunked response overhead for "http://localhost:1080/cgi-bin/nav.pl?in=home" (RelFrameId=1.1, Internal ID=475)
Action.c(349):     \r\n
Action.c(349): t=6949433ms: 1489-byte chunked response body for "http://localhost:1080/cgi-bin/nav.pl?in=home" (RelFrameId=1.1, Internal ID=475)
Action.c(349):     <!DOCTYPE html\n
Action.c(349):     \tPUBLIC "-//W3C//DTD XHTML 1.0 Transitional//EN"\n
Action.c(349):     \t "http://www.w3.org/TR/xhtml1/DTD/xhtml1-transitional.dtd">\n
Action.c(349):     <html xmlns="http://www.w3.org/1999/xhtml" lang="en-US" xml:lang="en-US">\n
Action.c(349):     <head>\n
Action.c(349):     <title>Web Tours Navigation Bar</title>\n
Action.c(349):     <meta http-equiv="Content-Type" content="text/html; charset=iso-8859-1" />\n
Action.c(349):     </head>\n
Action.c(349):     <body bgcolor="#E0E7F1">\n
Action.c(349):     <style>\n
Action.c(349):     blockquote {font-family: tahoma; font-size : 10pt}\n
Action.c(349):     H1 {font-family: tahoma; font-size : 22pt; color: #993333}\n
Action.c(349):     H3 {font-family: tahoma; font-size : 10pt; color: black}\n
Action.c(349):     small {font-family: tahoma; font-size : 8pt}\n
Action.c(349):     </style>\n
Action.c(349):     <form method="post" action="/cgi-bin/login.pl" target="body">\n
Action.c(349):     <input type="hidden" name="userSession" value="129700.072742001zzHVttHptQVzzzzHtAAcipzitQf
Action.c(349):     "/>\n
Action.c(349):     <table border="0"><tr><td>&nbsp;</td>\n
Action.c(349):     <td>&nbsp;</td></tr>\n
Action.c(349):     <tr><td>&nbsp;</td>\n
Action.c(349):     <td>&nbsp;</td></tr>\n
Action.c(349):     <tr><td>&nbsp;</td>\n
Action.c(349):     <td><small>&nbsp;Username</small></td></tr>\n
Action.c(349):     <tr><td>&nbsp;</td>\n
Action.c(349):     <td><input type="text" name="username" value="" size="14" maxlength="14"/></td></tr>\n
Action.c(349):     <tr><td>&nbsp;</td>\n
Action.c(349):     <td><small>&nbsp;Password</small></td>\n
Action.c(349):     <tr><td>&nbsp;</td>\n
Action.c(349):     <td><input type="password" name="password" value="" size="14" maxlength="14"/></td></tr>\n
Action.c(349):     <tr><td>&nbsp;</td>\n
Action.c(349):     <td>&nbsp;</td></tr>\n
Action.c(349):     <tr><td>&nbsp;</td>\n
Action.c(349):     <td><input type="image" name="login" value="Login" alt="Login" border="1" \n
Action.c(349):     src="/WebTours/images/mer_login.gif"/></td></tr>\n
Action.c(349):     <tr><td>&nbsp;</td><td>&nbsp;</td></tr>\n
Action.c(349):     </table><input type="hidden" name="JSFormSubmit" value="off"/>\n
Action.c(349):     </form>\n
Action.c(349):     \n
Action.c(349):     </body>\n
Action.c(349):     </html>\n
Action.c(349): Resource "http://localhost:1080/WebTours/images/mer_login.gif" is in the cache already and will not be downloaded again  	[MsgId: MMSG-26655]
Action.c(349): t=6949435ms: 5-byte chunked response overhead for "http://localhost:1080/cgi-bin/nav.pl?in=home" (RelFrameId=1.1, Internal ID=475)
Action.c(349):     0\r\n
Action.c(349):     \r\n
Action.c(349): Registered web_reg_find successful for "Text=A Session ID has been created" (count=1)  	[MsgId: MMSG-26364]
Action.c(349): web_url("SignOff Button") was successful, 2175 body bytes, 584 header bytes, 24 chunking overhead bytes  	[MsgId: MMSG-26385]
Action.c(359): Notify: Transaction "logout" ended with a "Pass" status (Duration: 5.0879 Think Time: 5.0011 Wasted Time: 0.0000).	[MsgId: MMSG-16870]
Action.c(361): Notify: Transaction "01_BuyTicketsCheckItinerary" ended with a "Pass" status (Duration: 35.7239 Think Time: 35.0031 Wasted Time: 0.0021).	[MsgId: MMSG-16870]
Ending action Action.	[MsgId: MMSG-15918]
Action was aborted.	[MsgId: MMSG-10694]
Ending Vuser...	[MsgId: MMSG-15966]
Starting action vuser_end.	[MsgId: MMSG-15919]
Ending action vuser_end.	[MsgId: MMSG-15918]
Vuser Terminated.	[MsgId: MMSG-15963]
Vuser 9 (thread 6652), ended OK."	[MsgId: MMSG-10695]
